2022-02-16 17:11:17,364:DEBUG:Starting new HTTPS connection (1): uno.ma:443
2022-02-16 17:11:18,375:DEBUG:https://uno.ma:443 "GET /iphone-maroc/iphone-11-pro-max-maroc/?limit=100 HTTP/1.1" 200 None
2022-02-16 17:11:18,872:DEBUG:Starting new HTTPS connection (1): uno.ma:443
2022-02-16 17:11:19,482:DEBUG:https://uno.ma:443 "GET /apple-iphone-11-pro-max-64-go-gris-sideral-neuf-1-an-de-garantie-maroc HTTP/1.1" 200 None
2022-02-16 17:11:24,543:DEBUG:Starting new HTTPS connection (1): uno.ma:443
2022-02-16 17:11:25,262:DEBUG:https://uno.ma:443 "GET /apple-iphone-11-pro-max-64-go-vert-nuit-neuf-1-an-de-garantie-maroc HTTP/1.1" 200 None
2022-02-16 17:11:35,320:DEBUG:Starting new HTTPS connection (1): uno.ma:443
2022-02-16 17:11:37,029:DEBUG:https://uno.ma:443 "GET /iphone-maroc/iphone-11-pro-maroc/?limit=100 HTTP/1.1" 200 None
2022-02-16 17:11:37,280:DEBUG:Starting new HTTPS connection (1): uno.ma:443
2022-02-16 17:11:38,316:DEBUG:https://uno.ma:443 "GET /apple-iphone-11-pro-64-go-or-neuf-1-an-de-garantie-maroc HTTP/1.1" 200 None
2022-02-16 17:11:43,416:DEBUG:Starting new HTTPS connection (1): uno.ma:443
2022-02-16 17:11:44,310:DEBUG:https://uno.ma:443 "GET /apple-iphone-11-pro-64-go-vert-nuit-neuf-1-an-de-garantie-maroc HTTP/1.1" 200 None
2022-02-16 17:11:48,380:DEBUG:Starting new HTTPS connection (1): uno.ma:443
2022-02-16 17:11:51,696:DEBUG:https://uno.ma:443 "GET /apple-iphone-11-pro-64-go-argent-neuf-1-an-de-garantie-maroc HTTP/1.1" 200 None
2022-02-16 17:11:57,908:DEBUG:Starting new HTTPS connection (1): uno.ma:443
2022-02-16 17:11:58,333:DEBUG:https://uno.ma:443 "GET /apple-iphone-11-pro-256-go-or-neuf-1-an-de-garantie-maroc HTTP/1.1" 200 None
2022-02-16 17:12:10,409:DEBUG:Starting new HTTPS connection (1): uno.ma:443
2022-02-16 17:12:11,556:DEBUG:https://uno.ma:443 "GET /iphone-maroc/iphone-11-maroc/?limit=100 HTTP/1.1" 200 None
2022-02-16 17:12:11,727:DEBUG:Starting new HTTPS connection (1): uno.ma:443
2022-02-16 17:12:13,175:DEBUG:https://uno.ma:443 "GET /apple-iphone-11-64-go-noir-neuf-1-an-de-garantie-maroc HTTP/1.1" 200 None
2022-02-16 17:12:17,245:DEBUG:Starting new HTTPS connection (1): uno.ma:443
2022-02-16 17:12:18,784:DEBUG:https://uno.ma:443 "GET /apple-iphone-11-128-go-noir-neuf-1-an-de-garantie-maroc HTTP/1.1" 200 None
2022-02-16 17:12:23,867:DEBUG:Starting new HTTPS connection (1): uno.ma:443
2022-02-16 17:12:25,143:DEBUG:https://uno.ma:443 "GET /apple-iphone-11-256-go-vert-neuf-1-an-de-garantie-maroc HTTP/1.1" 200 None
2022-02-16 17:12:29,214:DEBUG:Starting new HTTPS connection (1): uno.ma:443
2022-02-16 17:12:30,182:DEBUG:https://uno.ma:443 "GET /apple-iphone-11-256-go-jaune-neuf-1-an-de-garantie-maroc HTTP/1.1" 200 None
2022-02-16 17:12:42,254:DEBUG:Starting new HTTPS connection (1): uno.ma:443
2022-02-16 17:12:43,392:DEBUG:https://uno.ma:443 "GET /iphone-maroc/iphone-12-pro-max-maroc/?limit=100 HTTP/1.1" 200 None
2022-02-16 17:12:43,458:DEBUG:Starting new HTTPS connection (1): uno.ma:443
2022-02-16 17:12:44,162:DEBUG:https://uno.ma:443 "GET /apple-iphone-12-pro-max-512-or-maroc HTTP/1.1" 200 None
2022-02-16 17:12:50,254:DEBUG:Starting new HTTPS connection (1): uno.ma:443
2022-02-16 17:12:50,674:DEBUG:https://uno.ma:443 "GET /apple-iphone-12-pro-max-256-argent-maroc HTTP/1.1" 200 None
2022-02-16 17:12:56,880:DEBUG:Starting new HTTPS connection (1): uno.ma:443
2022-02-16 17:12:57,522:DEBUG:https://uno.ma:443 "GET /apple-iphone-12-pro-max-128-graphite-maroc HTTP/1.1" 200 None
2022-02-16 17:13:02,581:DEBUG:Starting new HTTPS connection (1): uno.ma:443
2022-02-16 17:13:03,165:DEBUG:https://uno.ma:443 "GET /apple-iphone-12-pro-max-256-graphite-maroc HTTP/1.1" 200 None
2022-02-16 17:13:09,235:DEBUG:Starting new HTTPS connection (1): uno.ma:443
2022-02-16 17:13:10,135:DEBUG:https://uno.ma:443 "GET /apple-iphone-12-pro-max-512-graphite-maroc HTTP/1.1" 200 None
2022-02-16 17:13:16,204:DEBUG:Starting new HTTPS connection (1): uno.ma:443
2022-02-16 17:13:17,305:DEBUG:https://uno.ma:443 "GET /apple-iphone-12-pro-max-128-bleu-pacifique-maroc HTTP/1.1" 200 None
2022-02-16 17:13:24,386:DEBUG:Starting new HTTPS connection (1): uno.ma:443
2022-02-16 17:13:24,773:DEBUG:https://uno.ma:443 "GET /apple-iphone-12-pro-max-256-bleu-pacifique-maroc HTTP/1.1" 200 None
2022-02-16 17:13:31,851:DEBUG:Starting new HTTPS connection (1): uno.ma:443
2022-02-16 17:13:32,792:DEBUG:https://uno.ma:443 "GET /apple-iphone-12-pro-max-512-bleu-pacifique-maroc HTTP/1.1" 200 None
2022-02-16 17:13:39,874:DEBUG:Starting new HTTPS connection (1): uno.ma:443
2022-02-16 17:13:40,320:DEBUG:https://uno.ma:443 "GET /apple-iphone-12-pro-max-256-or-maroc HTTP/1.1" 200 None
2022-02-16 17:13:46,401:DEBUG:Starting new HTTPS connection (1): uno.ma:443
2022-02-16 17:13:46,793:DEBUG:https://uno.ma:443 "GET /apple-iphone-12-pro-max-512-argent-maroc HTTP/1.1" 200 None
2022-02-16 17:13:59,884:DEBUG:Starting new HTTPS connection (1): uno.ma:443
2022-02-16 17:14:00,880:DEBUG:https://uno.ma:443 "GET /iphone-maroc/iphone-12-pro-maroc/?limit=100 HTTP/1.1" 200 None
2022-02-16 17:14:01,154:DEBUG:Starting new HTTPS connection (1): uno.ma:443
2022-02-16 17:14:01,602:DEBUG:https://uno.ma:443 "GET /apple-iphone-12-pro-128-or-maroc HTTP/1.1" 200 None
2022-02-16 17:14:08,000:DEBUG:Starting new HTTPS connection (1): uno.ma:443
2022-02-16 17:14:08,460:DEBUG:https://uno.ma:443 "GET /apple-iphone-12-pro-512-or-maroc-2814 HTTP/1.1" 200 None
2022-02-16 17:14:12,597:DEBUG:Starting new HTTPS connection (1): uno.ma:443
2022-02-16 17:14:13,051:DEBUG:https://uno.ma:443 "GET /apple-iphone-12-pro-128-argent-maroc HTTP/1.1" 200 None
2022-02-16 17:14:19,202:DEBUG:Starting new HTTPS connection (1): uno.ma:443
2022-02-16 17:14:19,653:DEBUG:https://uno.ma:443 "GET /apple-iphone-12-pro-512-argent-maroc HTTP/1.1" 200 None
2022-02-16 17:14:26,734:DEBUG:Starting new HTTPS connection (1): uno.ma:443
2022-02-16 17:14:27,418:DEBUG:https://uno.ma:443 "GET /apple-iphone-12-pro-128-bleu-pacifique-maroc HTTP/1.1" 200 None
2022-02-16 17:14:34,507:DEBUG:Starting new HTTPS connection (1): uno.ma:443
2022-02-16 17:14:36,887:DEBUG:https://uno.ma:443 "GET /apple-iphone-12-pro-512-bleu-pacifique-maroc HTTP/1.1" 200 None
2022-02-16 17:14:44,127:DEBUG:Starting new HTTPS connection (1): uno.ma:443
2022-02-16 17:14:44,884:DEBUG:https://uno.ma:443 "GET /apple-iphone-12-pro-128-graphite-maroc HTTP/1.1" 200 None
2022-02-16 17:14:51,009:DEBUG:Starting new HTTPS connection (1): uno.ma:443
2022-02-16 17:14:52,367:DEBUG:https://uno.ma:443 "GET /apple-iphone-12-pro-512-graphite-maroc HTTP/1.1" 200 None
2022-02-16 17:15:01,477:DEBUG:Starting new HTTPS connection (1): uno.ma:443
2022-02-16 17:15:02,471:DEBUG:https://uno.ma:443 "GET /iphone-maroc/iphone-12-maroc/?limit=100 HTTP/1.1" 200 None
2022-02-16 17:15:02,673:DEBUG:Starting new HTTPS connection (1): uno.ma:443
2022-02-16 17:15:03,114:DEBUG:https://uno.ma:443 "GET /apple-iphone-12-64-gb-violet-neuf-1-an-de-garantie-maroc HTTP/1.1" 200 None
2022-02-16 17:15:08,187:DEBUG:Starting new HTTPS connection (1): uno.ma:443
2022-02-16 17:15:08,745:DEBUG:https://uno.ma:443 "GET /apple-iphone-12-64-bleu-maroc HTTP/1.1" 200 None
2022-02-16 17:15:13,839:DEBUG:Starting new HTTPS connection (1): uno.ma:443
2022-02-16 17:15:16,530:DEBUG:https://uno.ma:443 "GET /apple-iphone-12-128-bleu-maroc HTTP/1.1" 200 None
2022-02-16 17:15:21,723:DEBUG:Starting new HTTPS connection (1): uno.ma:443
2022-02-16 17:15:22,182:DEBUG:https://uno.ma:443 "GET /apple-iphone-12-64-rouge-maroc HTTP/1.1" 200 None
2022-02-16 17:15:28,252:DEBUG:Starting new HTTPS connection (1): uno.ma:443
2022-02-16 17:15:28,827:DEBUG:https://uno.ma:443 "GET /apple-iphone-12-64-vert-maroc HTTP/1.1" 200 None
2022-02-16 17:15:35,929:DEBUG:Starting new HTTPS connection (1): uno.ma:443
2022-02-16 17:15:39,036:DEBUG:https://uno.ma:443 "GET /apple-iphone-12-64-noir-maroc HTTP/1.1" 200 None
2022-02-16 17:15:46,108:DEBUG:Starting new HTTPS connection (1): uno.ma:443
2022-02-16 17:15:46,532:DEBUG:https://uno.ma:443 "GET /apple-iphone-12-64-blanc-maroc HTTP/1.1" 200 None
2022-02-16 17:15:53,611:DEBUG:Starting new HTTPS connection (1): uno.ma:443
2022-02-16 17:15:54,277:DEBUG:https://uno.ma:443 "GET /apple-iphone-12-128-blanc-maroc HTTP/1.1" 200 None
2022-02-16 17:15:59,333:DEBUG:Starting new HTTPS connection (1): uno.ma:443
2022-02-16 17:15:59,893:DEBUG:https://uno.ma:443 "GET /apple-iphone-12-128-gb-violet-neuf-1-an-de-garantie-maroc HTTP/1.1" 200 None
2022-02-16 17:16:06,949:DEBUG:Starting new HTTPS connection (1): uno.ma:443
2022-02-16 17:16:07,728:DEBUG:https://uno.ma:443 "GET /apple-iphone-12-256-gb-violet-neuf-1-an-de-garantie-maroc HTTP/1.1" 200 None
2022-02-16 17:16:13,948:DEBUG:Starting new HTTPS connection (1): uno.ma:443
2022-02-16 17:16:16,409:DEBUG:https://uno.ma:443 "GET /apple-iphone-12-256-bleu-maroc HTTP/1.1" 200 None
2022-02-16 17:16:21,578:DEBUG:Starting new HTTPS connection (1): uno.ma:443
2022-02-16 17:16:22,002:DEBUG:https://uno.ma:443 "GET /apple-iphone-12-128-rouge-maroc HTTP/1.1" 200 None
2022-02-16 17:16:29,068:DEBUG:Starting new HTTPS connection (1): uno.ma:443
2022-02-16 17:16:31,833:DEBUG:https://uno.ma:443 "GET /apple-iphone-12-256-rouge-maroc HTTP/1.1" 200 None
2022-02-16 17:16:39,017:DEBUG:Starting new HTTPS connection (1): uno.ma:443
2022-02-16 17:16:39,424:DEBUG:https://uno.ma:443 "GET /apple-iphone-12-128-vert-maroc HTTP/1.1" 200 None
2022-02-16 17:16:46,523:DEBUG:Starting new HTTPS connection (1): uno.ma:443
2022-02-16 17:16:49,105:DEBUG:https://uno.ma:443 "GET /apple-iphone-12-256-vert-maroc HTTP/1.1" 200 None
2022-02-16 17:16:54,336:DEBUG:Starting new HTTPS connection (1): uno.ma:443
2022-02-16 17:16:56,972:DEBUG:https://uno.ma:443 "GET /apple-iphone-12-128-noir-maroc HTTP/1.1" 200 None
2022-02-16 17:17:02,131:DEBUG:Starting new HTTPS connection (1): uno.ma:443
2022-02-16 17:17:02,516:DEBUG:https://uno.ma:443 "GET /apple-iphone-12-256-noir-maroc HTTP/1.1" 200 None
2022-02-16 17:17:09,593:DEBUG:Starting new HTTPS connection (1): uno.ma:443
2022-02-16 17:17:09,991:DEBUG:https://uno.ma:443 "GET /apple-iphone-12-256-blanc-maroc HTTP/1.1" 200 None
2022-02-16 17:17:21,072:DEBUG:Starting new HTTPS connection (1): uno.ma:443
2022-02-16 17:17:21,933:DEBUG:https://uno.ma:443 "GET /iphone-maroc/iphone-12-mini-maroc/?limit=100 HTTP/1.1" 200 None
2022-02-16 17:17:22,110:DEBUG:Starting new HTTPS connection (1): uno.ma:443
2022-02-16 17:17:25,095:DEBUG:https://uno.ma:443 "GET /apple-iphone-12-mini-64-noir-maroc HTTP/1.1" 200 None
2022-02-16 17:17:30,264:DEBUG:Starting new HTTPS connection (1): uno.ma:443
2022-02-16 17:17:32,824:DEBUG:https://uno.ma:443 "GET /apple-iphone-12-mini-128-noir-maroc HTTP/1.1" 200 None
2022-02-16 17:17:38,043:DEBUG:Starting new HTTPS connection (1): uno.ma:443
2022-02-16 17:17:41,212:DEBUG:https://uno.ma:443 "GET /apple-iphone-12-mini-256-noir-maroc HTTP/1.1" 200 None
2022-02-16 17:17:48,433:DEBUG:Starting new HTTPS connection (1): uno.ma:443
2022-02-16 17:17:51,254:DEBUG:https://uno.ma:443 "GET /apple-iphone-12-mini-64-blanc-maroc HTTP/1.1" 200 None
2022-02-16 17:17:55,634:DEBUG:Starting new HTTPS connection (1): uno.ma:443
2022-02-16 17:17:56,162:DEBUG:https://uno.ma:443 "GET /apple-iphone-12-mini-128-blanc-maroc HTTP/1.1" 200 None
2022-02-16 17:18:03,255:DEBUG:Starting new HTTPS connection (1): uno.ma:443
2022-02-16 17:18:03,676:DEBUG:https://uno.ma:443 "GET /apple-iphone-12-mini-256-blanc-maroc HTTP/1.1" 200 None
2022-02-16 17:18:09,762:DEBUG:Starting new HTTPS connection (1): uno.ma:443
2022-02-16 17:18:10,239:DEBUG:https://uno.ma:443 "GET /apple-iphone-12-mini-64-bleu-maroc HTTP/1.1" 200 None
2022-02-16 17:18:16,304:DEBUG:Starting new HTTPS connection (1): uno.ma:443
2022-02-16 17:18:19,189:DEBUG:https://uno.ma:443 "GET /apple-iphone-12-mini-128-bleu-maroc HTTP/1.1" 200 None
2022-02-16 17:18:24,315:DEBUG:Starting new HTTPS connection (1): uno.ma:443
2022-02-16 17:18:26,576:DEBUG:https://uno.ma:443 "GET /apple-iphone-12-mini-256-bleu-maroc HTTP/1.1" 200 None
2022-02-16 17:18:30,819:DEBUG:Starting new HTTPS connection (1): uno.ma:443
2022-02-16 17:18:33,318:DEBUG:https://uno.ma:443 "GET /apple-iphone-12-mini-64-rouge-maroc HTTP/1.1" 200 None
2022-02-16 17:18:37,558:DEBUG:Starting new HTTPS connection (1): uno.ma:443
2022-02-16 17:18:40,052:DEBUG:https://uno.ma:443 "GET /apple-iphone-12-mini-128-rouge-maroc HTTP/1.1" 200 None
2022-02-16 17:18:45,276:DEBUG:Starting new HTTPS connection (1): uno.ma:443
2022-02-16 17:18:47,640:DEBUG:https://uno.ma:443 "GET /apple-iphone-12-mini-256-rouge-maroc HTTP/1.1" 200 None
2022-02-16 17:18:53,854:DEBUG:Starting new HTTPS connection (1): uno.ma:443
2022-02-16 17:18:56,785:DEBUG:https://uno.ma:443 "GET /apple-iphone-12-mini-64-vert-maroc HTTP/1.1" 200 None
2022-02-16 17:19:01,913:DEBUG:Starting new HTTPS connection (1): uno.ma:443
2022-02-16 17:19:05,171:DEBUG:https://uno.ma:443 "GET /apple-iphone-12-mini-128-vert-maroc HTTP/1.1" 200 None
2022-02-16 17:19:12,226:DEBUG:Starting new HTTPS connection (1): uno.ma:443
2022-02-16 17:19:14,622:DEBUG:https://uno.ma:443 "GET /apple-iphone-12-mini-256-vert-maroc HTTP/1.1" 200 None
2022-02-16 17:19:26,791:DEBUG:Starting new HTTPS connection (1): uno.ma:443
2022-02-16 17:19:27,447:DEBUG:https://uno.ma:443 "GET /iphone-maroc/iphone-8-plus-maroc/?limit=100 HTTP/1.1" 200 None
2022-02-16 17:19:27,651:DEBUG:Starting new HTTPS connection (1): uno.ma:443
2022-02-16 17:19:28,307:DEBUG:https://uno.ma:443 "GET /iphone-8-plus-64-go-gris-sideral-comme-neuf-maroc-2722 HTTP/1.1" 200 None
2022-02-16 17:19:35,383:DEBUG:Starting new HTTPS connection (1): uno.ma:443
2022-02-16 17:19:35,873:DEBUG:https://uno.ma:443 "GET /iphone-8-plus-64-go-red-product-comme-neuf-maroc-2741 HTTP/1.1" 200 None
2022-02-16 17:19:42,988:DEBUG:Starting new HTTPS connection (1): uno.ma:443
2022-02-16 17:19:43,446:DEBUG:https://uno.ma:443 "GET /iphone-8-plus-64go-silver-maroc-2739 HTTP/1.1" 200 None
2022-02-16 17:19:54,522:DEBUG:Starting new HTTPS connection (1): uno.ma:443
2022-02-16 17:19:55,436:DEBUG:https://uno.ma:443 "GET /iphone-maroc/iphone-7-maroc/?limit=100 HTTP/1.1" 200 None
2022-02-16 17:19:55,603:DEBUG:Starting new HTTPS connection (1): uno.ma:443
2022-02-16 17:19:56,051:DEBUG:https://uno.ma:443 "GET /iphone-7-noir-32go-mn8x2aa-a-maroc HTTP/1.1" 200 None
2022-02-16 17:20:07,348:DEBUG:Starting new HTTPS connection (1): uno.ma:443
2022-02-16 17:20:08,178:DEBUG:https://uno.ma:443 "GET /iphone-maroc/iphone-se-maroc/?limit=100 HTTP/1.1" 200 None
2022-02-16 17:20:08,352:DEBUG:Starting new HTTPS connection (1): uno.ma:443
2022-02-16 17:20:10,746:DEBUG:https://uno.ma:443 "GET /iphone-se-64go-blanc-maroc HTTP/1.1" 200 None
2022-02-16 17:20:17,928:DEBUG:Starting new HTTPS connection (1): uno.ma:443
2022-02-16 17:20:18,376:DEBUG:https://uno.ma:443 "GET /iphone-se-2020-64-go-rouge-maroc HTTP/1.1" 200 None
2022-02-16 17:20:23,452:DEBUG:Starting new HTTPS connection (1): uno.ma:443
2022-02-16 17:20:23,837:DEBUG:https://uno.ma:443 "GET /iphone-se-2020-128-go-blanc-maroc HTTP/1.1" 200 None
2022-02-16 17:20:30,902:DEBUG:Starting new HTTPS connection (1): uno.ma:443
2022-02-16 17:20:31,299:DEBUG:https://uno.ma:443 "GET /iphone-se-2020-128-go-noir-maroc HTTP/1.1" 200 None
2022-02-16 17:20:38,380:DEBUG:Starting new HTTPS connection (1): uno.ma:443
2022-02-16 17:20:40,773:DEBUG:https://uno.ma:443 "GET /iphone-se-2020-128-go-rouge-maroc HTTP/1.1" 200 None
2022-02-16 17:20:47,961:DEBUG:Starting new HTTPS connection (1): uno.ma:443
2022-02-16 17:20:50,108:DEBUG:https://uno.ma:443 "GET /iphone-se-2020-256-go-blanc-maroc HTTP/1.1" 200 None
2022-02-16 17:21:01,297:DEBUG:Starting new HTTPS connection (1): uno.ma:443
2022-02-16 17:21:02,278:DEBUG:https://uno.ma:443 "GET /iphone-maroc/apple-iphone-13-pro-maroc/?limit=100 HTTP/1.1" 200 None
2022-02-16 17:21:02,483:DEBUG:Starting new HTTPS connection (1): uno.ma:443
2022-02-16 17:21:02,978:DEBUG:https://uno.ma:443 "GET /apple-iphone-13-pro-128-gb-bleu-alpin-neuf-1-an-de-garantie-maroc HTTP/1.1" 200 None
2022-02-16 17:21:07,043:DEBUG:Starting new HTTPS connection (1): uno.ma:443
2022-02-16 17:21:07,453:DEBUG:https://uno.ma:443 "GET /apple-iphone-13-pro-128-gb-graphite-neuf-1-an-de-garantie-maroc-3005 HTTP/1.1" 200 None
2022-02-16 17:21:12,529:DEBUG:Starting new HTTPS connection (1): uno.ma:443
2022-02-16 17:21:12,923:DEBUG:https://uno.ma:443 "GET /apple-iphone-13-pro-128-gb-or-neuf-1-an-de-garantie-maroc-2994 HTTP/1.1" 200 None
2022-02-16 17:21:18,002:DEBUG:Starting new HTTPS connection (1): uno.ma:443
2022-02-16 17:21:18,944:DEBUG:https://uno.ma:443 "GET /apple-iphone-13-pro-128-gb-argent-neuf-1-an-de-garantie-maroc HTTP/1.1" 200 None
2022-02-16 17:21:26,115:DEBUG:Starting new HTTPS connection (1): uno.ma:443
2022-02-16 17:21:26,587:DEBUG:https://uno.ma:443 "GET /apple-iphone-13-pro-256-gb-bleu-alpin-neuf-1-an-de-garantie-maroc HTTP/1.1" 200 None
2022-02-16 17:21:30,656:DEBUG:Starting new HTTPS connection (1): uno.ma:443
2022-02-16 17:21:32,708:DEBUG:https://uno.ma:443 "GET /apple-iphone-13-pro-256-gb-graphite-neuf-1-an-de-garantie-maroc HTTP/1.1" 200 None
2022-02-16 17:21:38,783:DEBUG:Starting new HTTPS connection (1): uno.ma:443
2022-02-16 17:21:40,016:DEBUG:https://uno.ma:443 "GET /apple-iphone-13-pro-256-gb-or-neuf-1-an-de-garantie-maroc HTTP/1.1" 200 None
2022-02-16 17:21:47,100:DEBUG:Starting new HTTPS connection (1): uno.ma:443
2022-02-16 17:21:47,626:DEBUG:https://uno.ma:443 "GET /apple-iphone-13-pro-256-gb-argent-neuf-1-an-de-garantie-maroc HTTP/1.1" 200 None
2022-02-16 17:21:51,695:DEBUG:Starting new HTTPS connection (1): uno.ma:443
2022-02-16 17:21:53,693:DEBUG:https://uno.ma:443 "GET /apple-iphone-13-pro-512-gb-bleu-alpin-neuf-1-an-de-garantie-maroc HTTP/1.1" 200 None
2022-02-16 17:21:59,830:DEBUG:Starting new HTTPS connection (1): uno.ma:443
2022-02-16 17:22:00,955:DEBUG:https://uno.ma:443 "GET /apple-iphone-13-pro-512-gb-graphite-neuf-1-an-de-garantie-maroc HTTP/1.1" 200 None
2022-02-16 17:22:07,238:DEBUG:Starting new HTTPS connection (1): uno.ma:443
2022-02-16 17:22:07,879:DEBUG:https://uno.ma:443 "GET /apple-iphone-13-pro-512-gb-or-neuf-1-an-de-garantie-maroc HTTP/1.1" 200 None
2022-02-16 17:22:11,958:DEBUG:Starting new HTTPS connection (1): uno.ma:443
2022-02-16 17:22:12,939:DEBUG:https://uno.ma:443 "GET /apple-iphone-13-pro-512-gb-argent-neuf-1-an-de-garantie-maroc HTTP/1.1" 200 None
2022-02-16 17:22:19,106:DEBUG:Starting new HTTPS connection (1): uno.ma:443
2022-02-16 17:22:20,031:DEBUG:https://uno.ma:443 "GET /apple-iphone-13-pro-1-tb-bleu-alpin-neuf-1-an-de-garantie-maroc HTTP/1.1" 200 None
2022-02-16 17:22:25,225:DEBUG:Starting new HTTPS connection (1): uno.ma:443
2022-02-16 17:22:26,315:DEBUG:https://uno.ma:443 "GET /apple-iphone-13-pro-1-tb-graphite-neuf-1-an-de-garantie-maroc HTTP/1.1" 200 None
2022-02-16 17:22:30,504:DEBUG:Starting new HTTPS connection (1): uno.ma:443
2022-02-16 17:22:31,404:DEBUG:https://uno.ma:443 "GET /apple-iphone-13-pro-1-tb-or-neuf-1-an-de-garantie-maroc HTTP/1.1" 200 None
2022-02-16 17:22:36,578:DEBUG:Starting new HTTPS connection (1): uno.ma:443
2022-02-16 17:22:36,970:DEBUG:https://uno.ma:443 "GET /apple-iphone-13-pro-1-tb-argent-neuf-1-an-de-garantie-maroc HTTP/1.1" 200 None
2022-02-16 17:22:48,052:DEBUG:Starting new HTTPS connection (1): uno.ma:443
2022-02-16 17:22:48,894:DEBUG:https://uno.ma:443 "GET /iphone-maroc/apple-iphone-13-maroc/?limit=100 HTTP/1.1" 200 None
2022-02-16 17:22:49,077:DEBUG:Starting new HTTPS connection (1): uno.ma:443
2022-02-16 17:22:49,513:DEBUG:https://uno.ma:443 "GET /apple-iphone-13-128-gb-rose-neuf-1-an-de-garantie-maroc HTTP/1.1" 200 None
2022-02-16 17:22:55,582:DEBUG:Starting new HTTPS connection (1): uno.ma:443
2022-02-16 17:22:55,978:DEBUG:https://uno.ma:443 "GET /apple-iphone-13-256-gb-rose-neuf-1-an-de-garantie-maroc HTTP/1.1" 200 None
2022-02-16 17:23:02,059:DEBUG:Starting new HTTPS connection (1): uno.ma:443
2022-02-16 17:23:02,910:DEBUG:https://uno.ma:443 "GET /apple-iphone-13-512-gb-rose-neuf-1-an-de-garantie-maroc HTTP/1.1" 200 None
2022-02-16 17:23:10,119:DEBUG:Starting new HTTPS connection (1): uno.ma:443
2022-02-16 17:23:10,549:DEBUG:https://uno.ma:443 "GET /apple-iphone-13-128-gb-rouge-redr-product-neuf-1-an-de-garantie-maroc HTTP/1.1" 200 None
2022-02-16 17:23:14,649:DEBUG:Starting new HTTPS connection (1): uno.ma:443
2022-02-16 17:23:15,044:DEBUG:https://uno.ma:443 "GET /apple-iphone-13-256-gb-rouge-redr-product-neuf-1-an-de-garantie-maroc HTTP/1.1" 200 None
2022-02-16 17:23:21,161:DEBUG:Starting new HTTPS connection (1): uno.ma:443
2022-02-16 17:23:22,405:DEBUG:https://uno.ma:443 "GET /apple-iphone-13-512-gb-rouge-redr-product-neuf-1-an-de-garantie-maroc HTTP/1.1" 200 None
2022-02-16 17:23:29,606:DEBUG:Starting new HTTPS connection (1): uno.ma:443
2022-02-16 17:23:30,008:DEBUG:https://uno.ma:443 "GET /apple-iphone-13-128-gb-lumiere-stellaire-neuf-1-an-de-garantie-maroc-3047 HTTP/1.1" 200 None
2022-02-16 17:23:36,121:DEBUG:Starting new HTTPS connection (1): uno.ma:443
2022-02-16 17:23:36,514:DEBUG:https://uno.ma:443 "GET /apple-iphone-13-256-gb-lumiere-stellaire-neuf-1-an-de-garantie-maroc HTTP/1.1" 200 None
2022-02-16 17:23:41,617:DEBUG:Starting new HTTPS connection (1): uno.ma:443
2022-02-16 17:23:42,028:DEBUG:https://uno.ma:443 "GET /apple-iphone-13-512-gb-lumiere-stellaire-neuf-1-an-de-garantie-maroc HTTP/1.1" 200 None
2022-02-16 17:23:47,107:DEBUG:Starting new HTTPS connection (1): uno.ma:443
2022-02-16 17:23:47,516:DEBUG:https://uno.ma:443 "GET /apple-iphone-13-128-gb-bleu-neuf-1-an-de-garantie-maroc HTTP/1.1" 200 None
2022-02-16 17:23:52,595:DEBUG:Starting new HTTPS connection (1): uno.ma:443
2022-02-16 17:23:53,174:DEBUG:https://uno.ma:443 "GET /apple-iphone-13-256-gb-bleu-neuf-1-an-de-garantie-maroc HTTP/1.1" 200 None
2022-02-16 17:24:00,247:DEBUG:Starting new HTTPS connection (1): uno.ma:443
2022-02-16 17:24:00,730:DEBUG:https://uno.ma:443 "GET /apple-iphone-13-512-gb-bleu-neuf-1-an-de-garantie-maroc HTTP/1.1" 200 None
2022-02-16 17:24:04,811:DEBUG:Starting new HTTPS connection (1): uno.ma:443
2022-02-16 17:24:06,000:DEBUG:https://uno.ma:443 "GET /apple-iphone-13-128-gb-minuit-neuf-1-an-de-garantie-maroc HTTP/1.1" 200 None
2022-02-16 17:24:11,075:DEBUG:Starting new HTTPS connection (1): uno.ma:443
2022-02-16 17:24:11,633:DEBUG:https://uno.ma:443 "GET /apple-iphone-13-256-gb-minuit-neuf-1-an-de-garantie-maroc HTTP/1.1" 200 None
2022-02-16 17:24:16,740:DEBUG:Starting new HTTPS connection (1): uno.ma:443
2022-02-16 17:24:17,304:DEBUG:https://uno.ma:443 "GET /apple-iphone-13-512-gb-minuit-neuf-1-an-de-garantie-maroc HTTP/1.1" 200 None
2022-02-16 17:24:27,410:DEBUG:Starting new HTTPS connection (1): uno.ma:443
2022-02-16 17:24:28,198:DEBUG:https://uno.ma:443 "GET /iphone-maroc/apple-iphone-13-mini-maroc/?limit=100 HTTP/1.1" 200 None
2022-02-16 17:24:28,361:DEBUG:Starting new HTTPS connection (1): uno.ma:443
2022-02-16 17:24:28,778:DEBUG:https://uno.ma:443 "GET /apple-iphone-13-mini-128-gb-rose-neuf-1-an-de-garantie-maroc-3048 HTTP/1.1" 200 None
2022-02-16 17:24:35,854:DEBUG:Starting new HTTPS connection (1): uno.ma:443
2022-02-16 17:24:36,245:DEBUG:https://uno.ma:443 "GET /apple-iphone-13-mini-256-gb-rose-neuf-1-an-de-garantie-maroc HTTP/1.1" 200 None
2022-02-16 17:24:40,336:DEBUG:Starting new HTTPS connection (1): uno.ma:443
2022-02-16 17:24:41,287:DEBUG:https://uno.ma:443 "GET /apple-iphone-13-mini-512-gb-rose-neuf-1-an-de-garantie-maroc HTTP/1.1" 200 None
2022-02-16 17:24:45,457:DEBUG:Starting new HTTPS connection (1): uno.ma:443
2022-02-16 17:24:45,876:DEBUG:https://uno.ma:443 "GET /apple-iphone-13-mini-128-gb-rouge-redr-product-neuf-1-an-de-garantie-maroc HTTP/1.1" 200 None
2022-02-16 17:24:49,939:DEBUG:Starting new HTTPS connection (1): uno.ma:443
2022-02-16 17:24:51,103:DEBUG:https://uno.ma:443 "GET /apple-iphone-13-mini-256-gb-rouge-redr-product-neuf-1-an-de-garantie-maroc HTTP/1.1" 200 None
2022-02-16 17:24:55,275:DEBUG:Starting new HTTPS connection (1): uno.ma:443
2022-02-16 17:24:55,684:DEBUG:https://uno.ma:443 "GET /apple-iphone-13-mini-512-gb-rouge-redr-product-neuf-1-an-de-garantie-maroc HTTP/1.1" 200 None
2022-02-16 17:25:02,756:DEBUG:Starting new HTTPS connection (1): uno.ma:443
2022-02-16 17:25:03,148:DEBUG:https://uno.ma:443 "GET /apple-iphone-13-mini-128-gb-lumiere-stellaire-neuf-1-an-de-garantie-maroc HTTP/1.1" 200 None
2022-02-16 17:25:07,225:DEBUG:Starting new HTTPS connection (1): uno.ma:443
2022-02-16 17:25:08,442:DEBUG:https://uno.ma:443 "GET /apple-iphone-13-mini-256-gb-lumiere-stellaire-neuf-1-an-de-garantie-maroc HTTP/1.1" 200 None
2022-02-16 17:25:13,637:DEBUG:Starting new HTTPS connection (1): uno.ma:443
2022-02-16 17:25:14,829:DEBUG:https://uno.ma:443 "GET /apple-iphone-13-mini-512-gb-lumiere-stellaire-neuf-1-an-de-garantie-maroc HTTP/1.1" 200 None
2022-02-16 17:25:21,013:DEBUG:Starting new HTTPS connection (1): uno.ma:443
2022-02-16 17:25:22,048:DEBUG:https://uno.ma:443 "GET /apple-iphone-13-mini-128-gb-bleu-neuf-1-an-de-garantie-maroc HTTP/1.1" 200 None
2022-02-16 17:25:26,252:DEBUG:Starting new HTTPS connection (1): uno.ma:443
2022-02-16 17:25:27,255:DEBUG:https://uno.ma:443 "GET /apple-iphone-13-mini-256-gb-bleu-neuf-1-an-de-garantie-maroc HTTP/1.1" 200 None
2022-02-16 17:25:34,436:DEBUG:Starting new HTTPS connection (1): uno.ma:443
2022-02-16 17:25:35,238:DEBUG:https://uno.ma:443 "GET /apple-iphone-13-mini-512-gb-bleu-neuf-1-an-de-garantie-maroc HTTP/1.1" 200 None
2022-02-16 17:25:39,412:DEBUG:Starting new HTTPS connection (1): uno.ma:443
2022-02-16 17:25:40,269:DEBUG:https://uno.ma:443 "GET /apple-iphone-13-mini-128-gb-minuit-neuf-1-an-de-garantie-maroc HTTP/1.1" 200 None
2022-02-16 17:25:45,457:DEBUG:Starting new HTTPS connection (1): uno.ma:443
2022-02-16 17:25:45,879:DEBUG:https://uno.ma:443 "GET /apple-iphone-13-mini-256-gb-minuit-neuf-1-an-de-garantie-maroc HTTP/1.1" 200 None
2022-02-16 17:25:51,952:DEBUG:Starting new HTTPS connection (1): uno.ma:443
2022-02-16 17:25:52,992:DEBUG:https://uno.ma:443 "GET /apple-iphone-13-mini-512-gb-minuit-neuf-1-an-de-garantie-maroc HTTP/1.1" 200 None
2022-02-16 17:26:06,285:DEBUG:Starting new HTTPS connection (1): uno.ma:443
2022-02-16 17:26:07,179:DEBUG:https://uno.ma:443 "GET /iphone-maroc/iphone-xr-maroc/?limit=100 HTTP/1.1" 200 None
2022-02-16 17:26:12,356:DEBUG:Starting new HTTPS connection (1): uno.ma:443
2022-02-16 17:26:12,693:DEBUG:https://uno.ma:443 "GET /ipad-maroc/ipad-pro-129-maroc HTTP/1.1" 200 None
2022-02-16 17:26:13,017:DEBUG:Starting new HTTPS connection (1): uno.ma:443
2022-02-16 17:26:13,562:DEBUG:https://uno.ma:443 "GET /apple-ipad-pro-12-9-pouces-128-go-wi-fi-puce-m1-neuf-1-an-de-garantie-maroc HTTP/1.1" 200 None
2022-02-16 17:26:20,627:DEBUG:Starting new HTTPS connection (1): uno.ma:443
2022-02-16 17:26:22,619:DEBUG:https://uno.ma:443 "GET /apple-ipad-pro-12-9-pouces-256-go-wi-fi-puce-m1-neuf-1-an-de-garantie-maroc HTTP/1.1" 200 None
2022-02-16 17:26:28,690:DEBUG:Starting new HTTPS connection (1): uno.ma:443
2022-02-16 17:26:29,712:DEBUG:https://uno.ma:443 "GET /apple-ipad-pro-12-9-pouces-512-go-wi-fi-puce-m1-neuf-1-an-de-garantie-maroc HTTP/1.1" 200 None
2022-02-16 17:26:36,869:DEBUG:Starting new HTTPS connection (1): uno.ma:443
2022-02-16 17:26:37,879:DEBUG:https://uno.ma:443 "GET /apple-ipad-pro-12-9-pouces-1-to-wi-fi-puce-m1-neuf-1-an-de-garantie-maroc HTTP/1.1" 200 None
2022-02-16 17:26:43,111:DEBUG:Starting new HTTPS connection (1): uno.ma:443
2022-02-16 17:26:44,108:DEBUG:https://uno.ma:443 "GET /apple-ipad-pro-12-9-pouces-2-to-wi-fi-puce-m1-neuf-1-an-de-garantie-maroc HTTP/1.1" 200 None
2022-02-16 17:26:48,251:DEBUG:Starting new HTTPS connection (1): uno.ma:443
2022-02-16 17:26:49,286:DEBUG:https://uno.ma:443 "GET /apple-ipad-pro-12-9-pouces-128-go-wi-fi-4g-cellulaire-puce-m1-neuf-1-an-de-garantie-maroc HTTP/1.1" 200 None
2022-02-16 17:26:53,467:DEBUG:Starting new HTTPS connection (1): uno.ma:443
2022-02-16 17:26:54,406:DEBUG:https://uno.ma:443 "GET /apple-ipad-pro-12-9-pouces-256-go-wi-fi-4g-cellulaire-puce-m1-neuf-1-an-de-garantie-maroc HTTP/1.1" 200 None
2022-02-16 17:27:00,616:DEBUG:Starting new HTTPS connection (1): uno.ma:443
2022-02-16 17:27:01,629:DEBUG:https://uno.ma:443 "GET /apple-ipad-pro-12-9-pouces-512-go-wi-fi-4g-cellulaire-puce-m1-neuf-1-an-de-garantie-maroc HTTP/1.1" 200 None
2022-02-16 17:27:05,714:DEBUG:Starting new HTTPS connection (1): uno.ma:443
2022-02-16 17:27:06,016:DEBUG:https://uno.ma:443 "GET /apple-ipad-pro-12-9-pouces-1-to-wi-fi-4g-cellulaire-puce-m1-neuf-1-an-de-garantie-maroc HTTP/1.1" 200 None
2022-02-16 17:27:13,193:DEBUG:Starting new HTTPS connection (1): uno.ma:443
2022-02-16 17:27:13,501:DEBUG:https://uno.ma:443 "GET /apple-ipad-pro-12-9-pouces-2-to-wi-fi-4g-cellulaire-puce-m1-neuf-1-an-de-garantie-maroc HTTP/1.1" 200 None
2022-02-16 17:27:24,666:DEBUG:Starting new HTTPS connection (1): uno.ma:443
2022-02-16 17:27:25,217:DEBUG:https://uno.ma:443 "GET /ipad-maroc/ipad-pro-11-maroc HTTP/1.1" 200 None
2022-02-16 17:27:25,380:DEBUG:Starting new HTTPS connection (1): uno.ma:443
2022-02-16 17:27:27,140:DEBUG:https://uno.ma:443 "GET /apple-ipad-pro-11-pouces-1-to-wi-fi-2020-neuf-1-an-de-garantie HTTP/1.1" 200 None
2022-02-16 17:27:32,360:DEBUG:Starting new HTTPS connection (1): uno.ma:443
2022-02-16 17:27:32,658:DEBUG:https://uno.ma:443 "GET /apple-ipad-pro-11-pouces-128-go-wi-fi-4g-cellular-2020-neuf-1-an-de-garantie HTTP/1.1" 200 None
2022-02-16 17:27:38,826:DEBUG:Starting new HTTPS connection (1): uno.ma:443
2022-02-16 17:27:39,173:DEBUG:https://uno.ma:443 "GET /apple-ipad-pro-11-pouces-256-go-wi-fi-4g-cellular-2020-neuf-1-an-de-garantie HTTP/1.1" 200 None
2022-02-16 17:27:43,340:DEBUG:Starting new HTTPS connection (1): uno.ma:443
2022-02-16 17:27:43,636:DEBUG:https://uno.ma:443 "GET /apple-ipad-pro-11-pouces-512-go-wi-fi-4g-cellular-2020-neuf-1-an-de-garantie HTTP/1.1" 200 None
2022-02-16 17:27:47,797:DEBUG:Starting new HTTPS connection (1): uno.ma:443
2022-02-16 17:27:48,081:DEBUG:https://uno.ma:443 "GET /apple-ipad-pro-11-pouces-128-go-wi-fi-puce-m1-neuf-1-an-de-garantie-maroc HTTP/1.1" 200 None
2022-02-16 17:27:53,285:DEBUG:Starting new HTTPS connection (1): uno.ma:443
2022-02-16 17:27:54,292:DEBUG:https://uno.ma:443 "GET /apple-ipad-pro-11-pouces-256-go-wi-fi-puce-m1-neuf-1-an-de-garantie-maroc HTTP/1.1" 200 None
2022-02-16 17:28:01,467:DEBUG:Starting new HTTPS connection (1): uno.ma:443
2022-02-16 17:28:01,786:DEBUG:https://uno.ma:443 "GET /apple-ipad-pro-11-pouces-512-go-wi-fi-puce-m1-neuf-1-an-de-garantie-maroc HTTP/1.1" 200 None
2022-02-16 17:28:06,945:DEBUG:Starting new HTTPS connection (1): uno.ma:443
2022-02-16 17:28:07,875:DEBUG:https://uno.ma:443 "GET /apple-ipad-pro-11-pouces-1-to-wi-fi-puce-m1-neuf-1-an-de-garantie-maroc HTTP/1.1" 200 None
2022-02-16 17:28:13,068:DEBUG:Starting new HTTPS connection (1): uno.ma:443
2022-02-16 17:28:13,991:DEBUG:https://uno.ma:443 "GET /apple-ipad-pro-11-pouces-2-to-wi-fi-puce-m1-neuf-1-an-de-garantie-maroc HTTP/1.1" 200 None
2022-02-16 17:28:21,155:DEBUG:Starting new HTTPS connection (1): uno.ma:443
2022-02-16 17:28:22,085:DEBUG:https://uno.ma:443 "GET /apple-ipad-pro-11-pouces-128-go-wi-fi-4g-cellulaire-puce-m1-neuf-1-an-de-garantie-maroc HTTP/1.1" 200 None
2022-02-16 17:28:26,296:DEBUG:Starting new HTTPS connection (1): uno.ma:443
2022-02-16 17:28:27,308:DEBUG:https://uno.ma:443 "GET /apple-ipad-pro-11-pouces-256-go-wi-fi-4g-cellulaire-puce-m1-neuf-1-an-de-garantie-maroc HTTP/1.1" 200 None
2022-02-16 17:28:33,538:DEBUG:Starting new HTTPS connection (1): uno.ma:443
2022-02-16 17:28:34,463:DEBUG:https://uno.ma:443 "GET /apple-ipad-pro-11-pouces-512-go-wi-fi-4g-cellulaire-puce-m1-neuf-1-an-de-garantie-maroc HTTP/1.1" 200 None
2022-02-16 17:28:39,612:DEBUG:Starting new HTTPS connection (1): uno.ma:443
2022-02-16 17:28:40,470:DEBUG:https://uno.ma:443 "GET /apple-ipad-pro-11-pouces-1-to-wi-fi-4g-cellulaire-puce-m1-neuf-1-an-de-garantie-maroc HTTP/1.1" 200 None
2022-02-16 17:28:45,684:DEBUG:Starting new HTTPS connection (1): uno.ma:443
2022-02-16 17:28:46,501:DEBUG:https://uno.ma:443 "GET /apple-ipad-pro-11-pouces-2-to-wi-fi-4g-cellulaire-puce-m1-neuf-1-an-de-garantie-maroc HTTP/1.1" 200 None
2022-02-16 17:28:58,674:DEBUG:Starting new HTTPS connection (1): uno.ma:443
2022-02-16 17:28:58,990:DEBUG:https://uno.ma:443 "GET /ipad-maroc/ipad-air-maroc HTTP/1.1" 200 None
2022-02-16 17:28:59,155:DEBUG:Starting new HTTPS connection (1): uno.ma:443
2022-02-16 17:28:59,440:DEBUG:https://uno.ma:443 "GET /apple-ipad-air-4-10-9-pouces-wi-fi-cellulaire-64-go-neuf-1-an-de-garantie-maroc HTTP/1.1" 200 None
2022-02-16 17:29:05,933:DEBUG:Starting new HTTPS connection (1): uno.ma:443
2022-02-16 17:29:06,266:DEBUG:https://uno.ma:443 "GET /apple-ipad-air-4-10-9-pouces-wi-fi-256-go-neuf-1-an-de-garantie-maroc HTTP/1.1" 200 None
2022-02-16 17:29:12,456:DEBUG:Starting new HTTPS connection (1): uno.ma:443
2022-02-16 17:29:12,909:DEBUG:https://uno.ma:443 "GET /apple-ipad-air-4-10-9-pouces-wi-fi-cellulaire-256-go-neuf-1-an-de-garantie-maroc HTTP/1.1" 200 None
2022-02-16 17:29:18,196:DEBUG:Starting new HTTPS connection (1): uno.ma:443
2022-02-16 17:29:18,525:DEBUG:https://uno.ma:443 "GET /apple-ipad-air-4-10-9-pouces-wi-fi-64-go-neuf-1-an-de-garantie-maroc HTTP/1.1" 200 None
2022-02-16 17:29:31,705:DEBUG:Starting new HTTPS connection (1): uno.ma:443
2022-02-16 17:29:32,004:DEBUG:https://uno.ma:443 "GET /ipad-maroc/ipad-10-2-pouces-maroc HTTP/1.1" 200 None
2022-02-16 17:29:32,147:DEBUG:Starting new HTTPS connection (1): uno.ma:443
2022-02-16 17:29:32,449:DEBUG:https://uno.ma:443 "GET /apple-ipad-10-2-2020-pouces-wi-fi-128-gb-neuf-1-an-de-garantie-maroc HTTP/1.1" 200 None
2022-02-16 17:29:39,605:DEBUG:Starting new HTTPS connection (1): uno.ma:443
2022-02-16 17:29:39,898:DEBUG:https://uno.ma:443 "GET /apple-ipad-10-2-2020-pouces-wi-fi-cellular-32-gb-neuf-1-an-de-garantie-maroc HTTP/1.1" 200 None
2022-02-16 17:29:45,061:DEBUG:Starting new HTTPS connection (1): uno.ma:443
2022-02-16 17:29:45,349:DEBUG:https://uno.ma:443 "GET /apple-ipad-10-2-2020-pouces-wi-fi-cellular-128-gb-neuf-1-an-de-garantie-maroc HTTP/1.1" 200 None
2022-02-16 17:29:52,522:DEBUG:Starting new HTTPS connection (1): uno.ma:443
2022-02-16 17:29:53,053:DEBUG:https://uno.ma:443 "GET /apple-ipad-9th-gen-10-2-pouces-64-go-wi-fi-neuf-1-an-de-garantie-maroc HTTP/1.1" 200 None
2022-02-16 17:29:58,109:DEBUG:Starting new HTTPS connection (1): uno.ma:443
2022-02-16 17:29:58,616:DEBUG:https://uno.ma:443 "GET /apple-ipad-9th-gen-10-2-pouce-256-go-wi-fi-neuf-1-an-de-garantie-maroc HTTP/1.1" 200 None
2022-02-16 17:30:05,689:DEBUG:Starting new HTTPS connection (1): uno.ma:443
2022-02-16 17:30:06,928:DEBUG:https://uno.ma:443 "GET /apple-ipad-9th-gen-10-2-pouces-64-go-wi-fi-cellular-neuf-1-an-de-garantie-maroc HTTP/1.1" 200 None
2022-02-16 17:30:13,999:DEBUG:Starting new HTTPS connection (1): uno.ma:443
2022-02-16 17:30:14,571:DEBUG:https://uno.ma:443 "GET /apple-ipad-9th-gen-10-2-pouces-256-go-wi-fi-cellular-neuf-1-an-de-garantie-maroc HTTP/1.1" 200 None
2022-02-16 17:30:23,633:DEBUG:Starting new HTTPS connection (1): uno.ma:443
2022-02-16 17:30:24,174:DEBUG:https://uno.ma:443 "GET /ipad-maroc/ipad-mini-maroc HTTP/1.1" 200 None
2022-02-16 17:30:24,427:DEBUG:Starting new HTTPS connection (1): uno.ma:443
2022-02-16 17:30:25,785:DEBUG:https://uno.ma:443 "GET /apple-ipad-mini-6th-gen-8-3-pouces-64-go-wi-fi-neuf-1-an-de-garantie-maroc HTTP/1.1" 200 None
2022-02-16 17:30:31,012:DEBUG:Starting new HTTPS connection (1): uno.ma:443
2022-02-16 17:30:31,336:DEBUG:https://uno.ma:443 "GET /apple-ipad-mini-6th-gen-8-3-pouces-256-go-wi-fi-neuf-1-an-de-garantie-maroc HTTP/1.1" 200 None
2022-02-16 17:30:36,500:DEBUG:Starting new HTTPS connection (1): uno.ma:443
2022-02-16 17:30:36,943:DEBUG:https://uno.ma:443 "GET /apple-ipad-mini-6th-gen-8-3-pouces-64-go-wi-fi-cellular-neuf-1-an-de-garantie-maroc HTTP/1.1" 200 None
2022-02-16 17:30:43,002:DEBUG:Starting new HTTPS connection (1): uno.ma:443
2022-02-16 17:30:43,349:DEBUG:https://uno.ma:443 "GET /apple-ipad-mini-6th-gen-8-3-pouces-256-go-wi-fi-cellular-neuf-1-an-de-garantie-maroc HTTP/1.1" 200 None
2022-02-16 17:30:53,535:DEBUG:Starting new HTTPS connection (1): uno.ma:443
2022-02-16 17:30:53,982:DEBUG:https://uno.ma:443 "GET /mac-maroc/macbook-air-maroc/ HTTP/1.1" 200 None
2022-02-16 17:30:54,157:DEBUG:Starting new HTTPS connection (1): uno.ma:443
2022-02-16 17:30:54,596:DEBUG:https://uno.ma:443 "GET /macbook-air-13-puce-m1-8-go-ram-256-go-ssd-silver-mgn93fn-a-neuf-1-an-de-garantie-maroc HTTP/1.1" 200 None
2022-02-16 17:30:58,766:DEBUG:Starting new HTTPS connection (1): uno.ma:443
2022-02-16 17:30:59,100:DEBUG:https://uno.ma:443 "GET /macbook-air-13-puce-m1-8-go-ram-256-go-ssd-gris-sideral-mgn63fn-a-neuf-1-an-de-garantie-maroc HTTP/1.1" 200 None
2022-02-16 17:31:04,290:DEBUG:Starting new HTTPS connection (1): uno.ma:443
2022-02-16 17:31:04,574:DEBUG:https://uno.ma:443 "GET /macbook-air-13-puce-m1-8-go-ram-256-go-ssd-gold-mgnd3fn-a-neuf-1-an-de-garantie-maroc HTTP/1.1" 200 None
2022-02-16 17:31:09,755:DEBUG:Starting new HTTPS connection (1): uno.ma:443
2022-02-16 17:31:10,076:DEBUG:https://uno.ma:443 "GET /macbook-air-13-puce-m1-8-go-ram-512-go-ssd-gold-mgne3fn-a-neuf-1-an-de-garantie-maroc HTTP/1.1" 200 None
2022-02-16 17:31:16,247:DEBUG:Starting new HTTPS connection (1): uno.ma:443
2022-02-16 17:31:16,578:DEBUG:https://uno.ma:443 "GET /macbook-air-13-puce-m1-8-go-ram-512-go-ssd-gris-sideral-mgn73fn-a-neuf-1-an-de-garantie-maroc HTTP/1.1" 200 None
2022-02-16 17:31:21,743:DEBUG:Starting new HTTPS connection (1): uno.ma:443
2022-02-16 17:31:22,133:DEBUG:https://uno.ma:443 "GET /macbook-air-13-puce-m1-8-go-ram-512-go-ssd-silver-mgna3fn-a-neuf-1-an-de-garantie-maroc HTTP/1.1" 200 None
2022-02-16 17:31:32,259:DEBUG:Starting new HTTPS connection (1): uno.ma:443
2022-02-16 17:31:32,604:DEBUG:https://uno.ma:443 "GET /mac-maroc/macbook-pro-13-maroc HTTP/1.1" 200 None
2022-02-16 17:31:32,771:DEBUG:Starting new HTTPS connection (1): uno.ma:443
2022-02-16 17:31:33,096:DEBUG:https://uno.ma:443 "GET /macbook-pro-13-avec-ecran-retina-core-i5-quad-core-2-0ghz-16-go-ram-512-go-ssd-touchbar-silver-mwp72fn-a-neuf-1-an-de-garantie-maroc HTTP/1.1" 200 None
2022-02-16 17:31:40,279:DEBUG:Starting new HTTPS connection (1): uno.ma:443
2022-02-16 17:31:40,608:DEBUG:https://uno.ma:443 "GET /macbook-pro-13-avec-ecran-retina-core-i5-quad-core-2-0ghz-16-go-ram-1-to-ssd-touchbar-gris-sideral-mwp52fn-a-neuf-1-an-de-garantie-maroc HTTP/1.1" 200 None
2022-02-16 17:31:44,812:DEBUG:Starting new HTTPS connection (1): uno.ma:443
2022-02-16 17:31:45,122:DEBUG:https://uno.ma:443 "GET /macbook-pro-13-avec-ecran-retina-puce-m1-8-go-ram-256-go-ssd-touchbar-silver-myda2fn-a-neuf-1-an-de-garantie-maroc HTTP/1.1" 200 None
2022-02-16 17:31:50,299:DEBUG:Starting new HTTPS connection (1): uno.ma:443
2022-02-16 17:31:50,655:DEBUG:https://uno.ma:443 "GET /macbook-pro-13-avec-ecran-retina-puce-m1-8-go-ram-256-go-ssd-touchbar-gris-sideral-myd82fn-a-neuf-1-an-de-garantie-maroc HTTP/1.1" 200 None
2022-02-16 17:31:55,815:DEBUG:Starting new HTTPS connection (1): uno.ma:443
2022-02-16 17:31:56,139:DEBUG:https://uno.ma:443 "GET /macbook-pro-13-avec-ecran-retina-puce-m1-8-go-ram-512-go-ssd-touchbar-silver-mydc2fn-a-neuf-1-an-de-garantie-maroc HTTP/1.1" 200 None
2022-02-16 17:32:00,310:DEBUG:Starting new HTTPS connection (1): uno.ma:443
2022-02-16 17:32:00,604:DEBUG:https://uno.ma:443 "GET /macbook-pro-13-avec-ecran-retina-puce-m1-8-go-ram-512-go-ssd-touchbar-gris-sideral-myd92fn-a-neuf-1-an-de-garantie-maroc HTTP/1.1" 200 None
2022-02-16 17:32:11,768:DEBUG:Starting new HTTPS connection (1): uno.ma:443
2022-02-16 17:32:12,051:DEBUG:https://uno.ma:443 "GET /mac-maroc/macbook-pro-14-maroc HTTP/1.1" 200 None
2022-02-16 17:32:12,223:DEBUG:Starting new HTTPS connection (1): uno.ma:443
2022-02-16 17:32:12,530:DEBUG:https://uno.ma:443 "GET /macbook-pro-14-avec-ecran-retina-puce-m1-pro-16-go-ram-512-go-ssd-gris-sideral-mkgp3fn-a-neuf-1-an-de-garantie-maroc HTTP/1.1" 200 None
2022-02-16 17:32:17,730:DEBUG:Starting new HTTPS connection (1): uno.ma:443
2022-02-16 17:32:18,025:DEBUG:https://uno.ma:443 "GET /macbook-pro-14-avec-ecran-retina-puce-m1-pro-16-go-ram-1-to-ssd-silver-mkgt3fn-aa-neuf-1-an-de-garantie-maroc HTTP/1.1" 200 None
2022-02-16 17:32:23,233:DEBUG:Starting new HTTPS connection (1): uno.ma:443
2022-02-16 17:32:23,532:DEBUG:https://uno.ma:443 "GET /macbook-pro-14-avec-ecran-retina-puce-m1-pro-16-go-ram-1-to-ssd-gris-sideral-mkgq3fn-a-neuf-1-an-de-garantie-maroc HTTP/1.1" 200 None
2022-02-16 17:32:30,699:DEBUG:Starting new HTTPS connection (1): uno.ma:443
2022-02-16 17:32:31,019:DEBUG:https://uno.ma:443 "GET /macbook-pro-14-avec-ecran-retina-puce-m1-pro-16-go-ram-512-go-ssd-silver-mkgr3fn-a-neuf-1-an-de-garantie-maroc HTTP/1.1" 200 None
2022-02-16 17:32:39,180:DEBUG:Starting new HTTPS connection (1): uno.ma:443
2022-02-16 17:32:39,463:DEBUG:https://uno.ma:443 "GET /mac-maroc/macbook-pro-16-maroc HTTP/1.1" 200 None
2022-02-16 17:32:39,616:DEBUG:Starting new HTTPS connection (1): uno.ma:443
2022-02-16 17:32:40,019:DEBUG:https://uno.ma:443 "GET /macbook-pro-16-avec-ecran-retina-core-i7-2-6-ghz-16-go-512-go-ssd-touchbar-silver-mvvl2fn-a-neuf-1-an-de-garantie HTTP/1.1" 200 None
2022-02-16 17:32:45,123:DEBUG:Starting new HTTPS connection (1): uno.ma:443
2022-02-16 17:32:45,503:DEBUG:https://uno.ma:443 "GET /macbook-pro-16-avec-ecran-retina-core-i7-2-6-ghz-16-go-512-go-ssd-touchbar-gris-sideral-mvvj2fn-a-neuf-1-an-de-garantie HTTP/1.1" 200 None
2022-02-16 17:32:50,599:DEBUG:Starting new HTTPS connection (1): uno.ma:443
2022-02-16 17:32:51,009:DEBUG:https://uno.ma:443 "GET /macbook-pro-16-avec-ecran-retina-core-i9-2-3-ghz-16-go-1-to-ssd-touchbar-silver-mvvm2fn-a-neuf-1-an-de-garantie HTTP/1.1" 200 None
2022-02-16 17:32:58,080:DEBUG:Starting new HTTPS connection (1): uno.ma:443
2022-02-16 17:32:59,552:DEBUG:https://uno.ma:443 "GET /macbook-pro-16-avec-ecran-retina-puce-m1-pro-16-go-ram-512-go-ssd-silver-mk1e3fn-a-neuf-1-an-de-garantie-maroc HTTP/1.1" 200 None
2022-02-16 17:33:05,756:DEBUG:Starting new HTTPS connection (1): uno.ma:443
2022-02-16 17:33:06,199:DEBUG:https://uno.ma:443 "GET /macbook-pro-16-avec-ecran-retina-puce-m1-pro-16-go-ram-512-go-ssd-gris-sideral-mk183fn-a-neuf-1-an-de-garantie-maroc HTTP/1.1" 200 None
2022-02-16 17:33:12,267:DEBUG:Starting new HTTPS connection (1): uno.ma:443
2022-02-16 17:33:12,693:DEBUG:https://uno.ma:443 "GET /macbook-pro-16-avec-ecran-retina-puce-m1-pro-16-go-ram-1to-ssd-silver-mk1f3fn-a-neuf-1-an-de-garantie-maroc HTTP/1.1" 200 None
2022-02-16 17:33:18,765:DEBUG:Starting new HTTPS connection (1): uno.ma:443
2022-02-16 17:33:19,163:DEBUG:https://uno.ma:443 "GET /macbook-pro-16-avec-ecran-retina-puce-m1-pro-16-go-ram-1to-ssd-gris-sideral-mk193fn-a-neuf-1-an-de-garantie-maroc HTTP/1.1" 200 None
2022-02-16 17:33:26,235:DEBUG:Starting new HTTPS connection (1): uno.ma:443
2022-02-16 17:33:27,439:DEBUG:https://uno.ma:443 "GET /macbook-pro-16-avec-ecran-retina-puce-m1-max-32-go-ram-1to-ssd-silver-mk1h3fn-a-neuf-1-an-de-garantie-maroc HTTP/1.1" 200 None
2022-02-16 17:33:34,600:DEBUG:Starting new HTTPS connection (1): uno.ma:443
2022-02-16 17:33:34,985:DEBUG:https://uno.ma:443 "GET /macbook-pro-16-avec-ecran-retina-puce-m1-max-32-go-ram-1to-ssd-gris-sideral-mk1a3fn-a-neuf-1-an-de-garantie-maroc HTTP/1.1" 200 None
2022-02-16 17:33:48,076:DEBUG:Starting new HTTPS connection (1): uno.ma:443
2022-02-16 17:33:48,401:DEBUG:https://uno.ma:443 "GET /mac-maroc/imac-maroc/imac-27-pouces-maroc HTTP/1.1" 200 None
2022-02-16 17:33:48,559:DEBUG:Starting new HTTPS connection (1): uno.ma:443
2022-02-16 17:33:49,014:DEBUG:https://uno.ma:443 "GET /imac-27-avec-ecran-retina-5k-core-i5-hexa-core-a-3-1-ghz-8-go-ram-256-go-mxwt2fn-a-neuf-1-an-de-garantie-maroc HTTP/1.1" 200 None
2022-02-16 17:33:55,085:DEBUG:Starting new HTTPS connection (1): uno.ma:443
2022-02-16 17:33:55,533:DEBUG:https://uno.ma:443 "GET /imac-27-avec-ecran-retina-5k-core-i5-hexa-core-a-3-3-ghz-8-go-ram-512-go-ssd-mxwu2fn-a-maroc HTTP/1.1" 200 None
2022-02-16 17:34:01,749:DEBUG:Starting new HTTPS connection (1): uno.ma:443
2022-02-16 17:34:02,192:DEBUG:https://uno.ma:443 "GET /imac-27-avec-ecran-retina-5k-core-i7-octa-core-a-3-8-ghz-8-go-ram-512-go-ssd-mxwv2fn-a-maroc HTTP/1.1" 200 None
2022-02-16 17:34:12,336:DEBUG:Starting new HTTPS connection (1): uno.ma:443
2022-02-16 17:34:12,696:DEBUG:https://uno.ma:443 "GET /mac-maroc/imac-maroc/imac-24-pouces-maroc HTTP/1.1" 200 None
2022-02-16 17:34:12,825:DEBUG:Starting new HTTPS connection (1): uno.ma:443
2022-02-16 17:34:13,304:DEBUG:https://uno.ma:443 "GET /imac-24-avec-ecran-retina-4-5k-puce-m1-8-go-ram-256-go-ssd-neuf-1-an-de-garantie-maroc HTTP/1.1" 200 None
2022-02-16 17:34:20,372:DEBUG:Starting new HTTPS connection (1): uno.ma:443
2022-02-16 17:34:20,761:DEBUG:https://uno.ma:443 "GET /imac-24-avec-ecran-retina-4-5k-puce-m1-8-go-ram-256-go-ssd-neuf-1an-de-garantie-maroc HTTP/1.1" 200 None
2022-02-16 17:34:25,848:DEBUG:Starting new HTTPS connection (1): uno.ma:443
2022-02-16 17:34:26,253:DEBUG:https://uno.ma:443 "GET /imac-24-avec-ecran-retina-4-5k-puce-m1-8-go-ram-512-go-ssd-neuf-1-an-de-garantie-maroc HTTP/1.1" 200 None
2022-02-16 17:34:39,377:DEBUG:Starting new HTTPS connection (1): uno.ma:443
2022-02-16 17:34:39,717:DEBUG:https://uno.ma:443 "GET /mac-maroc/mac-mini-maroc/ HTTP/1.1" 200 None
2022-02-16 17:34:39,876:DEBUG:Starting new HTTPS connection (1): uno.ma:443
2022-02-16 17:34:40,163:DEBUG:https://uno.ma:443 "GET /apple-mac-mini-avec-puce-m1-8-go-ram-256-go-ssd-mgnr3fn-a-neuf-1-an-de-garantie-maoc HTTP/1.1" 200 None
2022-02-16 17:34:44,322:DEBUG:Starting new HTTPS connection (1): uno.ma:443
2022-02-16 17:34:45,823:DEBUG:https://uno.ma:443 "GET /apple-mac-mini-avec-puce-m1-8-go-ram-512-go-ssd-mgnt3fn-a-neuf-1-an-de-garantie-maoc HTTP/1.1" 200 None
2022-02-16 17:34:51,980:DEBUG:Starting new HTTPS connection (1): uno.ma:443
2022-02-16 17:34:52,361:DEBUG:https://uno.ma:443 "GET /apple-mac-mini-core-i5-hexa-core-3-0-ghz-8-go-ram-512-go-ssd-neuf-1-an-de-garantie-maroc HTTP/1.1" 200 None
2022-02-16 17:35:03,560:DEBUG:Starting new HTTPS connection (1): uno.ma:443
2022-02-16 17:35:03,884:DEBUG:https://uno.ma:443 "GET /watch-maroc/apple-watch-series-7-maroc HTTP/1.1" 200 None
2022-02-16 17:35:04,041:DEBUG:Starting new HTTPS connection (1): uno.ma:443
2022-02-16 17:35:04,428:DEBUG:https://uno.ma:443 "GET /apple-watch-series-7-gps-aluminium-product-red-bracelet-sport-41-mm-maroc HTTP/1.1" 200 None
2022-02-16 17:35:08,621:DEBUG:Starting new HTTPS connection (1): uno.ma:443
2022-02-16 17:35:09,129:DEBUG:https://uno.ma:443 "GET /apple-watch-series-7-gps-aluminium-minuit-bracelet-sport-41-mm-maroc HTTP/1.1" 200 None
2022-02-16 17:35:16,238:DEBUG:Starting new HTTPS connection (1): uno.ma:443
2022-02-16 17:35:16,964:DEBUG:https://uno.ma:443 "GET /apple-watch-series-7-gps-aluminium-vert-bracelet-sport-41-mm-maroc HTTP/1.1" 200 None
2022-02-16 17:35:22,072:DEBUG:Starting new HTTPS connection (1): uno.ma:443
2022-02-16 17:35:22,464:DEBUG:https://uno.ma:443 "GET /apple-watch-series-7-gps-aluminium-bleu-abysse-bracelet-sport-41-mm-maroc-3058 HTTP/1.1" 200 None
2022-02-16 17:35:27,527:DEBUG:Starting new HTTPS connection (1): uno.ma:443
2022-02-16 17:35:27,965:DEBUG:https://uno.ma:443 "GET /apple-watch-series-7-gps-aluminium-lumiere-stellaire-bracelet-sport-45-mm-maroc HTTP/1.1" 200 None
2022-02-16 17:35:32,036:DEBUG:Starting new HTTPS connection (1): uno.ma:443
2022-02-16 17:35:32,413:DEBUG:https://uno.ma:443 "GET /apple-watch-series-7-gps-aluminium-product-red-bracelet-sport-45-mm-maroc HTTP/1.1" 200 None
2022-02-16 17:35:38,490:DEBUG:Starting new HTTPS connection (1): uno.ma:443
2022-02-16 17:35:38,878:DEBUG:https://uno.ma:443 "GET /apple-watch-series-7-gps-aluminium-minuit-bracelet-sport-45-mm-maroc HTTP/1.1" 200 None
2022-02-16 17:35:45,947:DEBUG:Starting new HTTPS connection (1): uno.ma:443
2022-02-16 17:35:46,331:DEBUG:https://uno.ma:443 "GET /apple-watch-series-7-gps-aluminium-vert-bracelet-sport-45-mm-maroc HTTP/1.1" 200 None
2022-02-16 17:35:50,393:DEBUG:Starting new HTTPS connection (1): uno.ma:443
2022-02-16 17:35:50,802:DEBUG:https://uno.ma:443 "GET /apple-watch-series-7-gps-aluminium-bleu-abysse-bracelet-sport-45-mm-maroc HTTP/1.1" 200 None
2022-02-16 17:35:55,910:DEBUG:Starting new HTTPS connection (1): uno.ma:443
2022-02-16 17:35:56,314:DEBUG:https://uno.ma:443 "GET /apple-watch-nike-series-7-gps-aluminium-minuit-bracelet-sport-41-mm-maroc HTTP/1.1" 200 None
2022-02-16 17:36:00,379:DEBUG:Starting new HTTPS connection (1): uno.ma:443
2022-02-16 17:36:00,815:DEBUG:https://uno.ma:443 "GET /apple-watch-nike-series-7-gps-aluminium-lumiere-stellaire-bracelet-sport-41-mm-maroc HTTP/1.1" 200 None
2022-02-16 17:36:07,876:DEBUG:Starting new HTTPS connection (1): uno.ma:443
2022-02-16 17:36:09,649:DEBUG:https://uno.ma:443 "GET /apple-watch-nike-series-7-gps-aluminium-minuit-bracelet-sport-45-mm-maroc HTTP/1.1" 200 None
2022-02-16 17:36:13,852:DEBUG:Starting new HTTPS connection (1): uno.ma:443
2022-02-16 17:36:14,252:DEBUG:https://uno.ma:443 "GET /apple-watch-series-7-gps-aluminium-lumiere-stellaire-bracelet-sport-41-mm-maroc HTTP/1.1" 200 None
2022-02-16 17:36:25,365:DEBUG:Starting new HTTPS connection (1): uno.ma:443
2022-02-16 17:36:25,662:DEBUG:https://uno.ma:443 "GET /watch-maroc/apple-watch-series-6-maroc HTTP/1.1" 200 None
2022-02-16 17:36:25,816:DEBUG:Starting new HTTPS connection (1): uno.ma:443
2022-02-16 17:36:26,111:DEBUG:https://uno.ma:443 "GET /apple-watch-series-6-gps-aluminium-product-red-bracelet-sport-44-mm-maroc HTTP/1.1" 200 None
2022-02-16 17:36:30,311:DEBUG:Starting new HTTPS connection (1): uno.ma:443
2022-02-16 17:36:30,603:DEBUG:https://uno.ma:443 "GET /apple-watch-series-6-gps-aluminium-product-red-bracelet-sport-40-mm-maroc HTTP/1.1" 200 None
2022-02-16 17:36:34,769:DEBUG:Starting new HTTPS connection (1): uno.ma:443
2022-02-16 17:36:35,169:DEBUG:https://uno.ma:443 "GET /apple-watch-series-6-gps-aluminium-argent-bracelet-sport-blanc-40-mm-maroc HTTP/1.1" 200 None
2022-02-16 17:36:41,372:DEBUG:Starting new HTTPS connection (1): uno.ma:443
2022-02-16 17:36:41,664:DEBUG:https://uno.ma:443 "GET /apple-watch-series-6-gps-aluminium-or-bracelet-sport-rose-des-sables-40-mm-maroc HTTP/1.1" 200 None
2022-02-16 17:36:48,835:DEBUG:Starting new HTTPS connection (1): uno.ma:443
2022-02-16 17:36:49,122:DEBUG:https://uno.ma:443 "GET /apple-watch-series-6-gps-aluminium-gris-sideral-bracelet-sport-noir-40-mm-maroc HTTP/1.1" 200 None
2022-02-16 17:36:55,300:DEBUG:Starting new HTTPS connection (1): uno.ma:443
2022-02-16 17:36:55,889:DEBUG:https://uno.ma:443 "GET /apple-watch-series-6-gps-aluminium-bleu-bracelet-sport-deep-navy-40-mm-maroc HTTP/1.1" 200 None
2022-02-16 17:37:01,972:DEBUG:Starting new HTTPS connection (1): uno.ma:443
2022-02-16 17:37:02,419:DEBUG:https://uno.ma:443 "GET /apple-watch-series-6-gps-aluminium-argent-bracelet-sport-blanc-44-mm-maroc HTTP/1.1" 200 None
2022-02-16 17:37:07,536:DEBUG:Starting new HTTPS connection (1): uno.ma:443
2022-02-16 17:37:07,823:DEBUG:https://uno.ma:443 "GET /apple-watch-series-6-gps-aluminium-or-bracelet-sport-rose-des-sables-44-mm-maroc HTTP/1.1" 200 None
2022-02-16 17:37:11,980:DEBUG:Starting new HTTPS connection (1): uno.ma:443
2022-02-16 17:37:14,820:DEBUG:https://uno.ma:443 "GET /apple-watch-series-6-gps-aluminium-gris-sideral-bracelet-sport-noir-44-mm-maroc HTTP/1.1" 200 None
2022-02-16 17:37:20,883:DEBUG:Starting new HTTPS connection (1): uno.ma:443
2022-02-16 17:37:22,957:DEBUG:https://uno.ma:443 "GET /apple-watch-series-6-gps-aluminium-bleu-bracelet-sport-deep-navy-44-mm-maroc HTTP/1.1" 200 None
2022-02-16 17:37:33,158:DEBUG:Starting new HTTPS connection (1): uno.ma:443
2022-02-16 17:37:33,450:DEBUG:https://uno.ma:443 "GET /watch-maroc/apple-watch-se-maroc HTTP/1.1" 200 None
2022-02-16 17:37:33,614:DEBUG:Starting new HTTPS connection (1): uno.ma:443
2022-02-16 17:37:33,949:DEBUG:https://uno.ma:443 "GET /apple-watch-se-gps-aluminium-argent-bracelet-sport-blanc-40-mm-maroc HTTP/1.1" 200 None
2022-02-16 17:37:40,180:DEBUG:Starting new HTTPS connection (1): uno.ma:443
2022-02-16 17:37:40,559:DEBUG:https://uno.ma:443 "GET /apple-watch-se-gps-aluminium-or-bracelet-sport-rose-des-sables-40-mm-maroc HTTP/1.1" 200 None
2022-02-16 17:37:45,742:DEBUG:Starting new HTTPS connection (1): uno.ma:443
2022-02-16 17:37:46,048:DEBUG:https://uno.ma:443 "GET /apple-watch-se-gps-aluminium-gris-sideral-bracelet-sport-noir-40-mm-maroc HTTP/1.1" 200 None
2022-02-16 17:37:52,216:DEBUG:Starting new HTTPS connection (1): uno.ma:443
2022-02-16 17:37:52,500:DEBUG:https://uno.ma:443 "GET /apple-watch-se-gps-aluminium-argent-bracelet-sport-blanc-44-mm-maroc HTTP/1.1" 200 None
2022-02-16 17:37:56,673:DEBUG:Starting new HTTPS connection (1): uno.ma:443
2022-02-16 17:37:58,018:DEBUG:https://uno.ma:443 "GET /apple-watch-se-gps-aluminium-or-bracelet-sport-rose-des-sables-44-mm-maroc HTTP/1.1" 200 None
2022-02-16 17:38:03,186:DEBUG:Starting new HTTPS connection (1): uno.ma:443
2022-02-16 17:38:03,493:DEBUG:https://uno.ma:443 "GET /apple-watch-se-gps-aluminium-gris-sideral-bracelet-sport-noir-44-mm-maroc HTTP/1.1" 200 None
2022-02-16 17:38:14,672:DEBUG:Starting new HTTPS connection (1): uno.ma:443
2022-02-16 17:38:15,414:DEBUG:https://uno.ma:443 "GET /watch-maroc/apple-watch-series-5-maroc HTTP/1.1" 200 None
2022-02-16 17:38:20,571:DEBUG:Starting new HTTPS connection (1): uno.ma:443
2022-02-16 17:38:20,940:DEBUG:https://uno.ma:443 "GET /watch-maroc/apple-watch-series-3-maroc HTTP/1.1" 200 None
2022-02-16 17:38:21,119:DEBUG:Starting new HTTPS connection (1): uno.ma:443
2022-02-16 17:38:21,692:DEBUG:https://uno.ma:443 "GET /apple-watch-series-3-gps-aluminium-gris-sideral-bracelet-sport-noir-38-mm HTTP/1.1" 200 None
2022-02-16 17:38:29,006:DEBUG:Starting new HTTPS connection (1): uno.ma:443
2022-02-16 17:38:29,880:DEBUG:https://uno.ma:443 "GET /apple-watch-series-3-gps-aluminium-gris-sideral-bracelet-sport-noir-42-mm-maroc HTTP/1.1" 200 None
2022-02-16 17:38:35,045:DEBUG:Starting new HTTPS connection (1): uno.ma:443
2022-02-16 17:38:36,001:DEBUG:https://uno.ma:443 "GET /apple-watch-series-3-gps-aluminium-argent-bracelet-sport-blanc-38-mm-maroc HTTP/1.1" 200 None
2022-02-16 17:38:42,205:DEBUG:Starting new HTTPS connection (1): uno.ma:443
2022-02-16 17:38:42,485:DEBUG:https://uno.ma:443 "GET /apple-watch-series-3-gps-aluminium-argent-bracelet-sport-blanc-42-mm-maroc HTTP/1.1" 200 None
2022-02-16 17:38:54,669:DEBUG:Starting new HTTPS connection (1): uno.ma:443
2022-02-16 17:38:54,952:DEBUG:https://uno.ma:443 "GET /watch-maroc/accessoires-apple-watch-maroc HTTP/1.1" 200 None
2022-02-16 17:38:55,121:DEBUG:Starting new HTTPS connection (1): uno.ma:443
2022-02-16 17:38:55,937:DEBUG:https://uno.ma:443 "GET /apple-bracelet-leather-link-41-mm-vert-sequoia-s-m-maroc HTTP/1.1" 200 None
2022-02-16 17:39:00,136:DEBUG:Starting new HTTPS connection (1): uno.ma:443
2022-02-16 17:39:01,103:DEBUG:https://uno.ma:443 "GET /apple-bracelet-leather-link-45-mm-midnight-m-l-maroc HTTP/1.1" 200 None
2022-02-16 17:39:05,248:DEBUG:Starting new HTTPS connection (1): uno.ma:443
2022-02-16 17:39:05,545:DEBUG:https://uno.ma:443 "GET /apple-bracelet-leather-link-41-mm-minuit-s-m-maroc HTTP/1.1" 200 None
2022-02-16 17:39:09,708:DEBUG:Starting new HTTPS connection (1): uno.ma:443
2022-02-16 17:39:10,631:DEBUG:https://uno.ma:443 "GET /apple-bracelet-leather-link-45-mm-marron-dore-s-m-maroc HTTP/1.1" 200 None
2022-02-16 17:39:15,758:DEBUG:Starting new HTTPS connection (1): uno.ma:443
2022-02-16 17:39:16,742:DEBUG:https://uno.ma:443 "GET /apple-bracelet-leather-link-45-mm-vert-sequoia-m-l-maroc HTTP/1.1" 200 None
2022-02-16 17:39:23,981:DEBUG:Starting new HTTPS connection (1): uno.ma:443
2022-02-16 17:39:24,835:DEBUG:https://uno.ma:443 "GET /apple-bracelet-sport-41-mm-bleu-abysse-regular-maroc HTTP/1.1" 200 None
2022-02-16 17:39:31,083:DEBUG:Starting new HTTPS connection (1): uno.ma:443
2022-02-16 17:39:31,907:DEBUG:https://uno.ma:443 "GET /apple-bracelet-sport-41-mm-lumiere-stellaire-regular-maroc HTTP/1.1" 200 None
2022-02-16 17:39:37,073:DEBUG:Starting new HTTPS connection (1): uno.ma:443
2022-02-16 17:39:37,866:DEBUG:https://uno.ma:443 "GET /apple-bracelet-sport-45-mm-minuit-regular-maroc HTTP/1.1" 200 None
2022-02-16 17:39:42,017:DEBUG:Starting new HTTPS connection (1): uno.ma:443
2022-02-16 17:39:42,894:DEBUG:https://uno.ma:443 "GET /apple-bracelet-sport-41-mm-minuit-regular-maroc HTTP/1.1" 200 None
2022-02-16 17:39:49,076:DEBUG:Starting new HTTPS connection (1): uno.ma:443
2022-02-16 17:39:49,764:DEBUG:https://uno.ma:443 "GET /apple-bracelet-leather-link-45-mm-marron-dore-m-l-maroc HTTP/1.1" 200 None
2022-02-16 17:39:56,949:DEBUG:Starting new HTTPS connection (1): uno.ma:443
2022-02-16 17:39:57,894:DEBUG:https://uno.ma:443 "GET /apple-bracelet-sport-41-mm-lavande-anglaise-regular-maroc HTTP/1.1" 200 None
2022-02-16 17:40:05,062:DEBUG:Starting new HTTPS connection (1): uno.ma:443
2022-02-16 17:40:06,731:DEBUG:https://uno.ma:443 "GET /apple-bracelet-leather-link-45-mm-cerise-noire-s-m-maroc HTTP/1.1" 200 None
2022-02-16 17:40:12,901:DEBUG:Starting new HTTPS connection (1): uno.ma:443
2022-02-16 17:40:14,477:DEBUG:https://uno.ma:443 "GET /apple-bracelet-leather-link-45-mm-vert-sequoia-s-m-maroc HTTP/1.1" 200 None
2022-02-16 17:40:20,650:DEBUG:Starting new HTTPS connection (1): uno.ma:443
2022-02-16 17:40:21,979:DEBUG:https://uno.ma:443 "GET /cable-de-charge-magnetique-pour-apple-watch-2-m-maroc HTTP/1.1" 200 None
2022-02-16 17:40:29,182:DEBUG:Starting new HTTPS connection (1): uno.ma:443
2022-02-16 17:40:30,337:DEBUG:https://uno.ma:443 "GET /cable-de-charge-magnetique-usb-c-pour-apple-watch-1-m-maroc HTTP/1.1" 200 None
2022-02-16 17:40:37,463:DEBUG:Starting new HTTPS connection (1): uno.ma:443
2022-02-16 17:40:37,757:DEBUG:https://uno.ma:443 "GET /apple-station-de-charge-magnetique-pour-apple-watch-maroc HTTP/1.1" 200 None
2022-02-16 17:40:44,955:DEBUG:Starting new HTTPS connection (1): uno.ma:443
2022-02-16 17:40:45,250:DEBUG:https://uno.ma:443 "GET /apple-bracelet-sport-loop-41-mm-bleu-abysse-vert-sauvage-regular-maroc HTTP/1.1" 200 None
2022-02-16 17:40:51,396:DEBUG:Starting new HTTPS connection (1): uno.ma:443
2022-02-16 17:40:51,676:DEBUG:https://uno.ma:443 "GET /apple-bracelet-sport-loop-41-mm-cerise-noire-vert-foret-regular-maroc HTTP/1.1" 200 None
2022-02-16 17:40:55,850:DEBUG:Starting new HTTPS connection (1): uno.ma:443
2022-02-16 17:40:56,664:DEBUG:https://uno.ma:443 "GET /apple-bracelet-sport-loop-45-mm-cerise-noire-vert-foret-regular-maroc HTTP/1.1" 200 None
2022-02-16 17:41:03,823:DEBUG:Starting new HTTPS connection (1): uno.ma:443
2022-02-16 17:41:04,630:DEBUG:https://uno.ma:443 "GET /apple-bracelet-sport-loop-41-mm-tornade-gris-regular-maroc HTTP/1.1" 200 None
2022-02-16 17:41:11,801:DEBUG:Starting new HTTPS connection (1): uno.ma:443
2022-02-16 17:41:12,143:DEBUG:https://uno.ma:443 "GET /apple-bracelet-sport-loop-41-mm-summit-nike-noir-regular-maroc HTTP/1.1" 200 None
2022-02-16 17:41:17,299:DEBUG:Starting new HTTPS connection (1): uno.ma:443
2022-02-16 17:41:18,098:DEBUG:https://uno.ma:443 "GET /apple-bracelet-sport-loop-45-mm-summit-nike-noir-regular-maroc HTTP/1.1" 200 None
2022-02-16 17:41:25,322:DEBUG:Starting new HTTPS connection (1): uno.ma:443
2022-02-16 17:41:26,184:DEBUG:https://uno.ma:443 "GET /apple-bracelet-sport-loop-41-mm-summit-nike-kaki-cargo-regular-maroc HTTP/1.1" 200 None
2022-02-16 17:41:33,373:DEBUG:Starting new HTTPS connection (1): uno.ma:443
2022-02-16 17:41:34,220:DEBUG:https://uno.ma:443 "GET /apple-bracelet-sport-loop-41-mm-summit-nike-blanc-polaire-regular-maroc HTTP/1.1" 200 None
2022-02-16 17:41:38,437:DEBUG:Starting new HTTPS connection (1): uno.ma:443
2022-02-16 17:41:39,284:DEBUG:https://uno.ma:443 "GET /apple-bracelet-nike-sport-41-mm-anthracite-noir-regular-maroc HTTP/1.1" 200 None
2022-02-16 17:41:45,466:DEBUG:Starting new HTTPS connection (1): uno.ma:443
2022-02-16 17:41:46,313:DEBUG:https://uno.ma:443 "GET /apple-bracelet-nike-sport-41-mm-tison-magique-cramoisi-absolu-regular-maroc HTTP/1.1" 200 None
2022-02-16 17:41:50,499:DEBUG:Starting new HTTPS connection (1): uno.ma:443
2022-02-16 17:41:51,371:DEBUG:https://uno.ma:443 "GET /apple-bracelet-nike-sport-45-mm-tison-magique-cramoisi-absolu-regular-maroc HTTP/1.1" 200 None
2022-02-16 17:41:58,533:DEBUG:Starting new HTTPS connection (1): uno.ma:443
2022-02-16 17:41:59,384:DEBUG:https://uno.ma:443 "GET /apple-bracelet-nike-sport-41-mm-bleu-marine-nuit-bleu-marine-mystique-regular-maroc HTTP/1.1" 200 None
2022-02-16 17:42:05,546:DEBUG:Starting new HTTPS connection (1): uno.ma:443
2022-02-16 17:42:06,295:DEBUG:https://uno.ma:443 "GET /apple-bracelet-nike-sport-45-mm-bleu-marine-nuit-bleu-marine-mystique-regular-maroc HTTP/1.1" 200 None
2022-02-16 17:42:13,506:DEBUG:Starting new HTTPS connection (1): uno.ma:443
2022-02-16 17:42:14,899:DEBUG:https://uno.ma:443 "GET /apple-bracelet-nike-sport-41-mm-gris-olive-kaki-cargo-regular-maroc HTTP/1.1" 200 None
2022-02-16 17:42:22,108:DEBUG:Starting new HTTPS connection (1): uno.ma:443
2022-02-16 17:42:23,009:DEBUG:https://uno.ma:443 "GET /apple-bracelet-nike-sport-45-mm-gris-olive-kaki-cargo-regular-maroc HTTP/1.1" 200 None
2022-02-16 17:42:30,169:DEBUG:Starting new HTTPS connection (1): uno.ma:443
2022-02-16 17:42:31,026:DEBUG:https://uno.ma:443 "GET /apple-bracelet-nike-sport-41-mm-platine-pur-noir-regular-maroc HTTP/1.1" 200 None
2022-02-16 17:42:38,232:DEBUG:Starting new HTTPS connection (1): uno.ma:443
2022-02-16 17:42:39,489:DEBUG:https://uno.ma:443 "GET /apple-bracelet-sport-loop-45-mm-jaune-indien-blanc-regular-maroc HTTP/1.1" 200 None
2022-02-16 17:42:43,661:DEBUG:Starting new HTTPS connection (1): uno.ma:443
2022-02-16 17:42:44,607:DEBUG:https://uno.ma:443 "GET /cable-de-charge-magnetique-pour-apple-watch-1-m-maroc HTTP/1.1" 200 None
2022-02-16 17:42:50,721:DEBUG:Starting new HTTPS connection (1): uno.ma:443
2022-02-16 17:42:51,029:DEBUG:https://uno.ma:443 "GET /apple-bracelet-milanese-loop-41-mm-gold-maroc HTTP/1.1" 200 None
2022-02-16 17:42:55,185:DEBUG:Starting new HTTPS connection (1): uno.ma:443
2022-02-16 17:42:55,477:DEBUG:https://uno.ma:443 "GET /apple-bracelet-milanese-loop-45-mm-gold-maroc HTTP/1.1" 200 None
2022-02-16 17:42:59,639:DEBUG:Starting new HTTPS connection (1): uno.ma:443
2022-02-16 17:43:00,482:DEBUG:https://uno.ma:443 "GET /apple-bracelet-milanese-loop-41-mm-silver-maroc HTTP/1.1" 200 None
2022-02-16 17:43:06,641:DEBUG:Starting new HTTPS connection (1): uno.ma:443
2022-02-16 17:43:07,453:DEBUG:https://uno.ma:443 "GET /apple-bracelet-milanese-loop-45-mm-silver-maroc HTTP/1.1" 200 None
2022-02-16 17:43:14,603:DEBUG:Starting new HTTPS connection (1): uno.ma:443
2022-02-16 17:43:15,472:DEBUG:https://uno.ma:443 "GET /apple-bracelet-milanese-loop-41-mm-graphite-maroc HTTP/1.1" 200 None
2022-02-16 17:43:22,753:DEBUG:Starting new HTTPS connection (1): uno.ma:443
2022-02-16 17:43:23,564:DEBUG:https://uno.ma:443 "GET /apple-bracelet-milanese-loop-45-mm-graphite-maroc HTTP/1.1" 200 None
2022-02-16 17:43:37,733:DEBUG:Starting new HTTPS connection (1): uno.ma:443
2022-02-16 17:43:38,044:DEBUG:https://uno.ma:443 "GET /apple-tv-maroc-11 HTTP/1.1" 200 None
2022-02-16 17:43:38,208:DEBUG:Starting new HTTPS connection (1): uno.ma:443
2022-02-16 17:43:38,656:DEBUG:https://uno.ma:443 "GET /apple-tv-4k-32gb-2021-maroc HTTP/1.1" 200 None
2022-02-16 17:43:44,800:DEBUG:Starting new HTTPS connection (1): uno.ma:443
2022-02-16 17:43:45,107:DEBUG:https://uno.ma:443 "GET /apple-tv-4k-64gb-2021-maroc HTTP/1.1" 200 None
2022-02-16 17:43:52,262:DEBUG:Starting new HTTPS connection (1): uno.ma:443
2022-02-16 17:43:54,194:DEBUG:https://uno.ma:443 "GET /telecommande-apple-siri-remote-2e-gen-pour-apple-tv-4k-et-hd-maroc HTTP/1.1" 200 None
2022-02-16 17:44:04,379:DEBUG:Starting new HTTPS connection (1): uno.ma:443
2022-02-16 17:44:04,724:DEBUG:https://uno.ma:443 "GET /accessoires-maroc/cables-chargeurs-maroc/ HTTP/1.1" 200 None
2022-02-16 17:44:04,936:DEBUG:Starting new HTTPS connection (1): uno.ma:443
2022-02-16 17:44:05,221:DEBUG:https://uno.ma:443 "GET /cable-lightning-certifie-hoco-pour-iphone-et-ipad-1m-maroc HTTP/1.1" 200 None
2022-02-16 17:44:10,387:DEBUG:Starting new HTTPS connection (1): uno.ma:443
2022-02-16 17:44:10,670:DEBUG:https://uno.ma:443 "GET /cable-de-charge-magnetique-pour-apple-watch-2-m-maroc HTTP/1.1" 200 None
2022-02-16 17:44:15,809:DEBUG:Starting new HTTPS connection (1): uno.ma:443
2022-02-16 17:44:16,169:DEBUG:https://uno.ma:443 "GET /cable-de-charge-magnetique-usb-c-pour-apple-watch-1-m-maroc HTTP/1.1" 200 None
2022-02-16 17:44:21,314:DEBUG:Starting new HTTPS connection (1): uno.ma:443
2022-02-16 17:44:22,692:DEBUG:https://uno.ma:443 "GET /apple-adaptateur-secteur-usb-12w-maroc HTTP/1.1" 200 None
2022-02-16 17:44:28,866:DEBUG:Starting new HTTPS connection (1): uno.ma:443
2022-02-16 17:44:29,895:DEBUG:https://uno.ma:443 "GET /cable-lightning-certifie-hoco-pour-iphone-et-ipad-3m-maroc HTTP/1.1" 200 None
2022-02-16 17:44:36,075:DEBUG:Starting new HTTPS connection (1): uno.ma:443
2022-02-16 17:44:36,408:DEBUG:https://uno.ma:443 "GET /cable-usb-type-c-certifie-hoco-x1-1m HTTP/1.1" 200 None
2022-02-16 17:44:42,613:DEBUG:Starting new HTTPS connection (1): uno.ma:443
2022-02-16 17:44:42,995:DEBUG:https://uno.ma:443 "GET /cable-anker-powerline-ii-lightning-1m-maroc HTTP/1.1" 200 None
2022-02-16 17:44:49,212:DEBUG:Starting new HTTPS connection (1): uno.ma:443
2022-02-16 17:44:49,521:DEBUG:https://uno.ma:443 "GET /apple-cable-lightning-vers-usb-1-m-maroc HTTP/1.1" 200 None
2022-02-16 17:44:54,684:DEBUG:Starting new HTTPS connection (1): uno.ma:443
2022-02-16 17:44:54,956:DEBUG:https://uno.ma:443 "GET /apple-cable-usb-c-vers-lightning-1m-maroc HTTP/1.1" 200 None
2022-02-16 17:45:01,120:DEBUG:Starting new HTTPS connection (1): uno.ma:443
2022-02-16 17:45:02,536:DEBUG:https://uno.ma:443 "GET /cable-apple-usb-c-vers-lightning-2m-maroc HTTP/1.1" 200 None
2022-02-16 17:45:08,698:DEBUG:Starting new HTTPS connection (1): uno.ma:443
2022-02-16 17:45:09,012:DEBUG:https://uno.ma:443 "GET /apple-chargeur-magsafe-pour-iphone-et-airpods-maroc HTTP/1.1" 200 None
2022-02-16 17:45:16,165:DEBUG:Starting new HTTPS connection (1): uno.ma:443
2022-02-16 17:45:16,456:DEBUG:https://uno.ma:443 "GET /apple-cable-usb-c-vers-usb-c-2m-maroc HTTP/1.1" 200 None
2022-02-16 17:45:21,631:DEBUG:Starting new HTTPS connection (1): uno.ma:443
2022-02-16 17:45:21,984:DEBUG:https://uno.ma:443 "GET /apple-station-de-charge-magnetique-pour-apple-watch-maroc HTTP/1.1" 200 None
2022-02-16 17:45:27,131:DEBUG:Starting new HTTPS connection (1): uno.ma:443
2022-02-16 17:45:27,418:DEBUG:https://uno.ma:443 "GET /cable-de-charge-magnetique-pour-apple-watch-1-m-maroc HTTP/1.1" 200 None
2022-02-16 17:45:34,571:DEBUG:Starting new HTTPS connection (1): uno.ma:443
2022-02-16 17:45:34,858:DEBUG:https://uno.ma:443 "GET /apple-chargeur-secteur-5w-pour-iphone-maroc HTTP/1.1" 200 None
2022-02-16 17:45:39,064:DEBUG:Starting new HTTPS connection (1): uno.ma:443
2022-02-16 17:45:39,376:DEBUG:https://uno.ma:443 "GET /apple-chargeur-secteur-usb-c-20w-pour-iphone-maroc HTTP/1.1" 200 None
2022-02-16 17:45:44,560:DEBUG:Starting new HTTPS connection (1): uno.ma:443
2022-02-16 17:45:44,972:DEBUG:https://uno.ma:443 "GET /apple-cable-usb-c-vers-usb-c-1m-maroc HTTP/1.1" 200 None
2022-02-16 17:45:56,141:DEBUG:Starting new HTTPS connection (1): uno.ma:443
2022-02-16 17:45:56,568:DEBUG:https://uno.ma:443 "GET /accessoires-maroc/accessoires-iphone-maroc/ HTTP/1.1" 200 None
2022-02-16 17:45:56,820:DEBUG:Starting new HTTPS connection (1): uno.ma:443
2022-02-16 17:45:57,128:DEBUG:https://uno.ma:443 "GET /apple-adaptateur-lightning-vers-jack-3-5-mm-maroc HTTP/1.1" 200 None
2022-02-16 17:46:04,309:DEBUG:Starting new HTTPS connection (1): uno.ma:443
2022-02-16 17:46:04,614:DEBUG:https://uno.ma:443 "GET /apple-airpods-3-maroc HTTP/1.1" 200 None
2022-02-16 17:46:08,805:DEBUG:Starting new HTTPS connection (1): uno.ma:443
2022-02-16 17:46:09,427:DEBUG:https://uno.ma:443 "GET /apple-adaptateur-secteur-usb-12w-maroc HTTP/1.1" 200 None
2022-02-16 17:46:15,580:DEBUG:Starting new HTTPS connection (1): uno.ma:443
2022-02-16 17:46:15,900:DEBUG:https://uno.ma:443 "GET /apple-adaptateur-usb-c-vers-jack-3-5-mm-maroc HTTP/1.1" 200 None
2022-02-16 17:46:22,061:DEBUG:Starting new HTTPS connection (1): uno.ma:443
2022-02-16 17:46:22,370:DEBUG:https://uno.ma:443 "GET /apple-cable-lightning-vers-usb-1-m-maroc HTTP/1.1" 200 None
2022-02-16 17:46:28,534:DEBUG:Starting new HTTPS connection (1): uno.ma:443
2022-02-16 17:46:28,854:DEBUG:https://uno.ma:443 "GET /cable-lightning-certifie-hoco-pour-iphone-et-ipad-1m-maroc HTTP/1.1" 200 None
2022-02-16 17:46:33,987:DEBUG:Starting new HTTPS connection (1): uno.ma:443
2022-02-16 17:46:34,312:DEBUG:https://uno.ma:443 "GET /cable-lightning-certifie-hoco-pour-iphone-et-ipad-3m-maroc HTTP/1.1" 200 None
2022-02-16 17:46:38,528:DEBUG:Starting new HTTPS connection (1): uno.ma:443
2022-02-16 17:46:38,857:DEBUG:https://uno.ma:443 "GET /cable-anker-powerline-ii-lightning-1m-maroc HTTP/1.1" 200 None
2022-02-16 17:46:46,068:DEBUG:Starting new HTTPS connection (1): uno.ma:443
2022-02-16 17:46:46,684:DEBUG:https://uno.ma:443 "GET /apple-adaptateur-secteur-usb-c-30w-maroc HTTP/1.1" 200 None
2022-02-16 17:46:53,870:DEBUG:Starting new HTTPS connection (1): uno.ma:443
2022-02-16 17:46:54,570:DEBUG:https://uno.ma:443 "GET /apple-cable-usb-c-vers-lightning-1m-maroc HTTP/1.1" 200 None
2022-02-16 17:47:00,698:DEBUG:Starting new HTTPS connection (1): uno.ma:443
2022-02-16 17:47:00,988:DEBUG:https://uno.ma:443 "GET /cable-apple-usb-c-vers-lightning-2m-maroc HTTP/1.1" 200 None
2022-02-16 17:47:06,138:DEBUG:Starting new HTTPS connection (1): uno.ma:443
2022-02-16 17:47:06,466:DEBUG:https://uno.ma:443 "GET /apple-chargeur-magsafe-pour-iphone-et-airpods-maroc HTTP/1.1" 200 None
2022-02-16 17:47:10,596:DEBUG:Starting new HTTPS connection (1): uno.ma:443
2022-02-16 17:47:11,014:DEBUG:https://uno.ma:443 "GET /ecouteurs-apple-earpods-lightning-maroc HTTP/1.1" 200 None
2022-02-16 17:47:17,281:DEBUG:Starting new HTTPS connection (1): uno.ma:443
2022-02-16 17:47:17,598:DEBUG:https://uno.ma:443 "GET /apple-airtag-pack-1-maroc HTTP/1.1" 200 None
2022-02-16 17:47:21,763:DEBUG:Starting new HTTPS connection (1): uno.ma:443
2022-02-16 17:47:22,472:DEBUG:https://uno.ma:443 "GET /apple-laniere-airtag-airtag-loop-deep-navy-maroc HTTP/1.1" 200 None
2022-02-16 17:47:29,674:DEBUG:Starting new HTTPS connection (1): uno.ma:443
2022-02-16 17:47:30,558:DEBUG:https://uno.ma:443 "GET /apple-laniere-airtag-cuir-airtag-leather-loop-product-red-maroc HTTP/1.1" 200 None
2022-02-16 17:47:34,721:DEBUG:Starting new HTTPS connection (1): uno.ma:443
2022-02-16 17:47:35,566:DEBUG:https://uno.ma:443 "GET /apple-porte-cles-airtag-cuir-product-red-maroc HTTP/1.1" 200 None
2022-02-16 17:47:41,771:DEBUG:Starting new HTTPS connection (1): uno.ma:443
2022-02-16 17:47:42,691:DEBUG:https://uno.ma:443 "GET /apple-porte-cles-airtag-cuir-baltic-blue-maroc HTTP/1.1" 200 None
2022-02-16 17:47:48,842:DEBUG:Starting new HTTPS connection (1): uno.ma:443
2022-02-16 17:47:49,787:DEBUG:https://uno.ma:443 "GET /apple-porte-cles-airtag-cuir-california-poppy-maroc HTTP/1.1" 200 None
2022-02-16 17:47:55,935:DEBUG:Starting new HTTPS connection (1): uno.ma:443
2022-02-16 17:47:56,864:DEBUG:https://uno.ma:443 "GET /apple-porte-cles-airtag-cuir-vert-foret-maroc HTTP/1.1" 200 None
2022-02-16 17:48:01,022:DEBUG:Starting new HTTPS connection (1): uno.ma:443
2022-02-16 17:48:01,812:DEBUG:https://uno.ma:443 "GET /apple-porte-cles-airtag-cuir-citron-de-meyer-maroc HTTP/1.1" 200 None
2022-02-16 17:48:06,966:DEBUG:Starting new HTTPS connection (1): uno.ma:443
2022-02-16 17:48:07,260:DEBUG:https://uno.ma:443 "GET /apple-porte-cles-airtag-cuir-saddle-brown-maroc HTTP/1.1" 200 None
2022-02-16 17:48:11,412:DEBUG:Starting new HTTPS connection (1): uno.ma:443
2022-02-16 17:48:11,706:DEBUG:https://uno.ma:443 "GET /apple-clear-case-avec-magsafe-pour-iphone-13-maroc HTTP/1.1" 200 None
2022-02-16 17:48:17,867:DEBUG:Starting new HTTPS connection (1): uno.ma:443
2022-02-16 17:48:19,128:DEBUG:https://uno.ma:443 "GET /apple-silicone-case-avec-magsafe-pour-iphone-13-mini-maroc HTTP/1.1" 200 None
2022-02-16 17:48:24,326:DEBUG:Starting new HTTPS connection (1): uno.ma:443
2022-02-16 17:48:24,615:DEBUG:https://uno.ma:443 "GET /apple-silicone-case-avec-magsafe-pour-iphone-13-maroc HTTP/1.1" 200 None
2022-02-16 17:48:30,797:DEBUG:Starting new HTTPS connection (1): uno.ma:443
2022-02-16 17:48:31,078:DEBUG:https://uno.ma:443 "GET /apple-silicone-case-avec-magsafe-pour-iphone-13-pro-maroc HTTP/1.1" 200 None
2022-02-16 17:48:35,279:DEBUG:Starting new HTTPS connection (1): uno.ma:443
2022-02-16 17:48:36,267:DEBUG:https://uno.ma:443 "GET /apple-silicone-case-avec-magsafe-pour-iphone-13-pro-max-maroc HTTP/1.1" 200 None
2022-02-16 17:48:42,432:DEBUG:Starting new HTTPS connection (1): uno.ma:443
2022-02-16 17:48:42,740:DEBUG:https://uno.ma:443 "GET /apple-chargeur-secteur-5w-pour-iphone-maroc HTTP/1.1" 200 None
2022-02-16 17:48:47,871:DEBUG:Starting new HTTPS connection (1): uno.ma:443
2022-02-16 17:48:48,177:DEBUG:https://uno.ma:443 "GET /apple-chargeur-secteur-usb-c-20w-pour-iphone-maroc HTTP/1.1" 200 None
2022-02-16 17:48:52,324:DEBUG:Starting new HTTPS connection (1): uno.ma:443
2022-02-16 17:48:52,645:DEBUG:https://uno.ma:443 "GET /apple-adaptateur-lightning-vers-av-numerique HTTP/1.1" 200 None
2022-02-16 17:48:58,858:DEBUG:Starting new HTTPS connection (1): uno.ma:443
2022-02-16 17:48:59,837:DEBUG:https://uno.ma:443 "GET /apple-airtag-pack-4-maroc HTTP/1.1" 200 None
2022-02-16 17:49:11,054:DEBUG:Starting new HTTPS connection (1): uno.ma:443
2022-02-16 17:49:11,345:DEBUG:https://uno.ma:443 "GET /accessoires-maroc/accessoires-mac-maroc/ HTTP/1.1" 200 None
2022-02-16 17:49:11,516:DEBUG:Starting new HTTPS connection (1): uno.ma:443
2022-02-16 17:49:11,798:DEBUG:https://uno.ma:443 "GET /apple-adaptateur-usb-c-vers-jack-3-5-mm-maroc HTTP/1.1" 200 None
2022-02-16 17:49:17,969:DEBUG:Starting new HTTPS connection (1): uno.ma:443
2022-02-16 17:49:18,310:DEBUG:https://uno.ma:443 "GET /clavier-apple-magic-keyboard-3-maroc HTTP/1.1" 200 None
2022-02-16 17:49:22,429:DEBUG:Starting new HTTPS connection (1): uno.ma:443
2022-02-16 17:49:22,731:DEBUG:https://uno.ma:443 "GET /apple-adaptateur-mini-displayport-vers-vga-maroc HTTP/1.1" 200 None
2022-02-16 17:49:26,879:DEBUG:Starting new HTTPS connection (1): uno.ma:443
2022-02-16 17:49:27,184:DEBUG:https://uno.ma:443 "GET /apple-airpods-pro-with-magsafe-maroc HTTP/1.1" 200 None
2022-02-16 17:49:31,345:DEBUG:Starting new HTTPS connection (1): uno.ma:443
2022-02-16 17:49:31,674:DEBUG:https://uno.ma:443 "GET /apple-adaptateur-usb-c-vers-usb-maroc HTTP/1.1" 200 None
2022-02-16 17:49:38,837:DEBUG:Starting new HTTPS connection (1): uno.ma:443
2022-02-16 17:49:39,157:DEBUG:https://uno.ma:443 "GET /apple-adaptateur-usb-c-vga-multiport-mj1l2zm-a-maroc HTTP/1.1" 200 None
2022-02-16 17:49:44,343:DEBUG:Starting new HTTPS connection (1): uno.ma:443
2022-02-16 17:49:45,059:DEBUG:https://uno.ma:443 "GET /apple-adaptateur-usb-c-hdmi-multiport-mj1k2zm-a-maroc HTTP/1.1" 200 None
2022-02-16 17:49:52,197:DEBUG:Starting new HTTPS connection (1): uno.ma:443
2022-02-16 17:49:52,626:DEBUG:https://uno.ma:443 "GET /apple-chargeur-magsafe-2-pour-mac-maroc HTTP/1.1" 200 None
2022-02-16 17:49:58,834:DEBUG:Starting new HTTPS connection (1): uno.ma:443
2022-02-16 17:49:59,130:DEBUG:https://uno.ma:443 "GET /apple-adaptateur-secteur-usb-c-30w-maroc HTTP/1.1" 200 None
2022-02-16 17:50:04,288:DEBUG:Starting new HTTPS connection (1): uno.ma:443
2022-02-16 17:50:04,607:DEBUG:https://uno.ma:443 "GET /apple-adaptateur-secteur-usb-c-61w-maroc HTTP/1.1" 200 None
2022-02-16 17:50:11,759:DEBUG:Starting new HTTPS connection (1): uno.ma:443
2022-02-16 17:50:12,171:DEBUG:https://uno.ma:443 "GET /apple-cable-usb-c-vers-usb-c-2m-maroc HTTP/1.1" 200 None
2022-02-16 17:50:18,776:DEBUG:Starting new HTTPS connection (1): uno.ma:443
2022-02-16 17:50:19,251:DEBUG:https://uno.ma:443 "GET /apple-magic-mouse-3-maroc HTTP/1.1" 200 None
2022-02-16 17:50:24,414:DEBUG:Starting new HTTPS connection (1): uno.ma:443
2022-02-16 17:50:26,393:DEBUG:https://uno.ma:443 "GET /hp-elite-telecommande-de-presentation-avec-pointeur-laser-virtuel-maroc HTTP/1.1" 200 None
2022-02-16 17:50:33,485:DEBUG:Starting new HTTPS connection (1): uno.ma:443
2022-02-16 17:50:35,382:DEBUG:https://uno.ma:443 "GET /apple-magic-trackpad-2-maroc HTTP/1.1" 200 None
2022-02-16 17:50:41,535:DEBUG:Starting new HTTPS connection (1): uno.ma:443
2022-02-16 17:50:42,130:DEBUG:https://uno.ma:443 "GET /apple-magic-trackpad-2-gris-sideral-black HTTP/1.1" 200 None
2022-02-16 17:50:47,419:DEBUG:Starting new HTTPS connection (1): uno.ma:443
2022-02-16 17:50:48,510:DEBUG:https://uno.ma:443 "GET /clavier-apple-magic-keyboard-maroc HTTP/1.1" 200 None
2022-02-16 17:50:52,659:DEBUG:Starting new HTTPS connection (1): uno.ma:443
2022-02-16 17:50:53,194:DEBUG:https://uno.ma:443 "GET /apple-airpods-2-wireless-maroc HTTP/1.1" 200 None
2022-02-16 17:50:57,353:DEBUG:Starting new HTTPS connection (1): uno.ma:443
2022-02-16 17:50:58,193:DEBUG:https://uno.ma:443 "GET /apple-airpods-max-maroc HTTP/1.1" 200 None
2022-02-16 17:51:02,263:DEBUG:Starting new HTTPS connection (1): uno.ma:443
2022-02-16 17:51:02,579:DEBUG:https://uno.ma:443 "GET /housse-rivacase-pour-macbook-13-maroc HTTP/1.1" 200 None
2022-02-16 17:51:08,779:DEBUG:Starting new HTTPS connection (1): uno.ma:443
2022-02-16 17:51:10,011:DEBUG:https://uno.ma:443 "GET /apple-housse-cuir-leather-sleeve-pour-macbook-pro-16-maroc HTTP/1.1" 200 None
2022-02-16 17:51:17,193:DEBUG:Starting new HTTPS connection (1): uno.ma:443
2022-02-16 17:51:17,535:DEBUG:https://uno.ma:443 "GET /apple-adaptateur-secteur-usb-c-96w-maroc HTTP/1.1" 200 None
2022-02-16 17:51:24,634:DEBUG:Starting new HTTPS connection (1): uno.ma:443
2022-02-16 17:51:24,944:DEBUG:https://uno.ma:443 "GET /apple-cable-usb-c-vers-usb-c-1m-maroc HTTP/1.1" 200 None
2022-02-16 17:51:29,099:DEBUG:Starting new HTTPS connection (1): uno.ma:443
2022-02-16 17:51:29,428:DEBUG:https://uno.ma:443 "GET /clavier-apple-magic-keyboard-avec-pave-numerique-maroc HTTP/1.1" 200 None
2022-02-16 17:51:33,559:DEBUG:Starting new HTTPS connection (1): uno.ma:443
2022-02-16 17:51:33,896:DEBUG:https://uno.ma:443 "GET /apple-airpods-2-maroc-1196 HTTP/1.1" 200 None
2022-02-16 17:51:41,066:DEBUG:Starting new HTTPS connection (1): uno.ma:443
2022-02-16 17:51:41,495:DEBUG:https://uno.ma:443 "GET /apple-airpods-pro-maroc HTTP/1.1" 200 None
2022-02-16 17:51:47,578:DEBUG:Starting new HTTPS connection (1): uno.ma:443
2022-02-16 17:51:47,900:DEBUG:https://uno.ma:443 "GET /coque-de-protection-transparente-pour-macbook-maroc HTTP/1.1" 200 None
2022-02-16 17:51:58,082:DEBUG:Starting new HTTPS connection (1): uno.ma:443
2022-02-16 17:51:58,399:DEBUG:https://uno.ma:443 "GET /accessoires-maroc/powerbank-maroc/ HTTP/1.1" 200 None
2022-02-16 17:51:58,556:DEBUG:Starting new HTTPS connection (1): uno.ma:443
2022-02-16 17:52:00,333:DEBUG:https://uno.ma:443 "GET /powerbank-anker-astro-e1-5200-mah-maroc HTTP/1.1" 200 None
2022-02-16 17:52:06,495:DEBUG:Starting new HTTPS connection (1): uno.ma:443
2022-02-16 17:52:06,899:DEBUG:https://uno.ma:443 "GET /powerbank-anker-powercore-10000mah-maroc HTTP/1.1" 200 None
2022-02-16 17:52:13,074:DEBUG:Starting new HTTPS connection (1): uno.ma:443
2022-02-16 17:52:13,384:DEBUG:https://uno.ma:443 "GET /powerbank-anker-powercore-13000-mah-maroc HTTP/1.1" 200 None
2022-02-16 17:52:20,568:DEBUG:Starting new HTTPS connection (1): uno.ma:443
2022-02-16 17:52:22,225:DEBUG:https://uno.ma:443 "GET /powerbank-anker-powercore-10400-mah-maroc HTTP/1.1" 200 None
2022-02-16 17:52:29,468:DEBUG:Starting new HTTPS connection (1): uno.ma:443
2022-02-16 17:52:29,866:DEBUG:https://uno.ma:443 "GET /powerbank-anker-powercore-ii-slim-10000-mah-maroc HTTP/1.1" 200 None
2022-02-16 17:52:37,039:DEBUG:Starting new HTTPS connection (1): uno.ma:443
2022-02-16 17:52:37,340:DEBUG:https://uno.ma:443 "GET /powerbank-anker-powercore-15600mah-maroc HTTP/1.1" 200 None
2022-02-16 17:52:43,504:DEBUG:Starting new HTTPS connection (1): uno.ma:443
2022-02-16 17:52:44,713:DEBUG:https://uno.ma:443 "GET /powerbank-hoco-b32-sans-fil-8000-mah-noir-maroc HTTP/1.1" 200 None
2022-02-16 17:52:55,878:DEBUG:Starting new HTTPS connection (1): uno.ma:443
2022-02-16 17:52:56,218:DEBUG:https://uno.ma:443 "GET /accessoires-maroc/coques-etuis-iphone-maroc/ HTTP/1.1" 200 None
2022-02-16 17:52:56,380:DEBUG:Starting new HTTPS connection (1): uno.ma:443
2022-02-16 17:52:56,656:DEBUG:https://uno.ma:443 "GET /apple-silicone-case-avec-magsafe-pour-iphone-13-mini-maroc HTTP/1.1" 200 None
2022-02-16 17:53:00,821:DEBUG:Starting new HTTPS connection (1): uno.ma:443
2022-02-16 17:53:01,258:DEBUG:https://uno.ma:443 "GET /apple-silicone-case-avec-magsafe-pour-iphone-13-maroc HTTP/1.1" 200 None
2022-02-16 17:53:06,394:DEBUG:Starting new HTTPS connection (1): uno.ma:443
2022-02-16 17:53:07,698:DEBUG:https://uno.ma:443 "GET /coque-silicone-transparente-cristal-pour-iphone-maroc HTTP/1.1" 200 None
2022-02-16 17:53:12,858:DEBUG:Starting new HTTPS connection (1): uno.ma:443
2022-02-16 17:53:13,289:DEBUG:https://uno.ma:443 "GET /apple-silicone-case-avec-magsafe-pour-iphone-13-pro-maroc HTTP/1.1" 200 None
2022-02-16 17:53:17,727:DEBUG:Starting new HTTPS connection (1): uno.ma:443
2022-02-16 17:53:18,163:DEBUG:https://uno.ma:443 "GET /apple-silicone-case-avec-magsafe-pour-iphone-13-pro-max-maroc HTTP/1.1" 200 None
2022-02-16 17:53:23,754:DEBUG:Starting new HTTPS connection (1): uno.ma:443
2022-02-16 17:53:24,156:DEBUG:https://uno.ma:443 "GET /housse-rivacase-pour-macbook-13-maroc HTTP/1.1" 200 None
2022-02-16 17:53:30,302:DEBUG:Starting new HTTPS connection (1): uno.ma:443
2022-02-16 17:53:30,589:DEBUG:https://uno.ma:443 "GET /apple-clear-case-avec-magsafe-pour-iphone-13-maroc HTTP/1.1" 200 None
2022-02-16 17:53:34,735:DEBUG:Starting new HTTPS connection (1): uno.ma:443
2022-02-16 17:53:36,289:DEBUG:https://uno.ma:443 "GET /film-de-protection-nano-shield-indestructible-pour-iphone-maroc HTTP/1.1" 200 None
2022-02-16 17:53:42,500:DEBUG:Starting new HTTPS connection (1): uno.ma:443
2022-02-16 17:53:42,835:DEBUG:https://uno.ma:443 "GET /film-de-confidentialite-indestructible-iphone-maroc HTTP/1.1" 200 None
2022-02-16 17:53:48,025:DEBUG:Starting new HTTPS connection (1): uno.ma:443
2022-02-16 17:53:48,432:DEBUG:https://uno.ma:443 "GET /apple-housse-cuir-leather-sleeve-pour-macbook-pro-16-maroc HTTP/1.1" 200 None
2022-02-16 17:53:53,564:DEBUG:Starting new HTTPS connection (1): uno.ma:443
2022-02-16 17:53:55,913:DEBUG:https://uno.ma:443 "GET /coque-lumee-iphone-selfie-led-maroc HTTP/1.1" 200 None
2022-02-16 17:54:02,982:DEBUG:Starting new HTTPS connection (1): uno.ma:443
2022-02-16 17:54:03,298:DEBUG:https://uno.ma:443 "GET /coque-de-protection-transparente-pour-macbook-maroc HTTP/1.1" 200 None
2022-02-16 17:54:14,721:DEBUG:Starting new HTTPS connection (1): uno.ma:443
2022-02-16 17:54:15,038:DEBUG:https://uno.ma:443 "GET /accessoires-maroc/stockage-maroc/ HTTP/1.1" 200 None
2022-02-16 17:54:15,199:DEBUG:Starting new HTTPS connection (1): uno.ma:443
2022-02-16 17:54:17,357:DEBUG:https://uno.ma:443 "GET /sandisk-extreme-510-480-go-disque-dur-portable-maroc HTTP/1.1" 200 None
2022-02-16 17:54:24,523:DEBUG:Starting new HTTPS connection (1): uno.ma:443
2022-02-16 17:54:26,095:DEBUG:https://uno.ma:443 "GET /lg-graveur-dvd-et-m-disc-externe-slim HTTP/1.1" 200 None
2022-02-16 17:54:33,273:DEBUG:Starting new HTTPS connection (1): uno.ma:443
2022-02-16 17:54:33,608:DEBUG:https://uno.ma:443 "GET /stfr1000800-disque-dur-mobile-lacie-rugged-thunderbolt-usb-c-de-2-to-maroc HTTP/1.1" 200 None
2022-02-16 17:54:37,766:DEBUG:Starting new HTTPS connection (1): uno.ma:443
2022-02-16 17:54:38,784:DEBUG:https://uno.ma:443 "GET /netac-disque-dur-externe-250-gb-ssd-type-c-maroc HTTP/1.1" 200 None
2022-02-16 17:54:44,012:DEBUG:Starting new HTTPS connection (1): uno.ma:443
2022-02-16 17:54:45,138:DEBUG:https://uno.ma:443 "GET /sthg2000400-disque-dur-externe-2-5-sur-port-usb-3-1-type-c-lacie-mobile-drive-2-to-argent-usb-3-1-type-c HTTP/1.1" 200 None
2022-02-16 17:54:49,345:DEBUG:Starting new HTTPS connection (1): uno.ma:443
2022-02-16 17:54:49,642:DEBUG:https://uno.ma:443 "GET /disque-dur-externe-seagate-portable-expansion-1to-2-5-usb-3-0-maroc HTTP/1.1" 200 None
2022-02-16 17:54:54,837:DEBUG:Starting new HTTPS connection (1): uno.ma:443
2022-02-16 17:54:55,135:DEBUG:https://uno.ma:443 "GET /lacie-ssd-portable-1-to-disque-ssd-externe-usb-c-3-1 HTTP/1.1" 200 None
2022-02-16 17:55:02,314:DEBUG:Starting new HTTPS connection (1): uno.ma:443
2022-02-16 17:55:04,579:DEBUG:https://uno.ma:443 "GET /netac-disque-dur-externe-500-gb-ssd-type-c-maroc HTTP/1.1" 200 None
2022-02-16 17:55:08,741:DEBUG:Starting new HTTPS connection (1): uno.ma:443
2022-02-16 17:55:10,711:DEBUG:https://uno.ma:443 "GET /cle-usb-sandisk-cle-ultra-usb-3-0-32-go-100mb-s HTTP/1.1" 200 None
2022-02-16 17:55:16,866:DEBUG:Starting new HTTPS connection (1): uno.ma:443
2022-02-16 17:55:18,719:DEBUG:https://uno.ma:443 "GET /disque-dur-externe-seagate-portable-expansion-2to-2-5-usb-3-0-maroc HTTP/1.1" 200 None
2022-02-16 17:55:25,929:DEBUG:Starting new HTTPS connection (1): uno.ma:443
2022-02-16 17:55:26,244:DEBUG:https://uno.ma:443 "GET /stfr2000800-disque-dur-mobile-lacie-rugged-thunderbolt-usb-c-de-2-to-maroc HTTP/1.1" 200 None
2022-02-16 17:55:30,398:DEBUG:Starting new HTTPS connection (1): uno.ma:443
2022-02-16 17:55:32,356:DEBUG:https://uno.ma:443 "GET /sandisk-ultra-dual-drive-usb-type-c-64-go HTTP/1.1" 200 None
2022-02-16 17:55:36,531:DEBUG:Starting new HTTPS connection (1): uno.ma:443
2022-02-16 17:55:36,848:DEBUG:https://uno.ma:443 "GET /sthg1000400-disque-dur-externe-2-5-sur-port-usb-3-1-type-c-lacie-mobile-drive-1-to-argent-usb-3-1-type-c HTTP/1.1" 200 None
2022-02-16 17:55:43,008:DEBUG:Starting new HTTPS connection (1): uno.ma:443
2022-02-16 17:55:43,389:DEBUG:https://uno.ma:443 "GET /sandisk-carte-memoire-microsdhc-32-go-adaptateur-sd HTTP/1.1" 200 None
2022-02-16 17:55:48,560:DEBUG:Starting new HTTPS connection (1): uno.ma:443
2022-02-16 17:55:49,705:DEBUG:https://uno.ma:443 "GET /sandisk-carte-memoire-sdxc-extreme-pro-64-go HTTP/1.1" 200 None
2022-02-16 17:55:53,823:DEBUG:Starting new HTTPS connection (1): uno.ma:443
2022-02-16 17:55:55,829:DEBUG:https://uno.ma:443 "GET /sandisk-ultra-microsdxc-64-go-adaptateur-sd HTTP/1.1" 200 None
2022-02-16 17:56:01,929:DEBUG:Starting new HTTPS connection (1): uno.ma:443
2022-02-16 17:56:03,108:DEBUG:https://uno.ma:443 "GET /sandisk-carte-memoire-microsdhc-16-go-adaptateur-sd HTTP/1.1" 200 None
2022-02-16 17:56:15,260:DEBUG:Starting new HTTPS connection (1): uno.ma:443
2022-02-16 17:56:15,775:DEBUG:https://uno.ma:443 "GET /accessoires-maroc/wacom-maroc/ HTTP/1.1" 200 None
2022-02-16 17:56:15,850:DEBUG:Starting new HTTPS connection (1): uno.ma:443
2022-02-16 17:56:16,528:DEBUG:https://uno.ma:443 "GET /tablette-graphique-wacom-one-by-wacom-small-maroc HTTP/1.1" 200 None
2022-02-16 17:56:22,683:DEBUG:Starting new HTTPS connection (1): uno.ma:443
2022-02-16 17:56:23,193:DEBUG:https://uno.ma:443 "GET /tablette-graphique-wacom-one-by-wacom-medium-maroc HTTP/1.1" 200 None
2022-02-16 17:56:29,297:DEBUG:Starting new HTTPS connection (1): uno.ma:443
2022-02-16 17:56:29,665:DEBUG:https://uno.ma:443 "GET /tablette-graphique-wacom-intuos-avec-bluetooth-small-pistache-maroc HTTP/1.1" 200 None
2022-02-16 17:56:35,854:DEBUG:Starting new HTTPS connection (1): uno.ma:443
2022-02-16 17:56:36,139:DEBUG:https://uno.ma:443 "GET /tablette-graphique-wacom-intuos-s-avec-bluetooth-noir HTTP/1.1" 200 None
2022-02-16 17:56:41,318:DEBUG:Starting new HTTPS connection (1): uno.ma:443
2022-02-16 17:56:41,679:DEBUG:https://uno.ma:443 "GET /tablette-graphique-wacom-intuos-avec-bluetooth-medium-noir-maroc HTTP/1.1" 200 None
2022-02-16 17:56:47,835:DEBUG:Starting new HTTPS connection (1): uno.ma:443
2022-02-16 17:56:48,175:DEBUG:https://uno.ma:443 "GET /tablette-graphique-wacom-one-pen-display-13-maroc HTTP/1.1" 200 None
