02/21/2022 02:13:02 PM Starting new HTTP connection (1): 127.0.0.1:9999
02/21/2022 02:13:02 PM http://127.0.0.1:9999 "GET /options?website=uno HTTP/1.1" 200 6394
02/21/2022 02:13:02 PM ERROR IN LINE 49
02/21/2022 02:13:02 PM 'connexion_adapter'
02/21/2022 02:13:02 PM ERROR IN LINE 49
02/21/2022 02:13:02 PM 'connexion_adapter'
02/21/2022 02:13:02 PM ERROR IN LINE 49
02/21/2022 02:13:02 PM 'connexion_adapter'
02/21/2022 02:13:02 PM ERROR IN LINE 49
02/21/2022 02:13:02 PM 'connexion_adapter'
02/21/2022 02:13:02 PM ERROR IN LINE 49
02/21/2022 02:13:02 PM 'connexion_adapter'
02/21/2022 02:13:02 PM ERROR IN LINE 49
02/21/2022 02:13:02 PM 'connexion_adapter'
02/21/2022 02:13:02 PM ERROR IN LINE 49
02/21/2022 02:13:02 PM 'connexion_adapter'
02/21/2022 02:13:02 PM ERROR IN LINE 49
02/21/2022 02:13:02 PM 'connexion_adapter'
02/21/2022 02:13:02 PM ERROR IN LINE 49
02/21/2022 02:13:02 PM 'connexion_adapter'
02/21/2022 02:13:02 PM ERROR IN LINE 49
02/21/2022 02:13:02 PM 'connexion_adapter'
02/21/2022 02:13:02 PM ERROR IN LINE 47
02/21/2022 02:13:02 PM 'ram'
02/21/2022 02:13:02 PM ERROR IN LINE 47
02/21/2022 02:13:02 PM 'ram'
02/21/2022 02:13:02 PM ERROR IN LINE 47
02/21/2022 02:13:02 PM 'ram'
02/21/2022 02:13:02 PM ERROR IN LINE 47
02/21/2022 02:13:02 PM 'ram'
02/21/2022 02:13:02 PM ERROR IN LINE 47
02/21/2022 02:13:02 PM 'ram'
02/21/2022 02:13:02 PM ERROR IN LINE 47
02/21/2022 02:13:02 PM 'ram'
02/21/2022 02:13:02 PM ERROR IN LINE 47
02/21/2022 02:13:02 PM 'ram'
02/21/2022 02:13:02 PM ERROR IN LINE 47
02/21/2022 02:13:02 PM 'ram'
02/21/2022 02:13:02 PM ERROR IN LINE 47
02/21/2022 02:13:02 PM 'ram'
02/21/2022 02:13:02 PM ERROR IN LINE 47
02/21/2022 02:13:02 PM 'ram'
02/21/2022 02:13:02 PM ERROR IN LINE 47
02/21/2022 02:13:02 PM 'ram'
02/21/2022 02:13:02 PM ERROR IN LINE 47
02/21/2022 02:13:02 PM 'ram'
02/21/2022 02:13:02 PM ERROR IN LINE 47
02/21/2022 02:13:02 PM 'ram'
02/21/2022 02:13:02 PM ERROR IN LINE 47
02/21/2022 02:13:02 PM 'ram'
02/21/2022 02:13:02 PM ERROR IN LINE 47
02/21/2022 02:13:02 PM 'ram'
02/21/2022 02:13:02 PM ERROR IN LINE 47
02/21/2022 02:13:02 PM 'ram'
02/21/2022 02:13:02 PM ERROR IN LINE 47
02/21/2022 02:13:02 PM 'ram'
02/21/2022 02:13:02 PM ERROR IN LINE 47
02/21/2022 02:13:02 PM 'ram'
02/21/2022 02:13:02 PM ERROR IN LINE 47
02/21/2022 02:13:02 PM 'ram'
02/21/2022 02:13:02 PM ERROR IN LINE 47
02/21/2022 02:13:02 PM 'ram'
02/21/2022 02:13:02 PM ERROR IN LINE 47
02/21/2022 02:13:02 PM 'ram'
02/21/2022 02:13:02 PM ERROR IN LINE 47
02/21/2022 02:13:02 PM 'ram'
02/21/2022 02:13:02 PM ERROR IN LINE 47
02/21/2022 02:13:02 PM 'ram'
02/21/2022 02:13:02 PM ERROR IN LINE 47
02/21/2022 02:13:02 PM 'ram'
02/21/2022 02:13:02 PM ERROR IN LINE 47
02/21/2022 02:13:02 PM 'ram'
02/21/2022 02:13:02 PM ERROR IN LINE 47
02/21/2022 02:13:02 PM 'ram'
02/21/2022 02:13:02 PM ERROR IN LINE 47
02/21/2022 02:13:02 PM 'ram'
02/21/2022 02:13:02 PM ERROR IN LINE 47
02/21/2022 02:13:02 PM 'ram'
02/21/2022 02:13:02 PM ERROR IN LINE 47
02/21/2022 02:13:02 PM 'ram'
02/21/2022 02:13:02 PM ERROR IN LINE 47
02/21/2022 02:13:02 PM 'ram'
02/21/2022 02:13:02 PM ERROR IN LINE 47
02/21/2022 02:13:02 PM 'ram'
02/21/2022 02:13:02 PM ERROR IN LINE 47
02/21/2022 02:13:02 PM 'ram'
02/21/2022 02:13:02 PM ERROR IN LINE 47
02/21/2022 02:13:02 PM 'ram'
02/21/2022 02:13:02 PM ERROR IN LINE 47
02/21/2022 02:13:02 PM 'ram'
02/21/2022 02:13:02 PM ERROR IN LINE 47
02/21/2022 02:13:02 PM 'ram'
02/21/2022 02:13:02 PM ERROR IN LINE 47
02/21/2022 02:13:02 PM 'ram'
02/21/2022 02:13:02 PM ERROR IN LINE 47
02/21/2022 02:13:02 PM 'ram'
02/21/2022 02:13:02 PM ERROR IN LINE 47
02/21/2022 02:13:02 PM 'ram'
02/21/2022 02:13:02 PM ERROR IN LINE 47
02/21/2022 02:13:02 PM 'ram'
02/21/2022 02:13:02 PM ERROR IN LINE 47
02/21/2022 02:13:02 PM 'ram'
02/21/2022 02:13:02 PM ERROR IN LINE 47
02/21/2022 02:13:02 PM 'ram'
02/21/2022 02:13:02 PM ERROR IN LINE 47
02/21/2022 02:13:02 PM 'ram'
02/21/2022 02:13:02 PM ERROR IN LINE 47
02/21/2022 02:13:02 PM 'ram'
02/21/2022 02:13:02 PM ERROR IN LINE 47
02/21/2022 02:13:02 PM 'ram'
02/21/2022 02:13:02 PM ERROR IN LINE 47
02/21/2022 02:13:02 PM 'ram'
02/21/2022 02:13:02 PM ERROR IN LINE 47
02/21/2022 02:13:02 PM 'ram'
02/21/2022 02:13:02 PM ERROR IN LINE 47
02/21/2022 02:13:02 PM 'ram'
02/21/2022 02:13:02 PM ERROR IN LINE 47
02/21/2022 02:13:02 PM 'ram'
02/21/2022 02:13:02 PM ERROR IN LINE 47
02/21/2022 02:13:02 PM 'ram'
02/21/2022 02:13:02 PM ERROR IN LINE 47
02/21/2022 02:13:02 PM 'ram'
02/21/2022 02:13:02 PM ERROR IN LINE 46
02/21/2022 02:13:02 PM 'garantie'
02/21/2022 02:13:02 PM ERROR IN LINE 46
02/21/2022 02:13:02 PM 'garantie'
02/21/2022 02:13:02 PM ERROR IN LINE 46
02/21/2022 02:13:02 PM 'garantie'
02/21/2022 02:13:02 PM ERROR IN LINE 49
02/21/2022 02:13:02 PM 'connexion_adapter'
02/21/2022 02:13:02 PM ERROR IN LINE 46
02/21/2022 02:13:02 PM 'garantie'
02/21/2022 02:13:02 PM ERROR IN LINE 46
02/21/2022 02:13:02 PM 'garantie'
02/21/2022 02:13:02 PM ERROR IN LINE 46
02/21/2022 02:13:02 PM 'garantie'
02/21/2022 02:13:02 PM ERROR IN LINE 46
02/21/2022 02:13:02 PM 'garantie'
02/21/2022 02:13:02 PM ERROR IN LINE 46
02/21/2022 02:13:02 PM 'garantie'
02/21/2022 02:13:02 PM ERROR IN LINE 46
02/21/2022 02:13:02 PM 'garantie'
02/21/2022 02:13:02 PM ERROR IN LINE 47
02/21/2022 02:13:02 PM 'ram'
02/21/2022 02:13:02 PM ERROR IN LINE 47
02/21/2022 02:13:02 PM 'ram'
02/21/2022 02:13:02 PM ERROR IN LINE 47
02/21/2022 02:13:02 PM 'ram'
02/21/2022 02:13:02 PM ERROR IN LINE 47
02/21/2022 02:13:02 PM 'ram'
02/21/2022 02:13:02 PM ERROR IN LINE 47
02/21/2022 02:13:02 PM 'ram'
02/21/2022 02:13:02 PM ERROR IN LINE 47
02/21/2022 02:13:02 PM 'ram'
02/21/2022 02:13:02 PM ERROR IN LINE 47
02/21/2022 02:13:02 PM 'ram'
02/21/2022 02:13:02 PM ERROR IN LINE 47
02/21/2022 02:13:02 PM 'ram'
02/21/2022 02:13:02 PM ERROR IN LINE 47
02/21/2022 02:13:02 PM 'ram'
02/21/2022 02:13:02 PM ERROR IN LINE 47
02/21/2022 02:13:02 PM 'ram'
02/21/2022 02:13:02 PM ERROR IN LINE 47
02/21/2022 02:13:02 PM 'ram'
02/21/2022 02:13:02 PM ERROR IN LINE 47
02/21/2022 02:13:02 PM 'ram'
02/21/2022 02:13:02 PM ERROR IN LINE 47
02/21/2022 02:13:02 PM 'ram'
02/21/2022 02:13:02 PM ERROR IN LINE 47
02/21/2022 02:13:02 PM 'ram'
02/21/2022 02:13:02 PM ERROR IN LINE 47
02/21/2022 02:13:02 PM 'ram'
02/21/2022 02:13:02 PM ERROR IN LINE 47
02/21/2022 02:13:02 PM 'ram'
02/21/2022 02:13:02 PM ERROR IN LINE 47
02/21/2022 02:13:02 PM 'ram'
02/21/2022 02:13:02 PM ERROR IN LINE 47
02/21/2022 02:13:02 PM 'ram'
02/21/2022 02:13:02 PM ERROR IN LINE 47
02/21/2022 02:13:02 PM 'ram'
02/21/2022 02:13:02 PM ERROR IN LINE 47
02/21/2022 02:13:02 PM 'ram'
02/21/2022 02:13:02 PM ERROR IN LINE 47
02/21/2022 02:13:02 PM 'ram'
02/21/2022 02:13:02 PM ERROR IN LINE 47
02/21/2022 02:13:02 PM 'ram'
02/21/2022 02:13:02 PM ERROR IN LINE 47
02/21/2022 02:13:02 PM 'ram'
02/21/2022 02:13:02 PM ERROR IN LINE 47
02/21/2022 02:13:02 PM 'ram'
02/21/2022 02:13:02 PM ERROR IN LINE 47
02/21/2022 02:13:02 PM 'ram'
02/21/2022 02:13:02 PM ERROR IN LINE 47
02/21/2022 02:13:02 PM 'ram'
02/21/2022 02:13:02 PM ERROR IN LINE 47
02/21/2022 02:13:02 PM 'ram'
02/21/2022 02:13:02 PM ERROR IN LINE 47
02/21/2022 02:13:02 PM 'ram'
02/21/2022 02:13:02 PM ERROR IN LINE 47
02/21/2022 02:13:02 PM 'ram'
02/21/2022 02:13:02 PM ERROR IN LINE 47
02/21/2022 02:13:02 PM 'ram'
02/21/2022 02:13:02 PM ERROR IN LINE 47
02/21/2022 02:13:02 PM 'ram'
02/21/2022 02:13:02 PM ERROR IN LINE 47
02/21/2022 02:13:02 PM 'ram'
02/21/2022 02:13:02 PM ERROR IN LINE 47
02/21/2022 02:13:02 PM 'ram'
02/21/2022 02:13:02 PM ERROR IN LINE 47
02/21/2022 02:13:02 PM 'ram'
02/21/2022 02:13:02 PM ERROR IN LINE 47
02/21/2022 02:13:02 PM 'ram'
02/21/2022 02:13:02 PM ERROR IN LINE 47
02/21/2022 02:13:02 PM 'ram'
02/21/2022 02:13:02 PM ERROR IN LINE 47
02/21/2022 02:13:02 PM 'ram'
02/21/2022 02:13:02 PM ERROR IN LINE 47
02/21/2022 02:13:02 PM 'ram'
02/21/2022 02:13:02 PM ERROR IN LINE 47
02/21/2022 02:13:02 PM 'ram'
02/21/2022 02:13:02 PM ERROR IN LINE 47
02/21/2022 02:13:02 PM 'ram'
02/21/2022 02:13:02 PM ERROR IN LINE 47
02/21/2022 02:13:02 PM 'ram'
02/21/2022 02:13:02 PM ERROR IN LINE 47
02/21/2022 02:13:02 PM 'ram'
02/21/2022 02:13:02 PM ERROR IN LINE 47
02/21/2022 02:13:02 PM 'ram'
02/21/2022 02:13:02 PM ERROR IN LINE 47
02/21/2022 02:13:02 PM 'ram'
02/21/2022 02:13:02 PM ERROR IN LINE 47
02/21/2022 02:13:02 PM 'ram'
02/21/2022 02:13:02 PM ERROR IN LINE 47
02/21/2022 02:13:02 PM 'ram'
02/21/2022 02:13:02 PM ERROR IN LINE 45
02/21/2022 02:13:02 PM 'color'
02/21/2022 02:13:02 PM ERROR IN LINE 45
02/21/2022 02:13:02 PM 'color'
02/21/2022 02:13:02 PM ERROR IN LINE 45
02/21/2022 02:13:02 PM 'color'
02/21/2022 02:13:02 PM ERROR IN LINE 45
02/21/2022 02:13:02 PM 'color'
02/21/2022 02:13:02 PM ERROR IN LINE 45
02/21/2022 02:13:02 PM 'color'
02/21/2022 02:13:02 PM ERROR IN LINE 45
02/21/2022 02:13:02 PM 'color'
02/21/2022 02:13:02 PM ERROR IN LINE 45
02/21/2022 02:13:02 PM 'color'
02/21/2022 02:13:02 PM ERROR IN LINE 45
02/21/2022 02:13:02 PM 'color'
02/21/2022 02:13:02 PM ERROR IN LINE 45
02/21/2022 02:13:02 PM 'color'
02/21/2022 02:13:02 PM ERROR IN LINE 45
02/21/2022 02:13:02 PM 'color'
02/21/2022 02:13:02 PM ERROR IN LINE 45
02/21/2022 02:13:02 PM 'color'
02/21/2022 02:13:02 PM ERROR IN LINE 45
02/21/2022 02:13:02 PM 'color'
02/21/2022 02:13:02 PM ERROR IN LINE 45
02/21/2022 02:13:02 PM 'color'
02/21/2022 02:13:02 PM ERROR IN LINE 45
02/21/2022 02:13:02 PM 'color'
02/21/2022 02:13:02 PM ERROR IN LINE 45
02/21/2022 02:13:02 PM 'color'
02/21/2022 02:13:02 PM ERROR IN LINE 45
02/21/2022 02:13:02 PM 'color'
02/21/2022 02:13:02 PM ERROR IN LINE 45
02/21/2022 02:13:02 PM 'color'
02/21/2022 02:13:02 PM ERROR IN LINE 45
02/21/2022 02:13:02 PM 'color'
02/21/2022 02:13:02 PM ERROR IN LINE 45
02/21/2022 02:13:02 PM 'color'
02/21/2022 02:13:02 PM ERROR IN LINE 45
02/21/2022 02:13:02 PM 'color'
02/21/2022 02:13:02 PM ERROR IN LINE 45
02/21/2022 02:13:02 PM 'color'
02/21/2022 02:13:02 PM ERROR IN LINE 45
02/21/2022 02:13:02 PM 'color'
02/21/2022 02:13:02 PM ERROR IN LINE 45
02/21/2022 02:13:02 PM 'color'
02/21/2022 02:13:02 PM ERROR IN LINE 45
02/21/2022 02:13:02 PM 'color'
02/21/2022 02:13:02 PM ERROR IN LINE 45
02/21/2022 02:13:02 PM 'color'
02/21/2022 02:13:02 PM ERROR IN LINE 45
02/21/2022 02:13:02 PM 'color'
02/21/2022 02:13:02 PM ERROR IN LINE 45
02/21/2022 02:13:02 PM 'color'
02/21/2022 02:13:02 PM ERROR IN LINE 45
02/21/2022 02:13:02 PM 'color'
02/21/2022 02:13:02 PM ERROR IN LINE 45
02/21/2022 02:13:02 PM 'color'
02/21/2022 02:13:02 PM ERROR IN LINE 45
02/21/2022 02:13:02 PM 'color'
02/21/2022 02:13:02 PM ERROR IN LINE 45
02/21/2022 02:13:02 PM 'color'
02/21/2022 02:13:02 PM ERROR IN LINE 45
02/21/2022 02:13:02 PM 'color'
02/21/2022 02:13:02 PM ERROR IN LINE 45
02/21/2022 02:13:02 PM 'color'
02/21/2022 02:13:02 PM ERROR IN LINE 45
02/21/2022 02:13:02 PM 'color'
02/21/2022 02:13:02 PM ERROR IN LINE 45
02/21/2022 02:13:02 PM 'color'
02/21/2022 02:13:02 PM ERROR IN LINE 45
02/21/2022 02:13:02 PM 'color'
02/21/2022 02:13:02 PM ERROR IN LINE 45
02/21/2022 02:13:02 PM 'color'
02/21/2022 02:13:02 PM ERROR IN LINE 45
02/21/2022 02:13:02 PM 'color'
02/21/2022 02:13:02 PM ERROR IN LINE 45
02/21/2022 02:13:02 PM 'color'
02/21/2022 02:13:02 PM ERROR IN LINE 49
02/21/2022 02:13:02 PM 'connexion_adapter'
02/21/2022 02:13:02 PM ERROR IN LINE 49
02/21/2022 02:13:02 PM 'connexion_adapter'
02/21/2022 02:13:02 PM ERROR IN LINE 49
02/21/2022 02:13:02 PM 'connexion_adapter'
02/21/2022 02:13:02 PM ERROR IN LINE 49
02/21/2022 02:13:02 PM 'connexion_adapter'
02/21/2022 02:13:02 PM ERROR IN LINE 49
02/21/2022 02:13:02 PM 'connexion_adapter'
02/21/2022 02:13:02 PM ERROR IN LINE 49
02/21/2022 02:13:02 PM 'connexion_adapter'
02/21/2022 02:13:02 PM ERROR IN LINE 49
02/21/2022 02:13:02 PM 'connexion_adapter'
02/21/2022 02:13:02 PM ERROR IN LINE 49
02/21/2022 02:13:02 PM 'connexion_adapter'
02/21/2022 02:13:02 PM ERROR IN LINE 49
02/21/2022 02:13:02 PM 'connexion_adapter'
02/21/2022 02:13:02 PM ERROR IN LINE 49
02/21/2022 02:13:02 PM 'connexion_adapter'
02/21/2022 02:13:02 PM ERROR IN LINE 49
02/21/2022 02:13:02 PM 'connexion_adapter'
02/21/2022 02:13:02 PM ERROR IN LINE 49
02/21/2022 02:13:02 PM 'connexion_adapter'
02/21/2022 02:13:02 PM ERROR IN LINE 49
02/21/2022 02:13:02 PM 'connexion_adapter'
02/21/2022 02:13:02 PM ERROR IN LINE 49
02/21/2022 02:13:02 PM 'connexion_adapter'
02/21/2022 02:13:02 PM ERROR IN LINE 49
02/21/2022 02:13:02 PM 'connexion_adapter'
02/21/2022 02:13:02 PM ERROR IN LINE 49
02/21/2022 02:13:02 PM 'connexion_adapter'
02/21/2022 02:13:02 PM ERROR IN LINE 49
02/21/2022 02:13:02 PM 'connexion_adapter'
02/21/2022 02:13:02 PM ERROR IN LINE 49
02/21/2022 02:13:02 PM 'connexion_adapter'
02/21/2022 02:13:02 PM ERROR IN LINE 49
02/21/2022 02:13:02 PM 'connexion_adapter'
02/21/2022 02:13:02 PM ERROR IN LINE 49
02/21/2022 02:13:02 PM 'connexion_adapter'
02/21/2022 02:13:02 PM ERROR IN LINE 49
02/21/2022 02:13:02 PM 'connexion_adapter'
02/21/2022 02:13:02 PM ERROR IN LINE 49
02/21/2022 02:13:02 PM 'connexion_adapter'
02/21/2022 02:13:02 PM ERROR IN LINE 49
02/21/2022 02:13:02 PM 'connexion_adapter'
02/21/2022 02:13:02 PM ERROR IN LINE 49
02/21/2022 02:13:02 PM 'connexion_adapter'
02/21/2022 02:13:02 PM ERROR IN LINE 49
02/21/2022 02:13:02 PM 'connexion_adapter'
02/21/2022 02:13:02 PM ERROR IN LINE 45
02/21/2022 02:13:02 PM 'color'
02/21/2022 02:13:02 PM ERROR IN LINE 45
02/21/2022 02:13:02 PM 'color'
02/21/2022 02:13:02 PM ERROR IN LINE 45
02/21/2022 02:13:02 PM 'color'
02/21/2022 02:13:02 PM ERROR IN LINE 45
02/21/2022 02:13:02 PM 'color'
02/21/2022 02:13:02 PM ERROR IN LINE 45
02/21/2022 02:13:02 PM 'color'
02/21/2022 02:13:02 PM ERROR IN LINE 45
02/21/2022 02:13:02 PM 'color'
02/21/2022 02:13:02 PM ERROR IN LINE 45
02/21/2022 02:13:02 PM 'color'
02/21/2022 02:13:02 PM ERROR IN LINE 45
02/21/2022 02:13:02 PM 'color'
02/21/2022 02:13:02 PM ERROR IN LINE 45
02/21/2022 02:13:02 PM 'color'
02/21/2022 02:13:02 PM ERROR IN LINE 46
02/21/2022 02:13:02 PM 'garantie'
02/21/2022 02:13:02 PM ERROR IN LINE 46
02/21/2022 02:13:02 PM 'garantie'
02/21/2022 02:13:02 PM ERROR IN LINE 46
02/21/2022 02:13:02 PM 'garantie'
02/21/2022 02:13:02 PM ERROR IN LINE 46
02/21/2022 02:13:02 PM 'garantie'
02/21/2022 02:13:02 PM ERROR IN LINE 45
02/21/2022 02:13:02 PM 'color'
02/21/2022 02:13:02 PM ERROR IN LINE 46
02/21/2022 02:13:02 PM 'garantie'
02/21/2022 02:13:02 PM ERROR IN LINE 46
02/21/2022 02:13:02 PM 'garantie'
02/21/2022 02:13:02 PM ERROR IN LINE 46
02/21/2022 02:13:02 PM 'garantie'
02/21/2022 02:13:02 PM ERROR IN LINE 46
02/21/2022 02:13:02 PM 'garantie'
02/21/2022 02:13:02 PM ERROR IN LINE 46
02/21/2022 02:13:02 PM 'garantie'
02/21/2022 02:13:02 PM ERROR IN LINE 46
02/21/2022 02:13:02 PM 'garantie'
02/21/2022 02:13:02 PM ERROR IN LINE 46
02/21/2022 02:13:02 PM 'garantie'
02/21/2022 02:13:02 PM ERROR IN LINE 46
02/21/2022 02:13:02 PM 'garantie'
02/21/2022 02:13:02 PM ERROR IN LINE 46
02/21/2022 02:13:02 PM 'garantie'
02/21/2022 02:13:02 PM ERROR IN LINE 46
02/21/2022 02:13:02 PM 'garantie'
02/21/2022 02:13:02 PM ERROR IN LINE 46
02/21/2022 02:13:02 PM 'garantie'
02/21/2022 02:13:02 PM ERROR IN LINE 46
02/21/2022 02:13:02 PM 'garantie'
02/21/2022 02:13:02 PM ERROR IN LINE 46
02/21/2022 02:13:02 PM 'garantie'
02/21/2022 02:13:02 PM ERROR IN LINE 46
02/21/2022 02:13:02 PM 'garantie'
02/21/2022 02:13:02 PM ERROR IN LINE 46
02/21/2022 02:13:02 PM 'garantie'
02/21/2022 02:13:02 PM ERROR IN LINE 46
02/21/2022 02:13:02 PM 'garantie'
02/21/2022 02:13:02 PM ERROR IN LINE 46
02/21/2022 02:13:02 PM 'garantie'
02/21/2022 02:13:02 PM ERROR IN LINE 46
02/21/2022 02:13:02 PM 'garantie'
02/21/2022 02:13:02 PM ERROR IN LINE 46
02/21/2022 02:13:02 PM 'garantie'
02/21/2022 02:13:02 PM ERROR IN LINE 46
02/21/2022 02:13:02 PM 'garantie'
02/21/2022 02:13:02 PM ERROR IN LINE 46
02/21/2022 02:13:02 PM 'garantie'
02/21/2022 02:13:02 PM ERROR IN LINE 46
02/21/2022 02:13:02 PM 'garantie'
02/21/2022 02:13:02 PM ERROR IN LINE 46
02/21/2022 02:13:02 PM 'garantie'
02/21/2022 02:13:02 PM ERROR IN LINE 46
02/21/2022 02:13:02 PM 'garantie'
02/21/2022 02:13:02 PM ERROR IN LINE 46
02/21/2022 02:13:02 PM 'garantie'
02/21/2022 02:13:02 PM ERROR IN LINE 46
02/21/2022 02:13:02 PM 'garantie'
02/21/2022 02:13:02 PM ERROR IN LINE 46
02/21/2022 02:13:02 PM 'garantie'
02/21/2022 02:13:02 PM ERROR IN LINE 46
02/21/2022 02:13:02 PM 'garantie'
02/21/2022 02:13:02 PM ERROR IN LINE 46
02/21/2022 02:13:02 PM 'garantie'
02/21/2022 02:13:02 PM ERROR IN LINE 46
02/21/2022 02:13:02 PM 'garantie'
02/21/2022 02:13:02 PM ERROR IN LINE 45
02/21/2022 02:13:02 PM 'color'
02/21/2022 02:13:02 PM ERROR IN LINE 46
02/21/2022 02:13:02 PM 'garantie'
02/21/2022 02:13:02 PM ERROR IN LINE 46
02/21/2022 02:13:02 PM 'garantie'
02/21/2022 02:13:02 PM ERROR IN LINE 46
02/21/2022 02:13:02 PM 'garantie'
02/21/2022 02:13:02 PM ERROR IN LINE 46
02/21/2022 02:13:02 PM 'garantie'
02/21/2022 02:13:02 PM ERROR IN LINE 46
02/21/2022 02:13:02 PM 'garantie'
02/21/2022 02:13:02 PM ERROR IN LINE 45
02/21/2022 02:13:02 PM 'color'
02/21/2022 02:13:02 PM ERROR IN LINE 45
02/21/2022 02:13:02 PM 'color'
02/21/2022 02:13:02 PM ERROR IN LINE 46
02/21/2022 02:13:02 PM 'garantie'
02/21/2022 02:13:02 PM ERROR IN LINE 46
02/21/2022 02:13:02 PM 'garantie'
02/21/2022 02:13:02 PM ERROR IN LINE 45
02/21/2022 02:13:02 PM 'color'
02/21/2022 02:13:02 PM ERROR IN LINE 45
02/21/2022 02:13:02 PM 'color'
02/21/2022 02:13:02 PM ERROR IN LINE 45
02/21/2022 02:13:02 PM 'color'
02/21/2022 02:13:02 PM ERROR IN LINE 46
02/21/2022 02:13:02 PM 'garantie'
02/21/2022 02:13:02 PM ERROR IN LINE 46
02/21/2022 02:13:02 PM 'garantie'
02/21/2022 02:13:02 PM ERROR IN LINE 46
02/21/2022 02:13:02 PM 'garantie'
02/21/2022 02:13:02 PM ERROR IN LINE 46
02/21/2022 02:13:02 PM 'garantie'
02/21/2022 02:13:02 PM ERROR IN LINE 46
02/21/2022 02:13:02 PM 'garantie'
02/21/2022 02:13:02 PM ERROR IN LINE 46
02/21/2022 02:13:02 PM 'garantie'
02/21/2022 02:13:02 PM ERROR IN LINE 45
02/21/2022 02:13:02 PM 'color'
02/21/2022 02:13:02 PM ERROR IN LINE 46
02/21/2022 02:13:02 PM 'garantie'
02/21/2022 02:13:02 PM ERROR IN LINE 46
02/21/2022 02:13:02 PM 'garantie'
02/21/2022 02:13:02 PM ERROR IN LINE 45
02/21/2022 02:13:02 PM 'color'
02/21/2022 02:13:02 PM ERROR IN LINE 45
02/21/2022 02:13:02 PM 'color'
02/21/2022 02:13:02 PM ERROR IN LINE 46
02/21/2022 02:13:02 PM 'garantie'
02/21/2022 02:13:02 PM ERROR IN LINE 46
02/21/2022 02:13:02 PM 'garantie'
02/21/2022 02:13:02 PM ERROR IN LINE 46
02/21/2022 02:13:02 PM 'garantie'
02/21/2022 02:13:02 PM ERROR IN LINE 46
02/21/2022 02:13:02 PM 'garantie'
02/21/2022 02:13:02 PM ERROR IN LINE 46
02/21/2022 02:13:02 PM 'garantie'
02/21/2022 02:13:02 PM ERROR IN LINE 46
02/21/2022 02:13:02 PM 'garantie'
02/21/2022 02:13:02 PM ERROR IN LINE 45
02/21/2022 02:13:02 PM 'color'
02/21/2022 02:13:02 PM ERROR IN LINE 46
02/21/2022 02:13:02 PM 'garantie'
02/21/2022 02:13:02 PM ERROR IN LINE 46
02/21/2022 02:13:02 PM 'garantie'
02/21/2022 02:13:02 PM ERROR IN LINE 46
02/21/2022 02:13:02 PM 'garantie'
02/21/2022 02:13:02 PM ERROR IN LINE 46
02/21/2022 02:13:02 PM 'garantie'
02/21/2022 02:13:02 PM ERROR IN LINE 46
02/21/2022 02:13:02 PM 'garantie'
02/21/2022 02:13:02 PM ERROR IN LINE 46
02/21/2022 02:13:02 PM 'garantie'
02/21/2022 02:13:02 PM ERROR IN LINE 45
02/21/2022 02:13:02 PM 'color'
02/21/2022 02:13:02 PM ERROR IN LINE 45
02/21/2022 02:13:02 PM 'color'
02/21/2022 02:13:02 PM ERROR IN LINE 45
02/21/2022 02:13:02 PM 'color'
02/21/2022 02:13:02 PM ERROR IN LINE 45
02/21/2022 02:13:02 PM 'color'
02/21/2022 02:13:02 PM ERROR IN LINE 45
02/21/2022 02:13:02 PM 'color'
02/21/2022 02:13:02 PM ERROR IN LINE 45
02/21/2022 02:13:02 PM 'color'
02/21/2022 02:13:02 PM ERROR IN LINE 45
02/21/2022 02:13:02 PM 'color'
02/21/2022 02:13:02 PM ERROR IN LINE 45
02/21/2022 02:13:02 PM 'color'
02/21/2022 02:13:02 PM ERROR IN LINE 45
02/21/2022 02:13:02 PM 'color'
02/21/2022 02:13:02 PM ERROR IN LINE 45
02/21/2022 02:13:02 PM 'color'
02/21/2022 02:13:02 PM ERROR IN LINE 45
02/21/2022 02:13:02 PM 'color'
02/21/2022 02:13:02 PM ERROR IN LINE 45
02/21/2022 02:13:02 PM 'color'
02/21/2022 02:13:02 PM ERROR IN LINE 45
02/21/2022 02:13:02 PM 'color'
02/21/2022 02:13:02 PM ERROR IN LINE 45
02/21/2022 02:13:02 PM 'color'
02/21/2022 02:13:02 PM ERROR IN LINE 45
02/21/2022 02:13:02 PM 'color'
02/21/2022 02:13:02 PM ERROR IN LINE 45
02/21/2022 02:13:02 PM 'color'
02/21/2022 02:13:02 PM ERROR IN LINE 45
02/21/2022 02:13:02 PM 'color'
02/21/2022 02:13:02 PM ERROR IN LINE 45
02/21/2022 02:13:02 PM 'color'
02/21/2022 02:13:02 PM ERROR IN LINE 45
02/21/2022 02:13:02 PM 'color'
02/21/2022 02:13:02 PM ERROR IN LINE 45
02/21/2022 02:13:02 PM 'color'
02/21/2022 02:13:02 PM ERROR IN LINE 45
02/21/2022 02:13:02 PM 'color'
02/21/2022 02:13:02 PM ERROR IN LINE 45
02/21/2022 02:13:02 PM 'color'
02/21/2022 02:13:02 PM ERROR IN LINE 46
02/21/2022 02:13:02 PM 'garantie'
02/21/2022 02:13:02 PM ERROR IN LINE 45
02/21/2022 02:13:02 PM 'color'
02/21/2022 02:13:02 PM ERROR IN LINE 46
02/21/2022 02:13:02 PM 'garantie'
02/21/2022 02:13:02 PM ERROR IN LINE 45
02/21/2022 02:13:02 PM 'color'
02/21/2022 02:13:02 PM ERROR IN LINE 46
02/21/2022 02:13:02 PM 'garantie'
02/21/2022 02:13:02 PM ERROR IN LINE 45
02/21/2022 02:13:02 PM 'color'
02/21/2022 02:13:02 PM ERROR IN LINE 45
02/21/2022 02:13:02 PM 'color'
02/21/2022 02:13:02 PM ERROR IN LINE 45
02/21/2022 02:13:02 PM 'color'
02/21/2022 02:13:02 PM ERROR IN LINE 45
02/21/2022 02:13:02 PM 'color'
02/21/2022 02:13:02 PM ERROR IN LINE 45
02/21/2022 02:13:02 PM 'color'
02/21/2022 02:13:02 PM ERROR IN LINE 45
02/21/2022 02:13:02 PM 'color'
02/21/2022 02:13:02 PM ERROR IN LINE 45
02/21/2022 02:13:02 PM 'color'
02/21/2022 02:13:02 PM ERROR IN LINE 45
02/21/2022 02:13:02 PM 'color'
02/21/2022 02:13:02 PM ERROR IN LINE 45
02/21/2022 02:13:02 PM 'color'
02/21/2022 02:13:02 PM ERROR IN LINE 45
02/21/2022 02:13:02 PM 'color'
02/21/2022 02:13:02 PM ERROR IN LINE 45
02/21/2022 02:13:02 PM 'color'
02/21/2022 02:13:02 PM ERROR IN LINE 45
02/21/2022 02:13:02 PM 'color'
02/21/2022 02:13:02 PM ERROR IN LINE 45
02/21/2022 02:13:02 PM 'color'
02/21/2022 02:13:02 PM ERROR IN LINE 45
02/21/2022 02:13:02 PM 'color'
02/21/2022 02:13:02 PM ERROR IN LINE 45
02/21/2022 02:13:02 PM 'color'
02/21/2022 02:13:02 PM ERROR IN LINE 45
02/21/2022 02:13:02 PM 'color'
02/21/2022 02:13:02 PM ERROR IN LINE 45
02/21/2022 02:13:02 PM 'color'
02/21/2022 02:13:02 PM ERROR IN LINE 45
02/21/2022 02:13:02 PM 'color'
02/21/2022 02:13:02 PM ERROR IN LINE 45
02/21/2022 02:13:02 PM 'color'
02/21/2022 02:13:02 PM ERROR IN LINE 45
02/21/2022 02:13:02 PM 'color'
02/21/2022 02:13:02 PM ERROR IN LINE 45
02/21/2022 02:13:02 PM 'color'
02/21/2022 02:13:02 PM ERROR IN LINE 45
02/21/2022 02:13:02 PM 'color'
02/21/2022 02:13:02 PM ERROR IN LINE 45
02/21/2022 02:13:02 PM 'color'
02/21/2022 02:13:02 PM ERROR IN LINE 45
02/21/2022 02:13:02 PM 'color'
02/21/2022 02:13:02 PM ERROR IN LINE 45
02/21/2022 02:13:02 PM 'color'
02/21/2022 02:13:02 PM ERROR IN LINE 45
02/21/2022 02:13:02 PM 'color'
02/21/2022 02:13:02 PM ERROR IN LINE 45
02/21/2022 02:13:02 PM 'color'
02/21/2022 02:13:02 PM ERROR IN LINE 45
02/21/2022 02:13:02 PM 'color'
02/21/2022 02:13:02 PM ERROR IN LINE 45
02/21/2022 02:13:02 PM 'color'
02/21/2022 02:13:02 PM ERROR IN LINE 45
02/21/2022 02:13:02 PM 'color'
02/21/2022 02:13:02 PM ERROR IN LINE 45
02/21/2022 02:13:02 PM 'color'
02/21/2022 02:13:02 PM ERROR IN LINE 45
02/21/2022 02:13:02 PM 'color'
02/21/2022 02:13:02 PM ERROR IN LINE 45
02/21/2022 02:13:02 PM 'color'
02/21/2022 02:13:02 PM ERROR IN LINE 45
02/21/2022 02:13:02 PM 'color'
02/21/2022 02:13:02 PM ERROR IN LINE 45
02/21/2022 02:13:02 PM 'color'
02/21/2022 02:13:02 PM ERROR IN LINE 45
02/21/2022 02:13:02 PM 'color'
02/21/2022 02:13:02 PM ERROR IN LINE 45
02/21/2022 02:13:02 PM 'color'
02/21/2022 02:13:02 PM ERROR IN LINE 45
02/21/2022 02:13:02 PM 'color'
02/21/2022 02:13:02 PM ERROR IN LINE 46
02/21/2022 02:13:02 PM 'garantie'
02/21/2022 02:13:02 PM ERROR IN LINE 45
02/21/2022 02:13:02 PM 'color'
02/21/2022 02:13:02 PM ERROR IN LINE 45
02/21/2022 02:13:02 PM 'color'
02/21/2022 02:13:02 PM ERROR IN LINE 45
02/21/2022 02:13:02 PM 'color'
02/21/2022 02:13:02 PM ERROR IN LINE 45
02/21/2022 02:13:02 PM 'color'
02/21/2022 02:13:02 PM ERROR IN LINE 45
02/21/2022 02:13:02 PM 'color'
02/21/2022 02:13:02 PM ERROR IN LINE 45
02/21/2022 02:13:02 PM 'color'
02/21/2022 02:13:02 PM ERROR IN LINE 45
02/21/2022 02:13:02 PM 'color'
02/21/2022 02:13:02 PM ERROR IN LINE 45
02/21/2022 02:13:02 PM 'color'
02/21/2022 02:13:02 PM ERROR IN LINE 46
02/21/2022 02:13:02 PM 'garantie'
02/21/2022 02:13:02 PM ERROR IN LINE 45
02/21/2022 02:13:02 PM 'color'
02/21/2022 02:13:02 PM ERROR IN LINE 45
02/21/2022 02:13:02 PM 'color'
02/21/2022 02:13:02 PM ERROR IN LINE 45
02/21/2022 02:13:02 PM 'color'
02/21/2022 02:13:02 PM ERROR IN LINE 45
02/21/2022 02:13:02 PM 'color'
02/21/2022 02:13:02 PM ERROR IN LINE 45
02/21/2022 02:13:02 PM 'color'
02/21/2022 02:13:02 PM ERROR IN LINE 45
02/21/2022 02:13:02 PM 'color'
02/21/2022 02:13:02 PM ERROR IN LINE 45
02/21/2022 02:13:02 PM 'color'
02/21/2022 02:13:02 PM ERROR IN LINE 46
02/21/2022 02:13:02 PM 'garantie'
02/21/2022 02:13:02 PM ERROR IN LINE 45
02/21/2022 02:13:02 PM 'color'
02/21/2022 02:13:02 PM ERROR IN LINE 45
02/21/2022 02:13:02 PM 'color'
02/21/2022 02:13:02 PM ERROR IN LINE 45
02/21/2022 02:13:02 PM 'color'
02/21/2022 02:13:02 PM ERROR IN LINE 45
02/21/2022 02:13:02 PM 'color'
02/21/2022 02:13:02 PM ERROR IN LINE 45
02/21/2022 02:13:02 PM 'color'
02/21/2022 02:13:02 PM ERROR IN LINE 45
02/21/2022 02:13:02 PM 'color'
02/21/2022 02:13:02 PM ERROR IN LINE 46
02/21/2022 02:13:02 PM 'garantie'
02/21/2022 02:13:02 PM ERROR IN LINE 46
02/21/2022 02:13:02 PM 'garantie'
02/21/2022 02:13:02 PM ERROR IN LINE 46
02/21/2022 02:13:02 PM 'garantie'
02/21/2022 02:13:02 PM ERROR IN LINE 45
02/21/2022 02:13:02 PM 'color'
02/21/2022 02:13:02 PM ERROR IN LINE 45
02/21/2022 02:13:02 PM 'color'
02/21/2022 02:13:02 PM ERROR IN LINE 45
02/21/2022 02:13:02 PM 'color'
02/21/2022 02:13:02 PM ERROR IN LINE 45
02/21/2022 02:13:02 PM 'color'
02/21/2022 02:13:02 PM ERROR IN LINE 45
02/21/2022 02:13:02 PM 'color'
02/21/2022 02:13:02 PM ERROR IN LINE 45
02/21/2022 02:13:02 PM 'color'
02/21/2022 02:13:02 PM ERROR IN LINE 45
02/21/2022 02:13:02 PM 'color'
02/21/2022 02:13:02 PM ERROR IN LINE 46
02/21/2022 02:13:02 PM 'garantie'
02/21/2022 02:13:02 PM ERROR IN LINE 46
02/21/2022 02:13:02 PM 'garantie'
02/21/2022 02:13:02 PM ERROR IN LINE 45
02/21/2022 02:13:02 PM 'color'
02/21/2022 02:13:02 PM ERROR IN LINE 45
02/21/2022 02:13:02 PM 'color'
02/21/2022 02:13:02 PM ERROR IN LINE 46
02/21/2022 02:13:02 PM 'garantie'
02/21/2022 02:13:02 PM ERROR IN LINE 45
02/21/2022 02:13:02 PM 'color'
02/21/2022 02:13:02 PM MAPPED 366 ITEMS
02/21/2022 02:13:42 PM Starting new HTTP connection (1): 127.0.0.1:9999
02/21/2022 02:13:42 PM http://127.0.0.1:9999 "GET /options?website=uno HTTP/1.1" 200 6394
02/21/2022 02:15:42 PM Starting new HTTP connection (1): 127.0.0.1:9999
02/21/2022 02:15:42 PM http://127.0.0.1:9999 "GET /options?website=uno HTTP/1.1" 200 6394
02/21/2022 02:16:48 PM Starting new HTTP connection (1): 127.0.0.1:9999
02/21/2022 02:16:48 PM http://127.0.0.1:9999 "GET /options?website=uno HTTP/1.1" 200 6394
02/21/2022 02:17:01 PM Starting new HTTP connection (1): 127.0.0.1:9999
02/21/2022 02:17:01 PM http://127.0.0.1:9999 "GET /options?website=uno HTTP/1.1" 200 6394
02/21/2022 02:17:37 PM Starting new HTTP connection (1): 127.0.0.1:9999
02/21/2022 02:17:37 PM http://127.0.0.1:9999 "GET /options?website=uno HTTP/1.1" 200 6394
02/21/2022 02:18:09 PM Starting new HTTP connection (1): 127.0.0.1:9999
02/21/2022 02:18:09 PM http://127.0.0.1:9999 "GET /options?website=uno HTTP/1.1" 200 6394
02/21/2022 02:18:15 PM Starting new HTTP connection (1): 127.0.0.1:9999
02/21/2022 02:18:15 PM http://127.0.0.1:9999 "GET /options?website=uno HTTP/1.1" 200 6394
02/21/2022 02:18:44 PM Starting new HTTP connection (1): 127.0.0.1:9999
02/21/2022 02:18:44 PM http://127.0.0.1:9999 "GET /options?website=uno HTTP/1.1" 200 6394
02/21/2022 02:19:05 PM Starting new HTTP connection (1): 127.0.0.1:9999
02/21/2022 02:19:05 PM http://127.0.0.1:9999 "GET /options?website=uno HTTP/1.1" 200 6394
02/21/2022 02:19:33 PM Starting new HTTP connection (1): 127.0.0.1:9999
02/21/2022 02:19:33 PM http://127.0.0.1:9999 "GET /options?website=uno HTTP/1.1" 200 6394
02/21/2022 02:19:57 PM Starting new HTTP connection (1): 127.0.0.1:9999
02/21/2022 02:19:57 PM http://127.0.0.1:9999 "GET /options?website=uno HTTP/1.1" 200 6394
02/21/2022 02:20:20 PM Starting new HTTP connection (1): 127.0.0.1:9999
02/21/2022 02:20:20 PM http://127.0.0.1:9999 "GET /options?website=uno HTTP/1.1" 200 6394
02/21/2022 02:20:41 PM Starting new HTTP connection (1): 127.0.0.1:9999
02/21/2022 02:20:41 PM http://127.0.0.1:9999 "GET /options?website=uno HTTP/1.1" 200 6394
02/21/2022 02:21:03 PM Starting new HTTP connection (1): 127.0.0.1:9999
02/21/2022 02:21:03 PM http://127.0.0.1:9999 "GET /options?website=uno HTTP/1.1" 200 6394
02/21/2022 02:21:21 PM Starting new HTTP connection (1): 127.0.0.1:9999
02/21/2022 02:21:21 PM http://127.0.0.1:9999 "GET /options?website=uno HTTP/1.1" 200 6394
02/21/2022 02:21:21 PM MAPPED 366 ITEMS
02/21/2022 02:22:10 PM Starting new HTTP connection (1): 127.0.0.1:9999
02/21/2022 02:22:10 PM http://127.0.0.1:9999 "GET /options?website=uno HTTP/1.1" 200 6394
02/21/2022 02:22:10 PM MAPPED 366 ITEMS
02/21/2022 04:45:50 PM Starting new HTTP connection (1): 127.0.0.1:9999
02/21/2022 04:45:50 PM http://127.0.0.1:9999 "GET /options?website=uno HTTP/1.1" 200 6394
02/21/2022 04:45:50 PM MAPPED 366 ITEMS
02/21/2022 04:52:17 PM Starting new HTTP connection (1): 127.0.0.1:9999
02/21/2022 04:52:17 PM http://127.0.0.1:9999 "GET /options?website=uno HTTP/1.1" 200 6394
02/21/2022 04:52:17 PM MAPPED 366 ITEMS
02/21/2022 04:56:27 PM Starting new HTTP connection (1): 127.0.0.1:9999
02/21/2022 04:56:27 PM http://127.0.0.1:9999 "GET /options?website=uno HTTP/1.1" 200 6394
02/21/2022 04:56:27 PM MAPPED 366 ITEMS
02/21/2022 04:59:23 PM Starting new HTTP connection (1): 127.0.0.1:9999
02/21/2022 04:59:23 PM http://127.0.0.1:9999 "GET /options?website=uno HTTP/1.1" 200 6394
02/21/2022 04:59:24 PM MAPPED 366 ITEMS
02/21/2022 04:59:51 PM Starting new HTTP connection (1): 127.0.0.1:9999
02/21/2022 04:59:51 PM http://127.0.0.1:9999 "GET /options?website=uno HTTP/1.1" 200 6394
02/21/2022 04:59:51 PM MAPPED 366 ITEMS
02/21/2022 05:00:20 PM Starting new HTTP connection (1): 127.0.0.1:9999
02/21/2022 05:00:20 PM http://127.0.0.1:9999 "GET /options?website=uno HTTP/1.1" 200 6394
02/21/2022 05:00:20 PM MAPPED 366 ITEMS
02/21/2022 05:00:34 PM Starting new HTTP connection (1): 127.0.0.1:9999
02/21/2022 05:00:34 PM http://127.0.0.1:9999 "GET /options?website=uno HTTP/1.1" 200 6394
02/21/2022 05:00:34 PM MAPPED 366 ITEMS
02/21/2022 05:02:00 PM Starting new HTTP connection (1): 127.0.0.1:9999
02/21/2022 05:02:00 PM http://127.0.0.1:9999 "GET /options?website=uno HTTP/1.1" 200 6394
02/21/2022 05:02:00 PM MAPPED 366 ITEMS
02/21/2022 05:03:01 PM Starting new HTTP connection (1): 127.0.0.1:9999
02/21/2022 05:03:01 PM http://127.0.0.1:9999 "GET /options?website=uno HTTP/1.1" 200 6394
02/21/2022 05:03:01 PM MAPPED 366 ITEMS
02/21/2022 05:03:37 PM Starting new HTTP connection (1): 127.0.0.1:9999
02/21/2022 05:03:37 PM http://127.0.0.1:9999 "GET /options?website=uno HTTP/1.1" 200 6394
02/21/2022 05:03:37 PM MAPPED 366 ITEMS
02/21/2022 05:04:33 PM Starting new HTTP connection (1): 127.0.0.1:9999
02/21/2022 05:04:33 PM http://127.0.0.1:9999 "GET /options?website=uno HTTP/1.1" 200 6394
02/21/2022 05:04:33 PM MAPPED 366 ITEMS
02/21/2022 05:05:01 PM Starting new HTTP connection (1): 127.0.0.1:9999
02/21/2022 05:05:01 PM http://127.0.0.1:9999 "GET /options?website=uno HTTP/1.1" 200 6394
02/21/2022 05:05:01 PM MAPPED 366 ITEMS
02/21/2022 05:06:12 PM Starting new HTTP connection (1): 127.0.0.1:9999
02/21/2022 05:06:12 PM http://127.0.0.1:9999 "GET /options?website=uno HTTP/1.1" 200 6394
02/21/2022 05:06:12 PM MAPPED 366 ITEMS
02/21/2022 05:06:34 PM Starting new HTTP connection (1): 127.0.0.1:9999
02/21/2022 05:06:34 PM http://127.0.0.1:9999 "GET /options?website=uno HTTP/1.1" 200 6394
02/21/2022 05:06:35 PM MAPPED 366 ITEMS
02/21/2022 05:06:44 PM Starting new HTTP connection (1): 127.0.0.1:9999
02/21/2022 05:06:44 PM http://127.0.0.1:9999 "GET /options?website=uno HTTP/1.1" 200 6394
02/21/2022 05:06:44 PM MAPPED 366 ITEMS
02/21/2022 05:07:19 PM Starting new HTTP connection (1): 127.0.0.1:9999
02/21/2022 05:07:19 PM http://127.0.0.1:9999 "GET /options?website=uno HTTP/1.1" 200 6394
02/21/2022 05:07:19 PM MAPPED 366 ITEMS
02/21/2022 05:08:00 PM Starting new HTTP connection (1): 127.0.0.1:9999
02/21/2022 05:08:00 PM http://127.0.0.1:9999 "GET /options?website=uno HTTP/1.1" 200 6394
02/21/2022 05:08:00 PM MAPPED 366 ITEMS
02/21/2022 05:09:16 PM Starting new HTTP connection (1): 127.0.0.1:9999
02/21/2022 05:09:16 PM http://127.0.0.1:9999 "GET /options?website=uno HTTP/1.1" 200 6394
02/21/2022 05:09:16 PM MAPPED 366 ITEMS
02/21/2022 05:10:20 PM Starting new HTTP connection (1): 127.0.0.1:9999
02/21/2022 05:10:20 PM http://127.0.0.1:9999 "GET /options?website=uno HTTP/1.1" 200 6394
02/21/2022 05:10:20 PM MAPPED 366 ITEMS
02/21/2022 05:10:43 PM Starting new HTTP connection (1): 127.0.0.1:9999
02/21/2022 05:10:43 PM http://127.0.0.1:9999 "GET /options?website=uno HTTP/1.1" 200 6394
02/21/2022 05:10:43 PM MAPPED 366 ITEMS
02/21/2022 05:11:10 PM Starting new HTTP connection (1): 127.0.0.1:9999
02/21/2022 05:11:10 PM http://127.0.0.1:9999 "GET /options?website=uno HTTP/1.1" 200 6394
02/21/2022 05:11:10 PM MAPPED 366 ITEMS
02/21/2022 05:14:27 PM Starting new HTTP connection (1): 127.0.0.1:9999
02/21/2022 05:14:27 PM http://127.0.0.1:9999 "GET /options?website=uno HTTP/1.1" 200 6394
02/21/2022 05:14:27 PM MAPPED 366 ITEMS
02/21/2022 05:15:57 PM Starting new HTTP connection (1): 127.0.0.1:9999
02/21/2022 05:15:57 PM http://127.0.0.1:9999 "GET /options?website=uno HTTP/1.1" 200 6394
02/21/2022 05:15:57 PM MAPPED 366 ITEMS
02/21/2022 05:16:04 PM Starting new HTTP connection (1): 127.0.0.1:9999
02/21/2022 05:16:04 PM http://127.0.0.1:9999 "GET /options?website=uno HTTP/1.1" 200 6394
02/21/2022 05:16:04 PM MAPPED 366 ITEMS
02/21/2022 05:16:49 PM Starting new HTTP connection (1): 127.0.0.1:9999
02/21/2022 05:16:49 PM http://127.0.0.1:9999 "GET /options?website=uno HTTP/1.1" 200 6394
02/21/2022 05:16:49 PM MAPPED 366 ITEMS
02/21/2022 05:17:03 PM Starting new HTTP connection (1): 127.0.0.1:9999
02/21/2022 05:17:03 PM http://127.0.0.1:9999 "GET /options?website=uno HTTP/1.1" 200 6394
02/21/2022 05:17:03 PM MAPPED 366 ITEMS
02/21/2022 05:17:20 PM Starting new HTTP connection (1): 127.0.0.1:9999
02/21/2022 05:17:20 PM http://127.0.0.1:9999 "GET /options?website=uno HTTP/1.1" 200 6394
02/21/2022 05:17:20 PM MAPPED 366 ITEMS
02/21/2022 05:17:52 PM Starting new HTTP connection (1): 127.0.0.1:9999
02/21/2022 05:17:52 PM http://127.0.0.1:9999 "GET /options?website=uno HTTP/1.1" 200 6394
02/21/2022 05:17:52 PM MAPPED 366 ITEMS
02/21/2022 05:18:09 PM Starting new HTTP connection (1): 127.0.0.1:9999
02/21/2022 05:18:09 PM http://127.0.0.1:9999 "GET /options?website=uno HTTP/1.1" 200 6394
02/21/2022 05:18:09 PM MAPPED 366 ITEMS
02/21/2022 05:18:16 PM Starting new HTTP connection (1): 127.0.0.1:9999
02/21/2022 05:18:16 PM http://127.0.0.1:9999 "GET /options?website=uno HTTP/1.1" 200 6394
02/21/2022 05:18:16 PM MAPPED 366 ITEMS
02/21/2022 05:18:55 PM Starting new HTTP connection (1): 127.0.0.1:9999
02/21/2022 05:18:55 PM http://127.0.0.1:9999 "GET /options?website=uno HTTP/1.1" 200 6394
02/21/2022 05:18:56 PM MAPPED 366 ITEMS
02/21/2022 05:19:31 PM Starting new HTTP connection (1): 127.0.0.1:9999
02/21/2022 05:19:31 PM http://127.0.0.1:9999 "GET /options?website=uno HTTP/1.1" 200 6394
02/21/2022 05:19:31 PM MAPPED 366 ITEMS
02/21/2022 05:20:16 PM Starting new HTTP connection (1): 127.0.0.1:9999
02/21/2022 05:20:16 PM http://127.0.0.1:9999 "GET /options?website=uno HTTP/1.1" 200 6394
02/21/2022 05:20:16 PM MAPPED 366 ITEMS
02/21/2022 05:20:39 PM Starting new HTTP connection (1): 127.0.0.1:9999
02/21/2022 05:20:39 PM http://127.0.0.1:9999 "GET /options?website=uno HTTP/1.1" 200 6394
02/21/2022 05:20:39 PM MAPPED 366 ITEMS
02/21/2022 05:22:08 PM Starting new HTTP connection (1): 127.0.0.1:9999
02/21/2022 05:22:08 PM http://127.0.0.1:9999 "GET /options?website=uno HTTP/1.1" 200 6394
02/21/2022 05:22:08 PM MAPPED 366 ITEMS
02/21/2022 05:22:29 PM Starting new HTTP connection (1): 127.0.0.1:9999
02/21/2022 05:22:29 PM http://127.0.0.1:9999 "GET /options?website=uno HTTP/1.1" 200 6394
02/21/2022 05:22:29 PM MAPPED 366 ITEMS
02/21/2022 05:33:00 PM Starting new HTTP connection (1): 127.0.0.1:9999
02/21/2022 05:33:00 PM http://127.0.0.1:9999 "GET /options?website=uno HTTP/1.1" 200 6394
02/21/2022 05:33:00 PM MAPPED 366 ITEMS
02/21/2022 05:36:05 PM Starting new HTTP connection (1): 127.0.0.1:9999
02/21/2022 05:36:05 PM http://127.0.0.1:9999 "GET /options?website=uno HTTP/1.1" 200 6394
02/21/2022 05:36:05 PM MAPPED 366 ITEMS
02/21/2022 05:36:12 PM Starting new HTTP connection (1): 127.0.0.1:9999
02/21/2022 05:36:12 PM http://127.0.0.1:9999 "GET /options?website=uno HTTP/1.1" 200 6394
02/21/2022 05:36:12 PM MAPPED 366 ITEMS
02/21/2022 05:39:52 PM Starting new HTTP connection (1): 127.0.0.1:9999
02/21/2022 05:39:52 PM http://127.0.0.1:9999 "GET /options?website=uno HTTP/1.1" 200 6394
02/21/2022 05:39:52 PM MAPPED 366 ITEMS
02/21/2022 05:41:26 PM Starting new HTTP connection (1): 127.0.0.1:9999
02/21/2022 05:41:26 PM http://127.0.0.1:9999 "GET /options?website=uno HTTP/1.1" 200 6394
02/21/2022 05:41:26 PM MAPPED 366 ITEMS
02/21/2022 05:41:26 PM Starting new HTTP connection (1): 127.0.0.1:9999
02/21/2022 05:41:26 PM http://127.0.0.1:9999 "POST /options?website=uno HTTP/1.1" 405 31
02/21/2022 05:41:43 PM Starting new HTTP connection (1): 127.0.0.1:9999
02/21/2022 05:41:43 PM http://127.0.0.1:9999 "GET /options?website=uno HTTP/1.1" 200 6394
02/21/2022 05:41:43 PM MAPPED 366 ITEMS
02/21/2022 05:41:43 PM Starting new HTTP connection (1): 127.0.0.1:9999
02/21/2022 05:41:43 PM http://127.0.0.1:9999 "POST /products?website=uno HTTP/1.1" 200 35131
02/21/2022 05:42:26 PM Starting new HTTP connection (1): 127.0.0.1:9999
02/21/2022 05:42:26 PM http://127.0.0.1:9999 "GET /options?website=uno HTTP/1.1" 200 6394
02/21/2022 05:42:26 PM MAPPED 366 ITEMS
02/21/2022 05:42:26 PM Starting new HTTP connection (1): 127.0.0.1:9999
02/21/2022 05:42:26 PM http://127.0.0.1:9999 "POST /products?website=uno HTTP/1.1" 200 35131
02/21/2022 05:44:48 PM Starting new HTTP connection (1): 127.0.0.1:9999
02/21/2022 05:44:48 PM http://127.0.0.1:9999 "GET /options?website=uno HTTP/1.1" 200 6394
02/21/2022 05:44:48 PM MAPPED 366 ITEMS
02/21/2022 05:44:48 PM Starting new HTTP connection (1): 127.0.0.1:9999
02/21/2022 05:44:48 PM http://127.0.0.1:9999 "POST /products?website=uno HTTP/1.1" 200 35131
02/21/2022 05:46:12 PM Starting new HTTP connection (1): 127.0.0.1:9999
02/21/2022 05:46:12 PM http://127.0.0.1:9999 "GET /options?website=uno HTTP/1.1" 200 6394
02/21/2022 05:46:12 PM MAPPED 366 ITEMS
02/21/2022 05:46:12 PM Starting new HTTP connection (1): 127.0.0.1:9999
02/21/2022 05:46:12 PM http://127.0.0.1:9999 "POST /products?website=uno HTTP/1.1" 200 35131
02/21/2022 05:46:35 PM Starting new HTTP connection (1): 127.0.0.1:9999
02/21/2022 05:46:35 PM http://127.0.0.1:9999 "GET /options?website=uno HTTP/1.1" 200 6394
02/21/2022 05:46:35 PM MAPPED 366 ITEMS
02/21/2022 05:46:35 PM Starting new HTTP connection (1): 127.0.0.1:9999
02/21/2022 05:46:35 PM http://127.0.0.1:9999 "POST /products?website=uno HTTP/1.1" 200 35131
