2022-02-17 11:54:48,955:DEBUG:Starting new HTTPS connection (1): www.electroplanet.ma:443
2022-02-17 11:54:49,490:DEBUG:https://www.electroplanet.ma:443 "GET /petit-electromenager/preparation-culinaire/batteur HTTP/1.1" 200 38795
2022-02-17 11:54:50,687:DEBUG:Starting new HTTPS connection (1): www.electroplanet.ma:443
2022-02-17 11:54:52,353:DEBUG:https://www.electroplanet.ma:443 "GET /p2828328-moulinex-hm450b.html HTTP/1.1" 200 36442
2022-02-17 11:54:57,729:DEBUG:Starting new HTTPS connection (1): www.electroplanet.ma:443
2022-02-17 11:54:59,382:DEBUG:https://www.electroplanet.ma:443 "GET /p1987772-imperial-ih-2050-ih-1330.html HTTP/1.1" 200 36518
2022-02-17 11:55:03,911:DEBUG:Starting new HTTPS connection (1): www.electroplanet.ma:443
2022-02-17 11:55:05,729:DEBUG:https://www.electroplanet.ma:443 "GET /p2828417-arzum-ar1023.html HTTP/1.1" 200 36379
2022-02-17 11:55:12,133:DEBUG:Starting new HTTPS connection (1): www.electroplanet.ma:443
2022-02-17 11:55:14,126:DEBUG:https://www.electroplanet.ma:443 "GET /p2824888-aeg-hm3330.html HTTP/1.1" 200 36398
2022-02-17 11:55:20,471:DEBUG:Starting new HTTPS connection (1): www.electroplanet.ma:443
2022-02-17 11:55:22,423:DEBUG:https://www.electroplanet.ma:443 "GET /p2824502-ufesa-bv4650.html HTTP/1.1" 200 36402
2022-02-17 11:55:26,886:DEBUG:Starting new HTTPS connection (1): www.electroplanet.ma:443
2022-02-17 11:55:28,779:DEBUG:https://www.electroplanet.ma:443 "GET /p806352-siera-hm833.html HTTP/1.1" 200 36003
2022-02-17 11:55:36,094:DEBUG:Starting new HTTPS connection (1): www.electroplanet.ma:443
2022-02-17 11:55:38,313:DEBUG:https://www.electroplanet.ma:443 "GET /p2576773-sencor-shm5207ss.html HTTP/1.1" 200 36555
2022-02-17 11:55:42,596:DEBUG:Starting new HTTPS connection (1): www.electroplanet.ma:443
2022-02-17 11:55:44,653:DEBUG:https://www.electroplanet.ma:443 "GET /p2576772-sencor-shm5270.html HTTP/1.1" 200 36476
2022-02-17 11:55:51,990:DEBUG:Starting new HTTPS connection (1): www.electroplanet.ma:443
2022-02-17 11:55:54,322:DEBUG:https://www.electroplanet.ma:443 "GET /p2550070-bosch-mfq4780.html HTTP/1.1" 200 36019
2022-02-17 11:56:00,705:DEBUG:Starting new HTTPS connection (1): www.electroplanet.ma:443
2022-02-17 11:56:03,072:DEBUG:https://www.electroplanet.ma:443 "GET /p2534886-solac-batteur-avec-bol-activa-duo.html HTTP/1.1" 200 36435
2022-02-17 11:56:08,524:DEBUG:Starting new HTTPS connection (1): www.electroplanet.ma:443
2022-02-17 11:56:10,978:DEBUG:https://www.electroplanet.ma:443 "GET /p2534887-solac-batteur-activa.html HTTP/1.1" 200 35886
2022-02-17 11:56:15,303:DEBUG:Starting new HTTPS connection (1): www.electroplanet.ma:443
2022-02-17 11:56:17,443:DEBUG:https://www.electroplanet.ma:443 "GET /p2009052-siera-hm862a.html HTTP/1.1" 200 36257
2022-02-17 11:56:23,864:DEBUG:Starting new HTTPS connection (1): www.electroplanet.ma:443
2022-02-17 11:56:25,811:DEBUG:https://www.electroplanet.ma:443 "GET /p690667-moulinex-abm1.html HTTP/1.1" 200 36845
2022-02-17 11:56:32,171:DEBUG:Starting new HTTPS connection (1): www.electroplanet.ma:443
2022-02-17 11:56:34,319:DEBUG:https://www.electroplanet.ma:443 "GET /p723363-bosch-mfq3010.html HTTP/1.1" 200 37053
2022-02-17 11:56:38,675:DEBUG:Starting new HTTPS connection (1): www.electroplanet.ma:443
2022-02-17 11:56:40,772:DEBUG:https://www.electroplanet.ma:443 "GET /p1028746-taurus-prima.html HTTP/1.1" 200 36833
2022-02-17 11:56:46,072:DEBUG:Starting new HTTPS connection (1): www.electroplanet.ma:443
2022-02-17 11:56:47,930:DEBUG:https://www.electroplanet.ma:443 "GET /p1962825-bosch-mfq2420b.html HTTP/1.1" 200 36364
2022-02-17 11:56:53,265:DEBUG:Starting new HTTPS connection (1): www.electroplanet.ma:443
2022-02-17 11:56:55,210:DEBUG:https://www.electroplanet.ma:443 "GET /p922999-kitchenaid-5khm9212eer.html HTTP/1.1" 200 36888
2022-02-17 11:57:01,533:DEBUG:Starting new HTTPS connection (1): www.electroplanet.ma:443
2022-02-17 11:57:03,407:DEBUG:https://www.electroplanet.ma:443 "GET /p1198540-bosch-mfq36460.html HTTP/1.1" 200 36654
2022-02-17 11:57:15,673:DEBUG:Starting new HTTPS connection (1): www.electroplanet.ma:443
2022-02-17 11:57:16,199:DEBUG:https://www.electroplanet.ma:443 "GET /petit-electromenager/preparation-culinaire/blender HTTP/1.1" 200 43757
2022-02-17 11:57:16,878:DEBUG:Starting new HTTPS connection (1): www.electroplanet.ma:443
2022-02-17 11:57:18,677:DEBUG:https://www.electroplanet.ma:443 "GET /p2824885-aeg-blender-tb7-1-8mtm-gourmet7.html HTTP/1.1" 200 36879
2022-02-17 11:57:23,131:DEBUG:Starting new HTTPS connection (1): www.electroplanet.ma:443
2022-02-17 11:57:24,898:DEBUG:https://www.electroplanet.ma:443 "GET /p2450166-taurus-blender-moulinette-optima-flash.html HTTP/1.1" 200 36665
2022-02-17 11:57:32,355:DEBUG:Starting new HTTPS connection (1): www.electroplanet.ma:443
2022-02-17 11:57:34,310:DEBUG:https://www.electroplanet.ma:443 "GET /p2828419-arzum-ar1057.html HTTP/1.1" 200 36549
2022-02-17 11:57:41,702:DEBUG:Starting new HTTPS connection (1): www.electroplanet.ma:443
2022-02-17 11:57:43,993:DEBUG:https://www.electroplanet.ma:443 "GET /p2821418-kitchenaid-5ksb1585eob.html HTTP/1.1" 200 36679
2022-02-17 11:57:49,225:DEBUG:Starting new HTTPS connection (1): www.electroplanet.ma:443
2022-02-17 11:57:51,350:DEBUG:https://www.electroplanet.ma:443 "GET /p2828418-arzum-ar1056.html HTTP/1.1" 200 36496
2022-02-17 11:57:55,700:DEBUG:Starting new HTTPS connection (1): www.electroplanet.ma:443
2022-02-17 11:57:57,439:DEBUG:https://www.electroplanet.ma:443 "GET /p2832317-kenwood-blp15.html HTTP/1.1" 200 36565
2022-02-17 11:58:03,731:DEBUG:Starting new HTTPS connection (1): www.electroplanet.ma:443
2022-02-17 11:58:05,952:DEBUG:https://www.electroplanet.ma:443 "GET /p2832318-kenwood-blm45.html HTTP/1.1" 200 36498
2022-02-17 11:58:11,385:DEBUG:Starting new HTTPS connection (1): www.electroplanet.ma:443
2022-02-17 11:58:20,904:DEBUG:https://www.electroplanet.ma:443 "GET /p2824969-ufesa-bs4799.html HTTP/1.1" 200 36505
2022-02-17 11:58:28,299:DEBUG:Starting new HTTPS connection (1): www.electroplanet.ma:443
2022-02-17 11:58:31,144:DEBUG:https://www.electroplanet.ma:443 "GET /p2824884-aeg-tb7-1-6wwm.html HTTP/1.1" 200 36711
2022-02-17 11:58:37,682:DEBUG:Starting new HTTPS connection (1): www.electroplanet.ma:443
2022-02-17 11:58:40,995:DEBUG:https://www.electroplanet.ma:443 "GET /p2824886-aeg-tb4-1-6st.html HTTP/1.1" 200 36596
2022-02-17 11:58:47,318:DEBUG:Starting new HTTPS connection (1): www.electroplanet.ma:443
2022-02-17 11:58:49,289:DEBUG:https://www.electroplanet.ma:443 "GET /p2822564-kenwood-blp10-c0.html HTTP/1.1" 200 36586
2022-02-17 11:58:53,803:DEBUG:Starting new HTTPS connection (1): www.electroplanet.ma:443
2022-02-17 11:58:55,925:DEBUG:https://www.electroplanet.ma:443 "GET /p2821970-imperial-ih-1045-bol-en-verre.html HTTP/1.1" 200 36796
2022-02-17 11:59:00,202:DEBUG:Starting new HTTPS connection (1): www.electroplanet.ma:443
2022-02-17 11:59:04,939:DEBUG:https://www.electroplanet.ma:443 "GET /p2820842-braun-jb3100.html HTTP/1.1" 200 36514
2022-02-17 11:59:12,510:DEBUG:Starting new HTTPS connection (1): www.electroplanet.ma:443
2022-02-17 11:59:16,953:DEBUG:https://www.electroplanet.ma:443 "GET /p2820844-braun-jb3150.html HTTP/1.1" 200 36505
2022-02-17 11:59:23,257:DEBUG:Starting new HTTPS connection (1): www.electroplanet.ma:443
2022-02-17 11:59:25,218:DEBUG:https://www.electroplanet.ma:443 "GET /p2818419-severin-3707.html HTTP/1.1" 200 36481
2022-02-17 11:59:32,660:DEBUG:Starting new HTTPS connection (1): www.electroplanet.ma:443
2022-02-17 11:59:34,677:DEBUG:https://www.electroplanet.ma:443 "GET /p2463739-siera-yb-s62.html HTTP/1.1" 200 36480
2022-02-17 11:59:41,030:DEBUG:Starting new HTTPS connection (1): www.electroplanet.ma:443
2022-02-17 11:59:43,241:DEBUG:https://www.electroplanet.ma:443 "GET /p2463738-siera-yb-004.html HTTP/1.1" 200 36250
2022-02-17 11:59:48,604:DEBUG:Starting new HTTPS connection (1): www.electroplanet.ma:443
2022-02-17 11:59:50,827:DEBUG:https://www.electroplanet.ma:443 "GET /p1264033-siera-yb-003bg.html HTTP/1.1" 200 36484
2022-02-17 11:59:55,310:DEBUG:Starting new HTTPS connection (1): www.electroplanet.ma:443
2022-02-17 11:59:57,887:DEBUG:https://www.electroplanet.ma:443 "GET /p2575823-taurus-practika-bol-en-verre.html HTTP/1.1" 200 36725
2022-02-17 12:00:03,520:DEBUG:Starting new HTTPS connection (1): www.electroplanet.ma:443
2022-02-17 12:00:05,844:DEBUG:https://www.electroplanet.ma:443 "GET /p2801473-kenwood-blp41.html HTTP/1.1" 200 36625
2022-02-17 12:00:10,371:DEBUG:Starting new HTTPS connection (1): www.electroplanet.ma:443
2022-02-17 12:00:12,927:DEBUG:https://www.electroplanet.ma:443 "GET /p2801472-kenwood-blp10.html HTTP/1.1" 200 36531
2022-02-17 12:00:18,428:DEBUG:Starting new HTTPS connection (1): www.electroplanet.ma:443
2022-02-17 12:00:20,594:DEBUG:https://www.electroplanet.ma:443 "GET /p2571179-moulinex-lm437825.html HTTP/1.1" 200 36551
2022-02-17 12:00:25,019:DEBUG:Starting new HTTPS connection (1): www.electroplanet.ma:443
2022-02-17 12:00:27,068:DEBUG:https://www.electroplanet.ma:443 "GET /p2549786-sencor-sbl-2214rd.html HTTP/1.1" 200 36848
2022-02-17 12:00:34,432:DEBUG:Starting new HTTPS connection (1): www.electroplanet.ma:443
2022-02-17 12:00:36,188:DEBUG:https://www.electroplanet.ma:443 "GET /p2576776-sencor-sbu7878bk.html HTTP/1.1" 200 36752
2022-02-17 12:00:42,503:DEBUG:Starting new HTTPS connection (1): www.electroplanet.ma:443
2022-02-17 12:00:44,571:DEBUG:https://www.electroplanet.ma:443 "GET /p2576775-sencor-sbl4470ss.html HTTP/1.1" 200 36656
2022-02-17 12:00:50,929:DEBUG:Starting new HTTPS connection (1): www.electroplanet.ma:443
2022-02-17 12:00:53,049:DEBUG:https://www.electroplanet.ma:443 "GET /p2576774-sencor-sbl4372.html HTTP/1.1" 200 36613
2022-02-17 12:00:59,492:DEBUG:Starting new HTTPS connection (1): www.electroplanet.ma:443
2022-02-17 12:01:01,780:DEBUG:https://www.electroplanet.ma:443 "GET /p2527520-bosch-mmbm7g3m.html HTTP/1.1" 200 36179
2022-02-17 12:01:06,134:DEBUG:Starting new HTTPS connection (1): www.electroplanet.ma:443
2022-02-17 12:01:08,234:DEBUG:https://www.electroplanet.ma:443 "GET /p2449588-bosch-mmb21p0r.html HTTP/1.1" 200 36772
2022-02-17 12:01:15,541:DEBUG:Starting new HTTPS connection (1): www.electroplanet.ma:443
2022-02-17 12:01:17,754:DEBUG:https://www.electroplanet.ma:443 "GET /p2541982-solac-green-mixer.html HTTP/1.1" 200 36714
2022-02-17 12:01:23,001:DEBUG:Starting new HTTPS connection (1): www.electroplanet.ma:443
2022-02-17 12:01:25,024:DEBUG:https://www.electroplanet.ma:443 "GET /p2109469-taurus-blender-active-professional-1500w.html HTTP/1.1" 200 36741
2022-02-17 12:01:30,329:DEBUG:Starting new HTTPS connection (1): www.electroplanet.ma:443
2022-02-17 12:01:34,339:DEBUG:https://www.electroplanet.ma:443 "GET /p2529114-moulinex-super-blender-lm207125-2accessoires.html HTTP/1.1" 200 36816
2022-02-17 12:01:40,654:DEBUG:Starting new HTTPS connection (1): www.electroplanet.ma:443
2022-02-17 12:01:42,628:DEBUG:https://www.electroplanet.ma:443 "GET /p2540801-moulinex-dp815810-xxl-nr.html HTTP/1.1" 200 36513
2022-02-17 12:01:48,029:DEBUG:Starting new HTTPS connection (1): www.electroplanet.ma:443
2022-02-17 12:01:49,800:DEBUG:https://www.electroplanet.ma:443 "GET /p2468609-bosch-mmbv625m.html HTTP/1.1" 200 36642
2022-02-17 12:01:57,101:DEBUG:Starting new HTTPS connection (1): www.electroplanet.ma:443
2022-02-17 12:01:59,935:DEBUG:https://www.electroplanet.ma:443 "GET /p2450672-ariete-vintage-568-beige.html HTTP/1.1" 200 36727
2022-02-17 12:02:05,230:DEBUG:Starting new HTTPS connection (1): www.electroplanet.ma:443
2022-02-17 12:02:07,211:DEBUG:https://www.electroplanet.ma:443 "GET /p2450673-ariete-vintage-568-bleu.html HTTP/1.1" 200 36699
2022-02-17 12:02:13,458:DEBUG:Starting new HTTPS connection (1): www.electroplanet.ma:443
2022-02-17 12:02:15,609:DEBUG:https://www.electroplanet.ma:443 "GET /p2109442-moulinex-lm422125.html HTTP/1.1" 200 36615
2022-02-17 12:02:22,893:DEBUG:Starting new HTTPS connection (1): www.electroplanet.ma:443
2022-02-17 12:02:24,931:DEBUG:https://www.electroplanet.ma:443 "GET /p2447882-moulinex-lm811-perfectmix.html HTTP/1.1" 200 36697
2022-02-17 12:02:32,310:DEBUG:Starting new HTTPS connection (1): www.electroplanet.ma:443
2022-02-17 12:02:33,893:DEBUG:https://www.electroplanet.ma:443 "GET /p2103340-kenwood-bl440.html HTTP/1.1" 200 36579
2022-02-17 12:02:41,300:DEBUG:Starting new HTTPS connection (1): www.electroplanet.ma:443
2022-02-17 12:02:42,854:DEBUG:https://www.electroplanet.ma:443 "GET /p2092095-bosch-mmbh6p6b.html HTTP/1.1" 200 36667
2022-02-17 12:02:49,173:DEBUG:Starting new HTTPS connection (1): www.electroplanet.ma:443
2022-02-17 12:02:51,804:DEBUG:https://www.electroplanet.ma:443 "GET /p2092097-solac-blender-torbado-en-verre.html HTTP/1.1" 200 36860
2022-02-17 12:03:01,127:DEBUG:Starting new HTTPS connection (1): www.electroplanet.ma:443
2022-02-17 12:03:02,912:DEBUG:https://www.electroplanet.ma:443 "GET /petit-electromenager/preparation-culinaire/hache-viande HTTP/1.1" 200 35559
2022-02-17 12:03:03,176:DEBUG:Starting new HTTPS connection (1): www.electroplanet.ma:443
2022-02-17 12:03:04,960:DEBUG:https://www.electroplanet.ma:443 "GET /p2471588-taurus-turin.html HTTP/1.1" 200 36126
2022-02-17 12:03:11,241:DEBUG:Starting new HTTPS connection (1): www.electroplanet.ma:443
2022-02-17 12:03:13,158:DEBUG:https://www.electroplanet.ma:443 "GET /p2466485-moulinex-me106832.html HTTP/1.1" 200 36123
2022-02-17 12:03:19,592:DEBUG:Starting new HTTPS connection (1): www.electroplanet.ma:443
2022-02-17 12:03:21,860:DEBUG:https://www.electroplanet.ma:443 "GET /p2466470-bosch-mfmw2500w.html HTTP/1.1" 200 36185
2022-02-17 12:03:29,231:DEBUG:Starting new HTTPS connection (1): www.electroplanet.ma:443
2022-02-17 12:03:31,088:DEBUG:https://www.electroplanet.ma:443 "GET /p2048344-bosch-mfw3640a.html HTTP/1.1" 200 36211
2022-02-17 12:03:38,565:DEBUG:Starting new HTTPS connection (1): www.electroplanet.ma:443
2022-02-17 12:03:40,495:DEBUG:https://www.electroplanet.ma:443 "GET /p1272994-bosch-mfw45020.html HTTP/1.1" 200 36976
2022-02-17 12:03:51,792:DEBUG:Starting new HTTPS connection (1): www.electroplanet.ma:443
2022-02-17 12:03:54,026:DEBUG:https://www.electroplanet.ma:443 "GET /petit-electromenager/preparation-culinaire/hachoir HTTP/1.1" 200 38098
2022-02-17 12:03:54,476:DEBUG:Starting new HTTPS connection (1): www.electroplanet.ma:443
2022-02-17 12:03:56,167:DEBUG:https://www.electroplanet.ma:443 "GET /p2843041-siera-yh-702g.html HTTP/1.1" 200 36312
2022-02-17 12:04:02,423:DEBUG:Starting new HTTPS connection (1): www.electroplanet.ma:443
2022-02-17 12:04:04,711:DEBUG:https://www.electroplanet.ma:443 "GET /p2086275-bosch-mmr15a1.html HTTP/1.1" 200 36386
2022-02-17 12:04:10,141:DEBUG:Starting new HTTPS connection (1): www.electroplanet.ma:443
2022-02-17 12:04:12,139:DEBUG:https://www.electroplanet.ma:443 "GET /p2828428-arzum-ar1055.html HTTP/1.1" 200 36563
2022-02-17 12:04:18,579:DEBUG:Starting new HTTPS connection (1): www.electroplanet.ma:443
2022-02-17 12:04:20,429:DEBUG:https://www.electroplanet.ma:443 "GET /p2828427-arzum-ar1020.html HTTP/1.1" 200 36533
2022-02-17 12:04:26,770:DEBUG:Starting new HTTPS connection (1): www.electroplanet.ma:443
2022-02-17 12:04:28,419:DEBUG:https://www.electroplanet.ma:443 "GET /p1992119-siera-mc356a.html HTTP/1.1" 200 36279
2022-02-17 12:04:32,693:DEBUG:Starting new HTTPS connection (1): www.electroplanet.ma:443
2022-02-17 12:04:34,697:DEBUG:https://www.electroplanet.ma:443 "GET /p2575969-taurus-smart-chopper.html HTTP/1.1" 200 36507
2022-02-17 12:04:38,961:DEBUG:Starting new HTTPS connection (1): www.electroplanet.ma:443
2022-02-17 12:04:40,919:DEBUG:https://www.electroplanet.ma:443 "GET /p2576786-sencor-scb5100wh.html HTTP/1.1" 200 36557
2022-02-17 12:04:45,161:DEBUG:Starting new HTTPS connection (1): www.electroplanet.ma:443
2022-02-17 12:04:46,997:DEBUG:https://www.electroplanet.ma:443 "GET /p2484462-taurus-hachoir-mixeur-perfect-chopper.html HTTP/1.1" 200 36490
2022-02-17 12:04:54,408:DEBUG:Starting new HTTPS connection (1): www.electroplanet.ma:443
2022-02-17 12:04:56,172:DEBUG:https://www.electroplanet.ma:443 "GET /p2516275-imperial-ih-1066.html HTTP/1.1" 200 36388
2022-02-17 12:05:02,569:DEBUG:Starting new HTTPS connection (1): www.electroplanet.ma:443
2022-02-17 12:05:04,446:DEBUG:https://www.electroplanet.ma:443 "GET /p2475104-alaska-dm-5000.html HTTP/1.1" 200 36532
2022-02-17 12:05:10,906:DEBUG:Starting new HTTPS connection (1): www.electroplanet.ma:443
2022-02-17 12:05:12,759:DEBUG:https://www.electroplanet.ma:443 "GET /p2540839-ariete-1829-choppi.html HTTP/1.1" 200 36071
2022-02-17 12:05:19,208:DEBUG:Starting new HTTPS connection (1): www.electroplanet.ma:443
2022-02-17 12:05:21,357:DEBUG:https://www.electroplanet.ma:443 "GET /p2147125-moulinex-at723.html HTTP/1.1" 200 36349
2022-02-17 12:05:28,692:DEBUG:Starting new HTTPS connection (1): www.electroplanet.ma:443
2022-02-17 12:05:30,431:DEBUG:https://www.electroplanet.ma:443 "GET /p744369-bosch-mmr08r2.html HTTP/1.1" 200 37220
2022-02-17 12:05:34,778:DEBUG:Starting new HTTPS connection (1): www.electroplanet.ma:443
2022-02-17 12:05:36,830:DEBUG:https://www.electroplanet.ma:443 "GET /p716682-kenwood-ch550.html HTTP/1.1" 200 37010
2022-02-17 12:05:44,060:DEBUG:Starting new HTTPS connection (1): www.electroplanet.ma:443
2022-02-17 12:05:45,949:DEBUG:https://www.electroplanet.ma:443 "GET /p410376-moulinex-t7101.html HTTP/1.1" 200 37198
2022-02-17 12:05:50,353:DEBUG:Starting new HTTPS connection (1): www.electroplanet.ma:443
2022-02-17 12:05:52,599:DEBUG:https://www.electroplanet.ma:443 "GET /p1958277-elexia-elx-cp-710.html HTTP/1.1" 200 35732
2022-02-17 12:06:02,930:DEBUG:Starting new HTTPS connection (1): www.electroplanet.ma:443
2022-02-17 12:06:05,393:DEBUG:https://www.electroplanet.ma:443 "GET /petit-electromenager/preparation-culinaire/kitchen-machine HTTP/1.1" 200 44134
2022-02-17 12:06:05,990:DEBUG:Starting new HTTPS connection (1): www.electroplanet.ma:443
2022-02-17 12:06:07,850:DEBUG:https://www.electroplanet.ma:443 "GET /p2934675-aeg-kitchen-machine-km5-1-4bpt-deli5.html HTTP/1.1" 200 36962
2022-02-17 12:06:12,119:DEBUG:Starting new HTTPS connection (1): www.electroplanet.ma:443
2022-02-17 12:06:13,686:DEBUG:https://www.electroplanet.ma:443 "GET /p2856055-bosch-mum58m64.html HTTP/1.1" 200 36794
2022-02-17 12:06:17,958:DEBUG:Starting new HTTPS connection (1): www.electroplanet.ma:443
2022-02-17 12:06:19,631:DEBUG:https://www.electroplanet.ma:443 "GET /p2856056-bosch-mum-s2er01-rouge.html HTTP/1.1" 200 36774
2022-02-17 12:06:25,885:DEBUG:Starting new HTTPS connection (1): www.electroplanet.ma:443
2022-02-17 12:06:27,517:DEBUG:https://www.electroplanet.ma:443 "GET /p2856057-bosch-kitchen-machine-mums2eb01-noir.html HTTP/1.1" 200 36843
2022-02-17 12:06:32,990:DEBUG:Starting new HTTPS connection (1): www.electroplanet.ma:443
2022-02-17 12:06:34,989:DEBUG:https://www.electroplanet.ma:443 "GET /p2843234-kenwood-petrin-km636-presse-agrumes-je280a.html HTTP/1.1" 200 35243
2022-02-17 12:06:41,560:DEBUG:Starting new HTTPS connection (1): www.electroplanet.ma:443
2022-02-17 12:06:43,461:DEBUG:https://www.electroplanet.ma:443 "GET /p2821768-kitchenaid-5k45ssewh-4-3l.html HTTP/1.1" 200 36413
2022-02-17 12:06:49,809:DEBUG:Starting new HTTPS connection (1): www.electroplanet.ma:443
2022-02-17 12:06:51,884:DEBUG:https://www.electroplanet.ma:443 "GET /p2827584-solac-power-stand.html HTTP/1.1" 200 36635
2022-02-17 12:06:59,189:DEBUG:Starting new HTTPS connection (1): www.electroplanet.ma:443
2022-02-17 12:07:01,412:DEBUG:https://www.electroplanet.ma:443 "GET /p2824883-aeg-km5520.html HTTP/1.1" 200 36829
2022-02-17 12:07:06,685:DEBUG:Starting new HTTPS connection (1): www.electroplanet.ma:443
2022-02-17 12:07:08,449:DEBUG:https://www.electroplanet.ma:443 "GET /p2824882-aeg-km5540.html HTTP/1.1" 200 36840
2022-02-17 12:07:14,689:DEBUG:Starting new HTTPS connection (1): www.electroplanet.ma:443
2022-02-17 12:07:16,558:DEBUG:https://www.electroplanet.ma:443 "GET /p2524884-elexia-elx-sm-912.html HTTP/1.1" 200 36598
2022-02-17 12:07:22,839:DEBUG:Starting new HTTPS connection (1): www.electroplanet.ma:443
2022-02-17 12:07:24,651:DEBUG:https://www.electroplanet.ma:443 "GET /p2820172-moulinex-qa150110.html HTTP/1.1" 200 36759
2022-02-17 12:07:31,960:DEBUG:Starting new HTTPS connection (1): www.electroplanet.ma:443
2022-02-17 12:07:33,785:DEBUG:https://www.electroplanet.ma:443 "GET /p2580535-bosch-mum5xw20.html HTTP/1.1" 200 36392
2022-02-17 12:07:39,074:DEBUG:Starting new HTTPS connection (1): www.electroplanet.ma:443
2022-02-17 12:07:55,986:DEBUG:https://www.electroplanet.ma:443 "GET /p2520151-elexia-elx-sm-911-noir.html HTTP/1.1" 200 36554
2022-02-17 12:08:02,449:DEBUG:Starting new HTTPS connection (1): www.electroplanet.ma:443
2022-02-17 12:08:04,406:DEBUG:https://www.electroplanet.ma:443 "GET /p2549803-sencor-stm3774rd.html HTTP/1.1" 200 37000
2022-02-17 12:08:11,841:DEBUG:Starting new HTTPS connection (1): www.electroplanet.ma:443
2022-02-17 12:08:13,434:DEBUG:https://www.electroplanet.ma:443 "GET /p2520150-elexia-elx-sm-911-pink.html HTTP/1.1" 200 36238
2022-02-17 12:08:18,876:DEBUG:Starting new HTTPS connection (1): www.electroplanet.ma:443
2022-02-17 12:08:20,667:DEBUG:https://www.electroplanet.ma:443 "GET /p2534034-moulinex-qa513g10.html HTTP/1.1" 200 36540
2022-02-17 12:08:25,950:DEBUG:Starting new HTTPS connection (1): www.electroplanet.ma:443
2022-02-17 12:08:27,633:DEBUG:https://www.electroplanet.ma:443 "GET /p2506536-taurus-kitchen-machine-best-mixing-chef.html HTTP/1.1" 200 36928
2022-02-17 12:08:31,887:DEBUG:Starting new HTTPS connection (1): www.electroplanet.ma:443
2022-02-17 12:08:33,770:DEBUG:https://www.electroplanet.ma:443 "GET /p2466524-kenwood-kmx754bk.html HTTP/1.1" 200 36716
2022-02-17 12:08:39,270:DEBUG:Starting new HTTPS connection (1): www.electroplanet.ma:443
2022-02-17 12:08:40,988:DEBUG:https://www.electroplanet.ma:443 "GET /p2466525-kenwood-kmx754rd.html HTTP/1.1" 200 36703
2022-02-17 12:08:45,459:DEBUG:Starting new HTTPS connection (1): www.electroplanet.ma:443
2022-02-17 12:08:47,077:DEBUG:https://www.electroplanet.ma:443 "GET /p1370436-bosch-mum48r1-mmr08r2.html HTTP/1.1" 200 36764
2022-02-17 12:08:54,441:DEBUG:Starting new HTTPS connection (1): www.electroplanet.ma:443
2022-02-17 12:08:56,403:DEBUG:https://www.electroplanet.ma:443 "GET /p2103909-jata-fp500r.html HTTP/1.1" 200 36668
2022-02-17 12:09:03,768:DEBUG:Starting new HTTPS connection (1): www.electroplanet.ma:443
2022-02-17 12:09:05,633:DEBUG:https://www.electroplanet.ma:443 "GET /p2103342-kenwood-km636.html HTTP/1.1" 200 36685
2022-02-17 12:09:12,000:DEBUG:Starting new HTTPS connection (1): www.electroplanet.ma:443
2022-02-17 12:09:14,687:DEBUG:https://www.electroplanet.ma:443 "GET /p2103344-kenwood-kmx750rd.html HTTP/1.1" 200 36733
2022-02-17 12:09:19,917:DEBUG:Starting new HTTPS connection (1): www.electroplanet.ma:443
2022-02-17 12:09:21,732:DEBUG:https://www.electroplanet.ma:443 "GET /p2095727-bosch-mum48a1-noir.html HTTP/1.1" 200 36776
2022-02-17 12:09:27,174:DEBUG:Starting new HTTPS connection (1): www.electroplanet.ma:443
2022-02-17 12:09:31,064:DEBUG:https://www.electroplanet.ma:443 "GET /p2033757-krups-ka253111.html HTTP/1.1" 200 36609
2022-02-17 12:09:35,358:DEBUG:Starting new HTTPS connection (1): www.electroplanet.ma:443
2022-02-17 12:09:38,042:DEBUG:https://www.electroplanet.ma:443 "GET /p1331851-taurus-petrin-perfecta.html HTTP/1.1" 200 36836
2022-02-17 12:09:43,281:DEBUG:Starting new HTTPS connection (1): www.electroplanet.ma:443
2022-02-17 12:09:45,603:DEBUG:https://www.electroplanet.ma:443 "GET /p2090353-solac-great-stand-mixer.html HTTP/1.1" 200 36722
2022-02-17 12:09:51,857:DEBUG:Starting new HTTPS connection (1): www.electroplanet.ma:443
2022-02-17 12:09:54,108:DEBUG:https://www.electroplanet.ma:443 "GET /p1862295-bosch-mum9yx5s12.html HTTP/1.1" 200 37687
2022-02-17 12:09:58,358:DEBUG:Starting new HTTPS connection (1): www.electroplanet.ma:443
2022-02-17 12:10:03,702:DEBUG:https://www.electroplanet.ma:443 "GET /p1367973-moulinex-ow2208.html HTTP/1.1" 200 37747
2022-02-17 12:10:11,182:DEBUG:Starting new HTTPS connection (1): www.electroplanet.ma:443
2022-02-17 12:10:14,851:DEBUG:https://www.electroplanet.ma:443 "GET /p1250960-bosch-mum58420.html HTTP/1.1" 200 37982
2022-02-17 12:10:21,178:DEBUG:Starting new HTTPS connection (1): www.electroplanet.ma:443
2022-02-17 12:10:22,826:DEBUG:https://www.electroplanet.ma:443 "GET /p408795-taurus-mixing-chef.html HTTP/1.1" 200 37501
2022-02-17 12:10:28,064:DEBUG:Starting new HTTPS connection (1): www.electroplanet.ma:443
2022-02-17 12:10:31,605:DEBUG:https://www.electroplanet.ma:443 "GET /p785241-kitchenaid-5ksm45ewh.html HTTP/1.1" 200 37873
2022-02-17 12:10:37,861:DEBUG:Starting new HTTPS connection (1): www.electroplanet.ma:443
2022-02-17 12:10:40,261:DEBUG:https://www.electroplanet.ma:443 "GET /p1962452-bosch-mum48a1-msm2650b.html HTTP/1.1" 200 35296
2022-02-17 12:10:46,492:DEBUG:Starting new HTTPS connection (1): www.electroplanet.ma:443
2022-02-17 12:10:49,456:DEBUG:https://www.electroplanet.ma:443 "GET /p1372421-moulinex-qa5001b1.html HTTP/1.1" 200 37590
2022-02-17 12:10:54,700:DEBUG:Starting new HTTPS connection (1): www.electroplanet.ma:443
2022-02-17 12:10:56,307:DEBUG:https://www.electroplanet.ma:443 "GET /p1880349-kenwood-kvc3100s.html HTTP/1.1" 200 37985
2022-02-17 12:11:00,572:DEBUG:Starting new HTTPS connection (1): www.electroplanet.ma:443
2022-02-17 12:11:02,294:DEBUG:https://www.electroplanet.ma:443 "GET /p1212851-taurus-master-mixing-chef.html HTTP/1.1" 200 36761
2022-02-17 12:11:07,580:DEBUG:Starting new HTTPS connection (1): www.electroplanet.ma:443
2022-02-17 12:11:09,519:DEBUG:https://www.electroplanet.ma:443 "GET /p2457194-elexia-elx-sm-910.html HTTP/1.1" 200 36230
2022-02-17 12:11:16,907:DEBUG:Starting new HTTPS connection (1): www.electroplanet.ma:443
2022-02-17 12:11:18,857:DEBUG:https://www.electroplanet.ma:443 "GET /p2821417-kitchenaid-5ksm175p-seer-4-8l.html HTTP/1.1" 200 36445
2022-02-17 12:11:26,152:DEBUG:Starting new HTTPS connection (1): www.electroplanet.ma:443
2022-02-17 12:11:28,155:DEBUG:https://www.electroplanet.ma:443 "GET /p2582804-magimix-18601f-multif.html HTTP/1.1" 200 36288
2022-02-17 12:11:33,458:DEBUG:Starting new HTTPS connection (1): www.electroplanet.ma:443
2022-02-17 12:11:35,437:DEBUG:https://www.electroplanet.ma:443 "GET /p2448364-kenwood-kvl4100s.html HTTP/1.1" 200 36284
2022-02-17 12:11:46,740:DEBUG:Starting new HTTPS connection (1): www.electroplanet.ma:443
2022-02-17 12:11:47,189:DEBUG:https://www.electroplanet.ma:443 "GET /petit-electromenager/preparation-culinaire/mixeur-plongeant HTTP/1.1" 200 43285
2022-02-17 12:11:47,569:DEBUG:Starting new HTTPS connection (1): www.electroplanet.ma:443
2022-02-17 12:11:49,459:DEBUG:https://www.electroplanet.ma:443 "GET /p2856053-bosch-mixeur-plogeant-ms6cm6120.html HTTP/1.1" 200 36841
2022-02-17 12:11:55,872:DEBUG:Starting new HTTPS connection (1): www.electroplanet.ma:443
2022-02-17 12:11:57,752:DEBUG:https://www.electroplanet.ma:443 "GET /p2856054-bosch-mixeur-plogeant-ms6cb6110.html HTTP/1.1" 200 36843
2022-02-17 12:12:03,171:DEBUG:Starting new HTTPS connection (1): www.electroplanet.ma:443
2022-02-17 12:12:04,918:DEBUG:https://www.electroplanet.ma:443 "GET /p2842975-moulinex-dd95hd10.html HTTP/1.1" 200 36746
2022-02-17 12:12:09,407:DEBUG:Starting new HTTPS connection (1): www.electroplanet.ma:443
2022-02-17 12:12:11,484:DEBUG:https://www.electroplanet.ma:443 "GET /p2821419-kitchenaid-5khb2570eob-180w.html HTTP/1.1" 200 36737
2022-02-17 12:12:17,868:DEBUG:Starting new HTTPS connection (1): www.electroplanet.ma:443
2022-02-17 12:12:19,869:DEBUG:https://www.electroplanet.ma:443 "GET /p2828491-arzum-ar1041.html HTTP/1.1" 200 36579
2022-02-17 12:12:27,187:DEBUG:Starting new HTTPS connection (1): www.electroplanet.ma:443
2022-02-17 12:12:29,489:DEBUG:https://www.electroplanet.ma:443 "GET /p2828437-arzum-ar1042.html HTTP/1.1" 200 36918
2022-02-17 12:12:33,860:DEBUG:Starting new HTTPS connection (1): www.electroplanet.ma:443
2022-02-17 12:12:36,463:DEBUG:https://www.electroplanet.ma:443 "GET /p2828435-arzum-ar1004.html HTTP/1.1" 200 36539
2022-02-17 12:12:43,050:DEBUG:Starting new HTTPS connection (1): www.electroplanet.ma:443
2022-02-17 12:13:01,237:DEBUG:https://www.electroplanet.ma:443 "GET /p2832315-braun-mq5235.html HTTP/1.1" 200 36259
2022-02-17 12:13:08,539:DEBUG:Starting new HTTPS connection (1): www.electroplanet.ma:443
2022-02-17 12:13:10,356:DEBUG:https://www.electroplanet.ma:443 "GET /p2832316-braun-mq7075x.html HTTP/1.1" 200 36263
2022-02-17 12:13:16,596:DEBUG:Starting new HTTPS connection (1): www.electroplanet.ma:443
2022-02-17 12:13:18,687:DEBUG:https://www.electroplanet.ma:443 "GET /p2828494-braun-mq3020-pesto.html HTTP/1.1" 200 36607
2022-02-17 12:13:23,960:DEBUG:Starting new HTTPS connection (1): www.electroplanet.ma:443
2022-02-17 12:13:25,708:DEBUG:https://www.electroplanet.ma:443 "GET /p2824887-aeg-hb5-1-8ss.html HTTP/1.1" 200 36807
2022-02-17 12:13:31,993:DEBUG:Starting new HTTPS connection (1): www.electroplanet.ma:443
2022-02-17 12:13:33,768:DEBUG:https://www.electroplanet.ma:443 "GET /p2824500-ufesa-bp4551.html HTTP/1.1" 200 36614
2022-02-17 12:13:39,020:DEBUG:Starting new HTTPS connection (1): www.electroplanet.ma:443
2022-02-17 12:13:40,969:DEBUG:https://www.electroplanet.ma:443 "GET /p2824501-ufesa-bp4552.html HTTP/1.1" 200 36795
2022-02-17 12:13:48,226:DEBUG:Starting new HTTPS connection (1): www.electroplanet.ma:443
2022-02-17 12:13:50,162:DEBUG:https://www.electroplanet.ma:443 "GET /p2092089-bosch-msm2650b.html HTTP/1.1" 200 36614
2022-02-17 12:13:56,459:DEBUG:Starting new HTTPS connection (1): www.electroplanet.ma:443
2022-02-17 12:13:58,397:DEBUG:https://www.electroplanet.ma:443 "GET /p2580536-bosch-msm26500.html HTTP/1.1" 200 36806
2022-02-17 12:14:05,657:DEBUG:Starting new HTTPS connection (1): www.electroplanet.ma:443
2022-02-17 12:14:08,261:DEBUG:https://www.electroplanet.ma:443 "GET /p2549788-sencor-shb-4464rd.html HTTP/1.1" 200 36987
2022-02-17 12:14:14,581:DEBUG:Starting new HTTPS connection (1): www.electroplanet.ma:443
2022-02-17 12:14:16,712:DEBUG:https://www.electroplanet.ma:443 "GET /p2580382-braun-mq5245.html HTTP/1.1" 200 36650
2022-02-17 12:14:21,007:DEBUG:Starting new HTTPS connection (1): www.electroplanet.ma:443
2022-02-17 12:14:22,578:DEBUG:https://www.electroplanet.ma:443 "GET /p2529117-moulinex-dd12a-turbo-mix.html HTTP/1.1" 200 36864
2022-02-17 12:14:28,873:DEBUG:Starting new HTTPS connection (1): www.electroplanet.ma:443
2022-02-17 12:14:30,943:DEBUG:https://www.electroplanet.ma:443 "GET /p2576789-sencor-shb4465vt.html HTTP/1.1" 200 36895
2022-02-17 12:14:37,195:DEBUG:Starting new HTTPS connection (1): www.electroplanet.ma:443
2022-02-17 12:14:39,926:DEBUG:https://www.electroplanet.ma:443 "GET /p2576788-sencor-shb4359bk.html HTTP/1.1" 200 36904
2022-02-17 12:14:46,327:DEBUG:Starting new HTTPS connection (1): www.electroplanet.ma:443
2022-02-17 12:14:48,454:DEBUG:https://www.electroplanet.ma:443 "GET /p2576787-sencor-shb4358wh.html HTTP/1.1" 200 36774
2022-02-17 12:14:52,796:DEBUG:Starting new HTTPS connection (1): www.electroplanet.ma:443
2022-02-17 12:14:54,995:DEBUG:https://www.electroplanet.ma:443 "GET /p2544486-taurus-bapi-850-plus.html HTTP/1.1" 200 36684
2022-02-17 12:14:59,534:DEBUG:Starting new HTTPS connection (1): www.electroplanet.ma:443
2022-02-17 12:15:01,700:DEBUG:https://www.electroplanet.ma:443 "GET /p2529118-moulinex-dd4518.html HTTP/1.1" 200 36567
2022-02-17 12:15:07,092:DEBUG:Starting new HTTPS connection (1): www.electroplanet.ma:443
2022-02-17 12:15:08,952:DEBUG:https://www.electroplanet.ma:443 "GET /p2514840-moulinex-dd471a10.html HTTP/1.1" 200 36975
2022-02-17 12:15:13,287:DEBUG:Starting new HTTPS connection (1): www.electroplanet.ma:443
2022-02-17 12:15:15,382:DEBUG:https://www.electroplanet.ma:443 "GET /p2466469-bosch-msm24100.html HTTP/1.1" 200 36667
2022-02-17 12:15:21,817:DEBUG:Starting new HTTPS connection (1): www.electroplanet.ma:443
2022-02-17 12:15:23,474:DEBUG:https://www.electroplanet.ma:443 "GET /p2457102-ariete-881.html HTTP/1.1" 200 36594
2022-02-17 12:15:30,884:DEBUG:Starting new HTTPS connection (1): www.electroplanet.ma:443
2022-02-17 12:15:39,362:DEBUG:https://www.electroplanet.ma:443 "GET /p2215810-solac-pro-plus-bapi.html HTTP/1.1" 200 36617
2022-02-17 12:15:43,705:DEBUG:Starting new HTTPS connection (1): www.electroplanet.ma:443
2022-02-17 12:15:50,155:DEBUG:https://www.electroplanet.ma:443 "GET /p2215809-solac-mixer-600-plus.html HTTP/1.1" 200 36622
2022-02-17 12:15:55,608:DEBUG:Starting new HTTPS connection (1): www.electroplanet.ma:443
2022-02-17 12:16:01,113:DEBUG:https://www.electroplanet.ma:443 "GET /p2091692-taurus-mixeur-plongeant-bapi.html HTTP/1.1" 200 36644
2022-02-17 12:16:06,404:DEBUG:Starting new HTTPS connection (1): www.electroplanet.ma:443
2022-02-17 12:16:09,355:DEBUG:https://www.electroplanet.ma:443 "GET /p2009054-siera-hb1915.html HTTP/1.1" 200 36501
2022-02-17 12:16:15,756:DEBUG:Starting new HTTPS connection (1): www.electroplanet.ma:443
2022-02-17 12:16:22,388:DEBUG:https://www.electroplanet.ma:443 "GET /p2038170-moulinex-dd655.html HTTP/1.1" 200 36504
2022-02-17 12:16:28,957:DEBUG:Starting new HTTPS connection (1): www.electroplanet.ma:443
2022-02-17 12:16:34,883:DEBUG:https://www.electroplanet.ma:443 "GET /p744426-bosch-msm64110.html HTTP/1.1" 200 37301
2022-02-17 12:16:39,312:DEBUG:Starting new HTTPS connection (1): www.electroplanet.ma:443
2022-02-17 12:16:41,879:DEBUG:https://www.electroplanet.ma:443 "GET /p1022848-taurus-robot-5-0-plus.html HTTP/1.1" 200 37611
2022-02-17 12:16:49,415:DEBUG:Starting new HTTPS connection (1): www.electroplanet.ma:443
2022-02-17 12:16:51,335:DEBUG:https://www.electroplanet.ma:443 "GET /p1063362-braun-mq775.html HTTP/1.1" 200 37310
2022-02-17 12:16:59,021:DEBUG:Starting new HTTPS connection (1): www.electroplanet.ma:443
2022-02-17 12:17:03,058:DEBUG:https://www.electroplanet.ma:443 "GET /p953377-braun-mq100.html HTTP/1.1" 200 36894
2022-02-17 12:17:08,611:DEBUG:Starting new HTTPS connection (1): www.electroplanet.ma:443
2022-02-17 12:17:12,539:DEBUG:https://www.electroplanet.ma:443 "GET /p1362547-taurus-robot-500.html HTTP/1.1" 200 37007
2022-02-17 12:17:18,854:DEBUG:Starting new HTTPS connection (1): www.electroplanet.ma:443
2022-02-17 12:17:21,285:DEBUG:https://www.electroplanet.ma:443 "GET /p1362546-taurus-robot-500-inox.html HTTP/1.1" 200 37235
2022-02-17 12:17:27,594:DEBUG:Starting new HTTPS connection (1): www.electroplanet.ma:443
2022-02-17 12:17:29,633:DEBUG:https://www.electroplanet.ma:443 "GET /p2103442-ariete-pimmy-886.html HTTP/1.1" 200 36316
2022-02-17 12:17:34,972:DEBUG:Starting new HTTPS connection (1): www.electroplanet.ma:443
2022-02-17 12:17:37,380:DEBUG:https://www.electroplanet.ma:443 "GET /p968643-bosch-msm88160.html HTTP/1.1" 200 37408
2022-02-17 12:17:44,734:DEBUG:Starting new HTTPS connection (1): www.electroplanet.ma:443
2022-02-17 12:17:46,856:DEBUG:https://www.electroplanet.ma:443 "GET /p1374525-philips-hr1605.html HTTP/1.1" 200 36148
2022-02-17 12:17:56,152:DEBUG:Starting new HTTPS connection (1): www.electroplanet.ma:443
2022-02-17 12:17:56,567:DEBUG:https://www.electroplanet.ma:443 "GET /petit-electromenager/preparation-culinaire/moulinette HTTP/1.1" 200 34876
2022-02-17 12:17:56,978:DEBUG:Starting new HTTPS connection (1): www.electroplanet.ma:443
2022-02-17 12:17:59,137:DEBUG:https://www.electroplanet.ma:443 "GET /p2821160-moulinex-powelix-dpa141.html HTTP/1.1" 200 36406
2022-02-17 12:18:05,418:DEBUG:Starting new HTTPS connection (1): www.electroplanet.ma:443
2022-02-17 12:18:07,320:DEBUG:https://www.electroplanet.ma:443 "GET /p2450682-ariete-447.html HTTP/1.1" 200 35828
2022-02-17 12:18:11,611:DEBUG:Starting new HTTPS connection (1): www.electroplanet.ma:443
2022-02-17 12:18:16,429:DEBUG:https://www.electroplanet.ma:443 "GET /p755476-moulinex-dj755.html HTTP/1.1" 200 36904
2022-02-17 12:18:24,877:DEBUG:Starting new HTTPS connection (1): www.electroplanet.ma:443
2022-02-17 12:18:25,291:DEBUG:https://www.electroplanet.ma:443 "GET /petit-electromenager/preparation-culinaire/robot-de-cuisine HTTP/1.1" 200 40101
2022-02-17 12:18:25,907:DEBUG:Starting new HTTPS connection (1): www.electroplanet.ma:443
2022-02-17 12:18:32,407:DEBUG:https://www.electroplanet.ma:443 "GET /p2548297-taurus-robot-multifonction-ultima.html HTTP/1.1" 200 36933
2022-02-17 12:18:39,712:DEBUG:Starting new HTTPS connection (1): www.electroplanet.ma:443
2022-02-17 12:18:46,041:DEBUG:https://www.electroplanet.ma:443 "GET /p2449587-bosch-mcm3201b.html HTTP/1.1" 200 36644
2022-02-17 12:18:51,414:DEBUG:Starting new HTTPS connection (1): www.electroplanet.ma:443
2022-02-17 12:18:53,332:DEBUG:https://www.electroplanet.ma:443 "GET /p2816470-moulinex-fp825e10.html HTTP/1.1" 200 36648
2022-02-17 12:18:57,763:DEBUG:Starting new HTTPS connection (1): www.electroplanet.ma:443
2022-02-17 12:18:59,578:DEBUG:https://www.electroplanet.ma:443 "GET /p2548100-moulinex-companion-xl-hf80c800.html HTTP/1.1" 200 36748
2022-02-17 12:19:04,971:DEBUG:Starting new HTTPS connection (1): www.electroplanet.ma:443
2022-02-17 12:19:07,081:DEBUG:https://www.electroplanet.ma:443 "GET /p2102671-bosch-mcm3201b-mkm6003.html HTTP/1.1" 200 36639
2022-02-17 12:19:12,471:DEBUG:Starting new HTTPS connection (1): www.electroplanet.ma:443
2022-02-17 12:19:15,516:DEBUG:https://www.electroplanet.ma:443 "GET /p2468606-bosch-mum57860.html HTTP/1.1" 200 36146
2022-02-17 12:19:21,966:DEBUG:Starting new HTTPS connection (1): www.electroplanet.ma:443
2022-02-17 12:19:25,756:DEBUG:https://www.electroplanet.ma:443 "GET /p2466468-bosch-mcm3501m.html HTTP/1.1" 200 36707
2022-02-17 12:19:32,177:DEBUG:Starting new HTTPS connection (1): www.electroplanet.ma:443
2022-02-17 12:19:33,645:DEBUG:https://www.electroplanet.ma:443 "GET /p1958283-kenwood-fdp301.html HTTP/1.1" 200 36591
2022-02-17 12:19:40,016:DEBUG:Starting new HTTPS connection (1): www.electroplanet.ma:443
2022-02-17 12:19:41,972:DEBUG:https://www.electroplanet.ma:443 "GET /p964039-kenwood-fp190.html HTTP/1.1" 200 36660
2022-02-17 12:19:46,337:DEBUG:Starting new HTTPS connection (1): www.electroplanet.ma:443
2022-02-17 12:19:48,534:DEBUG:https://www.electroplanet.ma:443 "GET /p744424-bosch-mcm42024.html HTTP/1.1" 200 37635
2022-02-17 12:19:52,942:DEBUG:Starting new HTTPS connection (1): www.electroplanet.ma:443
2022-02-17 12:19:54,636:DEBUG:https://www.electroplanet.ma:443 "GET /p1853051-moulinex-fp824h10.html HTTP/1.1" 200 37247
2022-02-17 12:20:01,918:DEBUG:Starting new HTTPS connection (1): www.electroplanet.ma:443
2022-02-17 12:20:03,843:DEBUG:https://www.electroplanet.ma:443 "GET /p968641-bosch-mcm68840.html HTTP/1.1" 200 37097
2022-02-17 12:20:10,151:DEBUG:Starting new HTTPS connection (1): www.electroplanet.ma:443
2022-02-17 12:20:12,051:DEBUG:https://www.electroplanet.ma:443 "GET /p1330404-taurus-robot-miltifonction.html HTTP/1.1" 200 36735
2022-02-17 12:20:16,409:DEBUG:Starting new HTTPS connection (1): www.electroplanet.ma:443
2022-02-17 12:20:18,284:DEBUG:https://www.electroplanet.ma:443 "GET /p2582807-magimix-robot-18214f-orange.html HTTP/1.1" 200 36323
2022-02-17 12:20:22,612:DEBUG:Starting new HTTPS connection (1): www.electroplanet.ma:443
2022-02-17 12:20:24,533:DEBUG:https://www.electroplanet.ma:443 "GET /p2582806-magimix-robot-18213f-rouge.html HTTP/1.1" 200 36241
2022-02-17 12:20:31,200:DEBUG:Starting new HTTPS connection (1): www.electroplanet.ma:443
2022-02-17 12:20:33,048:DEBUG:https://www.electroplanet.ma:443 "GET /p2582809-magimix-robot-18219f-aubergine.html HTTP/1.1" 200 36329
2022-02-17 12:20:39,447:DEBUG:Starting new HTTPS connection (1): www.electroplanet.ma:443
2022-02-17 12:20:41,135:DEBUG:https://www.electroplanet.ma:443 "GET /p2582810-magimix-18220f-chrome.html HTTP/1.1" 200 36286
2022-02-17 12:20:47,513:DEBUG:Starting new HTTPS connection (1): www.electroplanet.ma:443
2022-02-17 12:20:49,256:DEBUG:https://www.electroplanet.ma:443 "GET /p2582814-magimix-18566f-bleu.html HTTP/1.1" 200 36246
2022-02-17 12:20:54,690:DEBUG:Starting new HTTPS connection (1): www.electroplanet.ma:443
2022-02-17 12:20:56,741:DEBUG:https://www.electroplanet.ma:443 "GET /p2582815-magimix-18569f-framboise.html HTTP/1.1" 200 36276
2022-02-17 12:21:01,203:DEBUG:Starting new HTTPS connection (1): www.electroplanet.ma:443
2022-02-17 12:21:03,153:DEBUG:https://www.electroplanet.ma:443 "GET /p2582812-magimix-18222f-framboise.html HTTP/1.1" 200 36264
2022-02-17 12:21:10,473:DEBUG:Starting new HTTPS connection (1): www.electroplanet.ma:443
2022-02-17 12:21:12,351:DEBUG:https://www.electroplanet.ma:443 "GET /p2582813-magimix-robot-18331f-blanc.html HTTP/1.1" 200 36311
2022-02-17 12:21:18,681:DEBUG:Starting new HTTPS connection (1): www.electroplanet.ma:443
2022-02-17 12:21:20,659:DEBUG:https://www.electroplanet.ma:443 "GET /p1216856-braun-fx3030.html HTTP/1.1" 200 35892
2022-02-17 12:21:25,971:DEBUG:Starting new HTTPS connection (1): www.electroplanet.ma:443
2022-02-17 12:21:27,936:DEBUG:https://www.electroplanet.ma:443 "GET /p1371808-braun-fp5150.html HTTP/1.1" 200 37430
2022-02-17 12:21:34,259:DEBUG:Starting new HTTPS connection (1): www.electroplanet.ma:443
2022-02-17 12:21:38,303:DEBUG:https://www.electroplanet.ma:443 "GET /p745182-magimix-mini-robot-18217f.html HTTP/1.1" 200 36031
2022-02-17 12:21:50,583:DEBUG:Starting new HTTPS connection (1): www.electroplanet.ma:443
2022-02-17 12:21:51,061:DEBUG:https://www.electroplanet.ma:443 "GET /petit-electromenager/preparation-culinaire/sorbetiere HTTP/1.1" 200 34983
2022-02-17 12:21:51,506:DEBUG:Starting new HTTPS connection (1): www.electroplanet.ma:443
2022-02-17 12:21:58,028:DEBUG:https://www.electroplanet.ma:443 "GET /p2005437-beper-sorbetiere-70-254.html HTTP/1.1" 200 36391
2022-02-17 12:22:03,409:DEBUG:Starting new HTTPS connection (1): www.electroplanet.ma:443
2022-02-17 12:22:07,135:DEBUG:https://www.electroplanet.ma:443 "GET /p809327-magimix-11662.html HTTP/1.1" 200 35869
2022-02-17 12:22:13,475:DEBUG:Starting new HTTPS connection (1): www.electroplanet.ma:443
2022-02-17 12:22:19,766:DEBUG:https://www.electroplanet.ma:443 "GET /p264455-krups-gvs141.html HTTP/1.1" 200 36517
2022-02-17 12:22:33,134:DEBUG:Starting new HTTPS connection (1): www.electroplanet.ma:443
2022-02-17 12:22:33,549:DEBUG:https://www.electroplanet.ma:443 "GET /petit-electromenager/preparation-culinaire/yaourtiere HTTP/1.1" 200 34600
2022-02-17 12:22:33,863:DEBUG:Starting new HTTPS connection (1): www.electroplanet.ma:443
2022-02-17 12:22:39,218:DEBUG:https://www.electroplanet.ma:443 "GET /p2825908-severin-jg-3518.html HTTP/1.1" 200 36488
2022-02-17 12:22:46,465:DEBUG:Starting new HTTPS connection (1): www.electroplanet.ma:443
2022-02-17 12:22:53,436:DEBUG:https://www.electroplanet.ma:443 "GET /p2450777-ariete-yogurella-626.html HTTP/1.1" 200 36453
2022-02-17 12:23:03,754:DEBUG:Starting new HTTPS connection (1): www.electroplanet.ma:443
2022-02-17 12:23:04,288:DEBUG:https://www.electroplanet.ma:443 "GET /petit-electromenager/petit-dejeuner/bouilloire HTTP/1.1" 200 42170
2022-02-17 12:23:04,930:DEBUG:Starting new HTTPS connection (1): www.electroplanet.ma:443
2022-02-17 12:23:11,867:DEBUG:https://www.electroplanet.ma:443 "GET /p2828421-arzum-ar3048.html HTTP/1.1" 200 36370
2022-02-17 12:23:18,261:DEBUG:Starting new HTTPS connection (1): www.electroplanet.ma:443
2022-02-17 12:23:22,156:DEBUG:https://www.electroplanet.ma:443 "GET /p2824506-ufesa-ha7616.html HTTP/1.1" 200 36508
2022-02-17 12:23:26,442:DEBUG:Starting new HTTPS connection (1): www.electroplanet.ma:443
2022-02-17 12:23:33,171:DEBUG:https://www.electroplanet.ma:443 "GET /p2824889-aeg-ewa7700.html HTTP/1.1" 200 36537
2022-02-17 12:23:40,506:DEBUG:Starting new HTTPS connection (1): www.electroplanet.ma:443
2022-02-17 12:23:47,149:DEBUG:https://www.electroplanet.ma:443 "GET /p2824890-aeg-k7-1-6bp.html HTTP/1.1" 200 36582
2022-02-17 12:23:54,461:DEBUG:Starting new HTTPS connection (1): www.electroplanet.ma:443
2022-02-17 12:24:00,215:DEBUG:https://www.electroplanet.ma:443 "GET /p2549790-sencor-swk-1711ss.html HTTP/1.1" 200 36585
2022-02-17 12:24:06,542:DEBUG:Starting new HTTPS connection (1): www.electroplanet.ma:443
2022-02-17 12:24:11,556:DEBUG:https://www.electroplanet.ma:443 "GET /p2818414-severin-wk-3416.html HTTP/1.1" 200 36552
2022-02-17 12:24:17,862:DEBUG:Starting new HTTPS connection (1): www.electroplanet.ma:443
2022-02-17 12:24:25,643:DEBUG:https://www.electroplanet.ma:443 "GET /p2594208-taurus-sunny.html HTTP/1.1" 200 36499
2022-02-17 12:24:30,962:DEBUG:Starting new HTTPS connection (1): www.electroplanet.ma:443
2022-02-17 12:24:39,150:DEBUG:https://www.electroplanet.ma:443 "GET /p2549791-sencor-swk-1799ss.html HTTP/1.1" 200 36632
2022-02-17 12:24:43,493:DEBUG:Starting new HTTPS connection (1): www.electroplanet.ma:443
2022-02-17 12:24:51,200:DEBUG:https://www.electroplanet.ma:443 "GET /p2549789-sencor-swk-1785bk.html HTTP/1.1" 200 36628
2022-02-17 12:24:57,613:DEBUG:Starting new HTTPS connection (1): www.electroplanet.ma:443
2022-02-17 12:25:06,861:DEBUG:https://www.electroplanet.ma:443 "GET /p2576777-sencor-swk2090bk.html HTTP/1.1" 200 36694
2022-02-17 12:25:12,300:DEBUG:Starting new HTTPS connection (1): www.electroplanet.ma:443
2022-02-17 12:25:16,729:DEBUG:https://www.electroplanet.ma:443 "GET /p2092090-bosch-twk3a014.html HTTP/1.1" 200 36404
2022-02-17 12:25:22,085:DEBUG:Starting new HTTPS connection (1): www.electroplanet.ma:443
2022-02-17 12:25:27,330:DEBUG:https://www.electroplanet.ma:443 "GET /p2548096-tefal-ki820d.html HTTP/1.1" 200 35171
2022-02-17 12:25:32,610:DEBUG:Starting new HTTPS connection (1): www.electroplanet.ma:443
2022-02-17 12:25:35,632:DEBUG:https://www.electroplanet.ma:443 "GET /p2464330-elexia-elx-kt-910.html HTTP/1.1" 200 36173
2022-02-17 12:25:42,940:DEBUG:Starting new HTTPS connection (1): www.electroplanet.ma:443
2022-02-17 12:25:45,560:DEBUG:https://www.electroplanet.ma:443 "GET /p2464332-elexia-elx-kt-912.html HTTP/1.1" 200 36149
2022-02-17 12:25:50,853:DEBUG:Starting new HTTPS connection (1): www.electroplanet.ma:443
2022-02-17 12:25:53,169:DEBUG:https://www.electroplanet.ma:443 "GET /p2453860-moulinex-by320a.html HTTP/1.1" 200 36490
2022-02-17 12:25:57,408:DEBUG:Starting new HTTPS connection (1): www.electroplanet.ma:443
2022-02-17 12:26:00,556:DEBUG:https://www.electroplanet.ma:443 "GET /p2150920-solac-riviera-compact.html HTTP/1.1" 200 36485
2022-02-17 12:26:05,839:DEBUG:Starting new HTTPS connection (1): www.electroplanet.ma:443
2022-02-17 12:26:07,585:DEBUG:https://www.electroplanet.ma:443 "GET /p2095645-taurus-luna-1l.html HTTP/1.1" 200 36536
2022-02-17 12:26:11,879:DEBUG:Starting new HTTPS connection (1): www.electroplanet.ma:443
2022-02-17 12:26:14,230:DEBUG:https://www.electroplanet.ma:443 "GET /p2095728-bosch-twk3a011-blanc.html HTTP/1.1" 200 36488
2022-02-17 12:26:18,575:DEBUG:Starting new HTTPS connection (1): www.electroplanet.ma:443
2022-02-17 12:26:20,793:DEBUG:https://www.electroplanet.ma:443 "GET /p1862297-bosch-twk7203.html HTTP/1.1" 200 36656
2022-02-17 12:26:25,071:DEBUG:Starting new HTTPS connection (1): www.electroplanet.ma:443
2022-02-17 12:26:26,828:DEBUG:https://www.electroplanet.ma:443 "GET /p2091691-taurus-bouilloire-siena-taurus.html HTTP/1.1" 200 36580
2022-02-17 12:26:33,123:DEBUG:Starting new HTTPS connection (1): www.electroplanet.ma:443
2022-02-17 12:26:35,371:DEBUG:https://www.electroplanet.ma:443 "GET /p2005424-siera-ks17135.html HTTP/1.1" 200 36172
2022-02-17 12:26:41,679:DEBUG:Starting new HTTPS connection (1): www.electroplanet.ma:443
2022-02-17 12:26:46,121:DEBUG:https://www.electroplanet.ma:443 "GET /p1962906-tefal-ko2608.html HTTP/1.1" 200 36480
2022-02-17 12:26:51,555:DEBUG:Starting new HTTPS connection (1): www.electroplanet.ma:443
2022-02-17 12:26:54,029:DEBUG:https://www.electroplanet.ma:443 "GET /p1361488-bosch-twk6a014.html HTTP/1.1" 200 37240
2022-02-17 12:26:59,313:DEBUG:Starting new HTTPS connection (1): www.electroplanet.ma:443
2022-02-17 12:27:01,384:DEBUG:https://www.electroplanet.ma:443 "GET /p1263448-taurus-aroa.html HTTP/1.1" 200 36543
2022-02-17 12:27:07,731:DEBUG:Starting new HTTPS connection (1): www.electroplanet.ma:443
2022-02-17 12:27:10,149:DEBUG:https://www.electroplanet.ma:443 "GET /p703879-braun-bouilloire-wk-300.html HTTP/1.1" 200 36567
2022-02-17 12:27:16,487:DEBUG:Starting new HTTPS connection (1): www.electroplanet.ma:443
2022-02-17 12:27:18,686:DEBUG:https://www.electroplanet.ma:443 "GET /p1317723-tefal-ki150d.html HTTP/1.1" 200 36616
2022-02-17 12:27:25,956:DEBUG:Starting new HTTPS connection (1): www.electroplanet.ma:443
2022-02-17 12:27:27,861:DEBUG:https://www.electroplanet.ma:443 "GET /p1362744-bosch-twk6a013.html HTTP/1.1" 200 37412
2022-02-17 12:27:35,134:DEBUG:Starting new HTTPS connection (1): www.electroplanet.ma:443
2022-02-17 12:27:37,090:DEBUG:https://www.electroplanet.ma:443 "GET /p1360946-bosch-twk6a813.html HTTP/1.1" 200 37234
2022-02-17 12:27:44,370:DEBUG:Starting new HTTPS connection (1): www.electroplanet.ma:443
2022-02-17 12:27:46,512:DEBUG:https://www.electroplanet.ma:443 "GET /p1880296-elexia-elx-kt-710.html HTTP/1.1" 200 35985
2022-02-17 12:27:52,798:DEBUG:Starting new HTTPS connection (1): www.electroplanet.ma:443
2022-02-17 12:27:54,792:DEBUG:https://www.electroplanet.ma:443 "GET /p1880295-elexia-elx-kt-720.html HTTP/1.1" 200 36392
2022-02-17 12:28:02,126:DEBUG:Starting new HTTPS connection (1): www.electroplanet.ma:443
2022-02-17 12:28:04,118:DEBUG:https://www.electroplanet.ma:443 "GET /p790838-taurus-bouilloire-aroa.html HTTP/1.1" 200 36417
2022-02-17 12:28:08,400:DEBUG:Starting new HTTPS connection (1): www.electroplanet.ma:443
2022-02-17 12:28:10,811:DEBUG:https://www.electroplanet.ma:443 "GET /p1205296-imperial-hy-202s.html HTTP/1.1" 200 36380
2022-02-17 12:28:15,050:DEBUG:Starting new HTTPS connection (1): www.electroplanet.ma:443
2022-02-17 12:28:17,244:DEBUG:https://www.electroplanet.ma:443 "GET /p780208-taurus-selene.html HTTP/1.1" 200 37227
2022-02-17 12:28:22,535:DEBUG:Starting new HTTPS connection (1): www.electroplanet.ma:443
2022-02-17 12:28:24,593:DEBUG:https://www.electroplanet.ma:443 "GET /p2450671-ariete-vintage-2877.html HTTP/1.1" 200 36322
2022-02-17 12:28:29,858:DEBUG:Starting new HTTPS connection (1): www.electroplanet.ma:443
2022-02-17 12:28:32,005:DEBUG:https://www.electroplanet.ma:443 "GET /p1206941-krups-bw442d10.html HTTP/1.1" 200 36747
2022-02-17 12:28:37,281:DEBUG:Starting new HTTPS connection (1): www.electroplanet.ma:443
2022-02-17 12:28:39,038:DEBUG:https://www.electroplanet.ma:443 "GET /p532996-moulinex-by3010.html HTTP/1.1" 200 36075
2022-02-17 12:28:44,346:DEBUG:Starting new HTTPS connection (1): www.electroplanet.ma:443
2022-02-17 12:28:46,044:DEBUG:https://www.electroplanet.ma:443 "GET /p2464331-elexia-elx-kt-911.html HTTP/1.1" 200 36023
2022-02-17 12:28:53,376:DEBUG:Starting new HTTPS connection (1): www.electroplanet.ma:443
2022-02-17 12:28:55,544:DEBUG:https://www.electroplanet.ma:443 "GET /p2455772-ariete-2664-classica.html HTTP/1.1" 200 36276
2022-02-17 12:28:59,825:DEBUG:Starting new HTTPS connection (1): www.electroplanet.ma:443
2022-02-17 12:29:02,374:DEBUG:https://www.electroplanet.ma:443 "GET /p2455773-ariete-2864-classica.html HTTP/1.1" 200 36276
2022-02-17 12:29:08,655:DEBUG:Starting new HTTPS connection (1): www.electroplanet.ma:443
2022-02-17 12:29:10,562:DEBUG:https://www.electroplanet.ma:443 "GET /p2450670-ariete-vintage-2877.html HTTP/1.1" 200 36301
2022-02-17 12:29:19,800:DEBUG:Starting new HTTPS connection (1): www.electroplanet.ma:443
2022-02-17 12:29:20,303:DEBUG:https://www.electroplanet.ma:443 "GET /petit-electromenager/petit-dejeuner/centrifugeuse HTTP/1.1" 200 36363
2022-02-17 12:29:20,590:DEBUG:Starting new HTTPS connection (1): www.electroplanet.ma:443
2022-02-17 12:29:22,438:DEBUG:https://www.electroplanet.ma:443 "GET /p2824503-ufesa-lc5750.html HTTP/1.1" 200 36498
2022-02-17 12:29:26,703:DEBUG:Starting new HTTPS connection (1): www.electroplanet.ma:443
2022-02-17 12:29:29,322:DEBUG:https://www.electroplanet.ma:443 "GET /p2549787-sencor-sje-1056rd.html HTTP/1.1" 200 36559
2022-02-17 12:29:34,621:DEBUG:Starting new HTTPS connection (1): www.electroplanet.ma:443
2022-02-17 12:29:37,488:DEBUG:https://www.electroplanet.ma:443 "GET /p2457104-ariete-173-2.html HTTP/1.1" 200 36172
2022-02-17 12:29:44,709:DEBUG:Starting new HTTPS connection (1): www.electroplanet.ma:443
2022-02-17 12:29:46,759:DEBUG:https://www.electroplanet.ma:443 "GET /p2103844-moulinex-ju550d.html HTTP/1.1" 200 36519
2022-02-17 12:29:52,030:DEBUG:Starting new HTTPS connection (1): www.electroplanet.ma:443
2022-02-17 12:29:53,681:DEBUG:https://www.electroplanet.ma:443 "GET /p2090749-taurus-centrifugeuse-liqua-juice.html HTTP/1.1" 200 36568
2022-02-17 12:29:57,953:DEBUG:Starting new HTTPS connection (1): www.electroplanet.ma:443
2022-02-17 12:30:01,053:DEBUG:https://www.electroplanet.ma:443 "GET /p1065636-bosch-mes4000.html HTTP/1.1" 200 37300
2022-02-17 12:30:05,342:DEBUG:Starting new HTTPS connection (1): www.electroplanet.ma:443
2022-02-17 12:30:07,092:DEBUG:https://www.electroplanet.ma:443 "GET /p1255617-taurus-liquajuice.html HTTP/1.1" 200 36505
2022-02-17 12:30:13,371:DEBUG:Starting new HTTPS connection (1): www.electroplanet.ma:443
2022-02-17 12:30:15,801:DEBUG:https://www.electroplanet.ma:443 "GET /p968640-bosch-mes3500.html HTTP/1.1" 200 36522
2022-02-17 12:30:20,202:DEBUG:Starting new HTTPS connection (1): www.electroplanet.ma:443
2022-02-17 12:30:22,134:DEBUG:https://www.electroplanet.ma:443 "GET /p696341-targus-liquafruits.html HTTP/1.1" 200 37150
2022-02-17 12:30:27,410:DEBUG:Starting new HTTPS connection (1): www.electroplanet.ma:443
2022-02-17 12:30:29,114:DEBUG:https://www.electroplanet.ma:443 "GET /p1266923-kenwood-je720.html HTTP/1.1" 200 36641
2022-02-17 12:30:35,398:DEBUG:Starting new HTTPS connection (1): www.electroplanet.ma:443
2022-02-17 12:30:37,303:DEBUG:https://www.electroplanet.ma:443 "GET /p1354141-kenwood-je680.html HTTP/1.1" 200 36876
2022-02-17 12:30:44,581:DEBUG:Starting new HTTPS connection (1): www.electroplanet.ma:443
2022-02-17 12:30:46,221:DEBUG:https://www.electroplanet.ma:443 "GET /p755677-moulinex-ju450g.html HTTP/1.1" 200 36079
2022-02-17 12:30:52,491:DEBUG:Starting new HTTPS connection (1): www.electroplanet.ma:443
2022-02-17 12:30:54,296:DEBUG:https://www.electroplanet.ma:443 "GET /p755676-moulinex-ju350g.html HTTP/1.1" 200 37259
2022-02-17 12:31:06,561:DEBUG:Starting new HTTPS connection (1): www.electroplanet.ma:443
2022-02-17 12:31:06,959:DEBUG:https://www.electroplanet.ma:443 "GET /petit-electromenager/petit-dejeuner/extracteur-de-jus HTTP/1.1" 200 36281
2022-02-17 12:31:07,328:DEBUG:Starting new HTTPS connection (1): www.electroplanet.ma:443
2022-02-17 12:31:09,647:DEBUG:https://www.electroplanet.ma:443 "GET /p2818417-severin-es3571.html HTTP/1.1" 200 36531
2022-02-17 12:31:13,991:DEBUG:Starting new HTTPS connection (1): www.electroplanet.ma:443
2022-02-17 12:31:16,420:DEBUG:https://www.electroplanet.ma:443 "GET /p2576782-sencor-ssj4070sl.html HTTP/1.1" 200 36622
2022-02-17 12:31:21,685:DEBUG:Starting new HTTPS connection (1): www.electroplanet.ma:443
2022-02-17 12:31:23,511:DEBUG:https://www.electroplanet.ma:443 "GET /p2580383-kenwood-jmp400wh.html HTTP/1.1" 200 36485
2022-02-17 12:31:29,787:DEBUG:Starting new HTTPS connection (1): www.electroplanet.ma:443
2022-02-17 12:31:32,129:DEBUG:https://www.electroplanet.ma:443 "GET /p2524782-taurus-liquajuice.html HTTP/1.1" 200 36455
2022-02-17 12:31:38,460:DEBUG:Starting new HTTPS connection (1): www.electroplanet.ma:443
2022-02-17 12:31:41,752:DEBUG:https://www.electroplanet.ma:443 "GET /p2540840-kenwood-extracteur-de-jus-jmp800si.html HTTP/1.1" 200 36587
2022-02-17 12:31:47,060:DEBUG:Starting new HTTPS connection (1): www.electroplanet.ma:443
2022-02-17 12:31:50,640:DEBUG:https://www.electroplanet.ma:443 "GET /p2540803-moulinex-zu550a-metal.html HTTP/1.1" 200 36483
2022-02-17 12:31:54,918:DEBUG:Starting new HTTPS connection (1): www.electroplanet.ma:443
2022-02-17 12:31:56,863:DEBUG:https://www.electroplanet.ma:443 "GET /p1862296-bosch-mesm731m.html HTTP/1.1" 200 37297
2022-02-17 12:32:02,182:DEBUG:Starting new HTTPS connection (1): www.electroplanet.ma:443
2022-02-17 12:32:04,227:DEBUG:https://www.electroplanet.ma:443 "GET /p806804-simeo-pj550.html HTTP/1.1" 200 36696
2022-02-17 12:32:10,671:DEBUG:Starting new HTTPS connection (1): www.electroplanet.ma:443
2022-02-17 12:32:12,637:DEBUG:https://www.electroplanet.ma:443 "GET /p1353052-moulinex-zu255b10.html HTTP/1.1" 200 36548
2022-02-17 12:32:18,920:DEBUG:Starting new HTTPS connection (1): www.electroplanet.ma:443
2022-02-17 12:32:21,239:DEBUG:https://www.electroplanet.ma:443 "GET /p807450-moulinex-zu5008-zu500a.html HTTP/1.1" 200 36940
2022-02-17 12:32:29,079:DEBUG:Starting new HTTPS connection (1): www.electroplanet.ma:443
2022-02-17 12:32:31,405:DEBUG:https://www.electroplanet.ma:443 "GET /p1024715-kitchenaid-5kvj0111eca.html HTTP/1.1" 200 36291
2022-02-17 12:32:42,746:DEBUG:Starting new HTTPS connection (1): www.electroplanet.ma:443
2022-02-17 12:32:43,183:DEBUG:https://www.electroplanet.ma:443 "GET /petit-electromenager/petit-dejeuner/grill-pain-toaster HTTP/1.1" 200 38572
2022-02-17 12:32:43,586:DEBUG:Starting new HTTPS connection (1): www.electroplanet.ma:443
2022-02-17 12:32:45,394:DEBUG:https://www.electroplanet.ma:443 "GET /p2842952-taurus-toast-mytoast-ii.html HTTP/1.1" 200 36791
2022-02-17 12:32:50,812:DEBUG:Starting new HTTPS connection (1): www.electroplanet.ma:443
2022-02-17 12:32:55,719:DEBUG:https://www.electroplanet.ma:443 "GET /p2821420-kitchenaid-5kmt5115eob-2-tranches.html HTTP/1.1" 200 36743
2022-02-17 12:33:02,088:DEBUG:Starting new HTTPS connection (1): www.electroplanet.ma:443
2022-02-17 12:33:04,359:DEBUG:https://www.electroplanet.ma:443 "GET /p2824891-aeg-k7-1-6bp.html HTTP/1.1" 200 36675
2022-02-17 12:33:09,757:DEBUG:Starting new HTTPS connection (1): www.electroplanet.ma:443
2022-02-17 12:33:11,895:DEBUG:https://www.electroplanet.ma:443 "GET /p2824508-ufesa-tt7965.html HTTP/1.1" 200 36580
2022-02-17 12:33:16,189:DEBUG:Starting new HTTPS connection (1): www.electroplanet.ma:443
2022-02-17 12:33:17,980:DEBUG:https://www.electroplanet.ma:443 "GET /p2824509-ufesa-tt7920.html HTTP/1.1" 200 36655
2022-02-17 12:33:25,258:DEBUG:Starting new HTTPS connection (1): www.electroplanet.ma:443
2022-02-17 12:33:27,091:DEBUG:https://www.electroplanet.ma:443 "GET /p2549794-sencor-sts-2607bk.html HTTP/1.1" 200 36845
2022-02-17 12:33:32,368:DEBUG:Starting new HTTPS connection (1): www.electroplanet.ma:443
2022-02-17 12:33:34,680:DEBUG:https://www.electroplanet.ma:443 "GET /p2549795-sencor-sts-2651.html HTTP/1.1" 200 36585
2022-02-17 12:33:39,074:DEBUG:Starting new HTTPS connection (1): www.electroplanet.ma:443
2022-02-17 12:33:40,892:DEBUG:https://www.electroplanet.ma:443 "GET /p2576785-sencor-sts5070ss.html HTTP/1.1" 200 36765
2022-02-17 12:33:45,180:DEBUG:Starting new HTTPS connection (1): www.electroplanet.ma:443
2022-02-17 12:33:47,058:DEBUG:https://www.electroplanet.ma:443 "GET /p2548097-tefal-tl330d.html HTTP/1.1" 200 36615
2022-02-17 12:33:54,326:DEBUG:Starting new HTTPS connection (1): www.electroplanet.ma:443
2022-02-17 12:33:57,178:DEBUG:https://www.electroplanet.ma:443 "GET /p2468608-bosch-tat6a113.html HTTP/1.1" 200 36762
2022-02-17 12:34:03,447:DEBUG:Starting new HTTPS connection (1): www.electroplanet.ma:443
2022-02-17 12:34:05,067:DEBUG:https://www.electroplanet.ma:443 "GET /p2457357-ariete-vintage-155-beige.html HTTP/1.1" 200 36407
2022-02-17 12:34:12,348:DEBUG:Starting new HTTPS connection (1): www.electroplanet.ma:443
2022-02-17 12:34:14,175:DEBUG:https://www.electroplanet.ma:443 "GET /p2457356-ariete-vintage-155-bleu.html HTTP/1.1" 200 36788
2022-02-17 12:34:21,443:DEBUG:Starting new HTTPS connection (1): www.electroplanet.ma:443
2022-02-17 12:34:23,385:DEBUG:https://www.electroplanet.ma:443 "GET /p2455341-tefal-tl430811.html HTTP/1.1" 200 36699
2022-02-17 12:34:30,736:DEBUG:Starting new HTTPS connection (1): www.electroplanet.ma:443
2022-02-17 12:34:32,432:DEBUG:https://www.electroplanet.ma:443 "GET /p2455776-ariete-158-classica.html HTTP/1.1" 200 36244
2022-02-17 12:34:40,048:DEBUG:Starting new HTTPS connection (1): www.electroplanet.ma:443
2022-02-17 12:34:42,539:DEBUG:https://www.electroplanet.ma:443 "GET /p2455777-ariete-158-classica.html HTTP/1.1" 200 36243
2022-02-17 12:34:48,026:DEBUG:Starting new HTTPS connection (1): www.electroplanet.ma:443
2022-02-17 12:34:50,065:DEBUG:https://www.electroplanet.ma:443 "GET /p2074678-taurus-duplo-legend.html HTTP/1.1" 200 36614
2022-02-17 12:34:54,417:DEBUG:Starting new HTTPS connection (1): www.electroplanet.ma:443
2022-02-17 12:34:56,675:DEBUG:https://www.electroplanet.ma:443 "GET /p2074679-taurus-mytoast-ii-legend.html HTTP/1.1" 200 36804
2022-02-17 12:35:04,085:DEBUG:Starting new HTTPS connection (1): www.electroplanet.ma:443
2022-02-17 12:35:05,883:DEBUG:https://www.electroplanet.ma:443 "GET /p1206942-krups-kh442d10.html HTTP/1.1" 200 36226
2022-02-17 12:35:11,225:DEBUG:Starting new HTTPS connection (1): www.electroplanet.ma:443
2022-02-17 12:35:12,850:DEBUG:https://www.electroplanet.ma:443 "GET /p1361489-bosch-tat6a004.html HTTP/1.1" 200 36936
2022-02-17 12:35:18,199:DEBUG:Starting new HTTPS connection (1): www.electroplanet.ma:443
2022-02-17 12:35:21,567:DEBUG:https://www.electroplanet.ma:443 "GET /p1362747-bosch-tat6a803.html HTTP/1.1" 200 37168
2022-02-17 12:35:28,921:DEBUG:Starting new HTTPS connection (1): www.electroplanet.ma:443
2022-02-17 12:35:31,123:DEBUG:https://www.electroplanet.ma:443 "GET /p1362745-bosch-tat6a913.html HTTP/1.1" 200 37189
2022-02-17 12:35:38,462:DEBUG:Starting new HTTPS connection (1): www.electroplanet.ma:443
2022-02-17 12:35:40,096:DEBUG:https://www.electroplanet.ma:443 "GET /p1362746-bosch-tat6a114.html HTTP/1.1" 200 37088
2022-02-17 12:35:46,370:DEBUG:Starting new HTTPS connection (1): www.electroplanet.ma:443
2022-02-17 12:35:49,826:DEBUG:https://www.electroplanet.ma:443 "GET /p2466355-kitchenaid-5kmt4205eca.html HTTP/1.1" 200 36365
2022-02-17 12:35:54,178:DEBUG:Starting new HTTPS connection (1): www.electroplanet.ma:443
2022-02-17 12:35:55,867:DEBUG:https://www.electroplanet.ma:443 "GET /p1036839-taurus-planet-ii.html HTTP/1.1" 200 36276
2022-02-17 12:36:05,199:DEBUG:Starting new HTTPS connection (1): www.electroplanet.ma:443
2022-02-17 12:36:05,595:DEBUG:https://www.electroplanet.ma:443 "GET /petit-electromenager/petit-dejeuner/presse-agrume HTTP/1.1" 200 38392
2022-02-17 12:36:06,019:DEBUG:Starting new HTTPS connection (1): www.electroplanet.ma:443
2022-02-17 12:36:07,733:DEBUG:https://www.electroplanet.ma:443 "GET /p2843042-siera-yc-30.html HTTP/1.1" 200 36460
2022-02-17 12:36:14,113:DEBUG:Starting new HTTPS connection (1): www.electroplanet.ma:443
2022-02-17 12:36:16,443:DEBUG:https://www.electroplanet.ma:443 "GET /p2828679-kenwood-je280a-inox.html HTTP/1.1" 200 36383
2022-02-17 12:36:23,713:DEBUG:Starting new HTTPS connection (1): www.electroplanet.ma:443
2022-02-17 12:36:25,760:DEBUG:https://www.electroplanet.ma:443 "GET /p2818416-severin-cp3534.html HTTP/1.1" 200 36395
2022-02-17 12:36:33,047:DEBUG:Starting new HTTPS connection (1): www.electroplanet.ma:443
2022-02-17 12:36:36,005:DEBUG:https://www.electroplanet.ma:443 "GET /p2818415-severin-cp3535.html HTTP/1.1" 200 36388
2022-02-17 12:36:43,332:DEBUG:Starting new HTTPS connection (1): www.electroplanet.ma:443
2022-02-17 12:36:45,515:DEBUG:https://www.electroplanet.ma:443 "GET /p2520162-elexia-elx-ju-910.html HTTP/1.1" 200 36069
2022-02-17 12:36:50,840:DEBUG:Starting new HTTPS connection (1): www.electroplanet.ma:443
2022-02-17 12:36:54,346:DEBUG:https://www.electroplanet.ma:443 "GET /p2548313-taurus-zest-citrus.html HTTP/1.1" 200 36571
2022-02-17 12:36:59,653:DEBUG:Starting new HTTPS connection (1): www.electroplanet.ma:443
2022-02-17 12:37:01,699:DEBUG:https://www.electroplanet.ma:443 "GET /p2548314-solac-fresh-citro.html HTTP/1.1" 200 36480
2022-02-17 12:37:07,169:DEBUG:Starting new HTTPS connection (1): www.electroplanet.ma:443
2022-02-17 12:37:08,970:DEBUG:https://www.electroplanet.ma:443 "GET /p819941-braun-cj-3000.html HTTP/1.1" 200 36192
2022-02-17 12:37:14,363:DEBUG:Starting new HTTPS connection (1): www.electroplanet.ma:443
2022-02-17 12:38:18,233:DEBUG:Starting new HTTPS connection (1): www.electroplanet.ma:443
2022-02-17 12:38:18,759:DEBUG:https://www.electroplanet.ma:443 "GET /petit-electromenager/petit-dejeuner/set-petit-dejeuner HTTP/1.1" 200 36310
2022-02-17 12:38:19,422:DEBUG:Starting new HTTPS connection (1): www.electroplanet.ma:443
2022-02-17 12:38:21,172:DEBUG:https://www.electroplanet.ma:443 "GET /p2842973-krups-xp3208-krups-mug-to-go-k3121014.html HTTP/1.1" 200 36057
2022-02-17 12:38:26,560:DEBUG:Starting new HTTPS connection (1): www.electroplanet.ma:443
2022-02-17 12:38:28,232:DEBUG:https://www.electroplanet.ma:443 "GET /p2585966-moulinex-cafetiere-fg1218-uno.html HTTP/1.1" 200 36408
2022-02-17 12:38:33,732:DEBUG:Starting new HTTPS connection (1): www.electroplanet.ma:443
2022-02-17 12:38:35,639:DEBUG:https://www.electroplanet.ma:443 "GET /p2475150-bosch-tka6a043-twk6a013-tat6a003-tat6a113.html HTTP/1.1" 200 36682
2022-02-17 12:38:48,818:DEBUG:Starting new HTTPS connection (1): www.electroplanet.ma:443
2022-02-17 12:38:49,223:DEBUG:https://www.electroplanet.ma:443 "GET /petit-electromenager/accessoires/accessoires-petit-dejeuner HTTP/1.1" 200 32879
2022-02-17 12:38:49,553:DEBUG:Starting new HTTPS connection (1): www.electroplanet.ma:443
2022-02-17 12:38:51,064:DEBUG:https://www.electroplanet.ma:443 "GET /p1356888-w-pro-cld250.html HTTP/1.1" 200 34768
2022-02-17 12:39:02,603:DEBUG:Starting new HTTPS connection (1): www.electroplanet.ma:443
2022-02-17 12:39:02,989:DEBUG:https://www.electroplanet.ma:443 "GET /petit-electromenager/accessoires/accessoires-petit-dejeuner HTTP/1.1" 200 32879
2022-02-17 12:39:03,457:DEBUG:Starting new HTTPS connection (1): www.electroplanet.ma:443
2022-02-17 12:39:05,194:DEBUG:https://www.electroplanet.ma:443 "GET /p1356888-w-pro-cld250.html HTTP/1.1" 200 34769
2022-02-17 12:39:16,446:DEBUG:Starting new HTTPS connection (1): www.electroplanet.ma:443
2022-02-17 12:39:17,766:DEBUG:https://www.electroplanet.ma:443 "GET /petit-electromenager/cafetiere-et-expresso/cafetiere-classique HTTP/1.1" 200 35921
2022-02-17 12:39:18,017:DEBUG:Starting new HTTPS connection (1): www.electroplanet.ma:443
2022-02-17 12:39:21,513:DEBUG:https://www.electroplanet.ma:443 "GET /p2824507-ufesa-cg7236.html HTTP/1.1" 200 35809
2022-02-17 12:39:32,685:DEBUG:Starting new HTTPS connection (1): www.electroplanet.ma:443
2022-02-17 12:39:33,174:DEBUG:https://www.electroplanet.ma:443 "GET /petit-electromenager/cafetiere-et-expresso/expresso-a-capsule HTTP/1.1" 200 36988
2022-02-17 12:39:33,347:DEBUG:Starting new HTTPS connection (1): www.electroplanet.ma:443
2022-02-17 12:39:35,645:DEBUG:https://www.electroplanet.ma:443 "GET /p2913813-nespresso-pixie-d61-eu-dr-ne.html HTTP/1.1" 200 36184
2022-02-17 12:39:48,857:DEBUG:Starting new HTTPS connection (1): www.electroplanet.ma:443
2022-02-17 12:39:49,264:DEBUG:https://www.electroplanet.ma:443 "GET /petit-electromenager/cafetiere-et-expresso/expresso-avec-broyeur-a-cafe HTTP/1.1" 200 36707
2022-02-17 12:39:49,431:DEBUG:Starting new HTTPS connection (1): www.electroplanet.ma:443
2022-02-17 12:39:50,790:DEBUG:https://www.electroplanet.ma:443 "GET /p2832314-delonghi-ecam650-55-ms-primadonna-19bar.html HTTP/1.1" 200 35969
2022-02-17 12:40:01,951:DEBUG:Starting new HTTPS connection (1): www.electroplanet.ma:443
2022-02-17 12:40:02,413:DEBUG:https://www.electroplanet.ma:443 "GET /petit-electromenager/cafetiere-et-expresso/machine-a-cafe-pression HTTP/1.1" 200 39032
2022-02-17 12:40:02,701:DEBUG:Starting new HTTPS connection (1): www.electroplanet.ma:443
2022-02-17 12:40:04,594:DEBUG:https://www.electroplanet.ma:443 "GET /p2843235-delonghi-dedica-ec685.html HTTP/1.1" 200 35973
2022-02-17 13:05:03,988:DEBUG:Starting new HTTPS connection (1): www.electroplanet.ma:443
2022-02-17 13:05:04,387:DEBUG:https://www.electroplanet.ma:443 "GET /petit-electromenager/preparation-culinaire/batteur HTTP/1.1" 200 38796
2022-02-17 13:05:04,568:DEBUG:Starting new HTTPS connection (1): www.electroplanet.ma:443
2022-02-17 13:05:06,419:DEBUG:https://www.electroplanet.ma:443 "GET /p2828328-moulinex-hm450b.html HTTP/1.1" 200 36440
